<?xml version="1.0" encoding="UTF-8"?>
<testsuites name="typeOfBackGround" time="105.699" tests="2" failures="0" errors="2">
   <testsuite name="typeOfBackGround" tests="2" failures="0" errors="2" time="105.699" timestamp="2021-01-12 05:57:37" hostname="Lenovo - DESKTOP-H3LAPEO" id="Test Suites/typeOfBackGround">
      <properties>
         <property name="deviceName" value=""/>
         <property name="devicePlatform" value=""/>
         <property name="logFolder" value="E:\\Modist Project\\ModistProject\\Reports\\20210112_053457\\typeOfBackGround\\20210112_053510"/>
         <property name="logFiles" value="E:\\Modist Project\\ModistProject\\Reports\\20210112_053457\\typeOfBackGround\\20210112_053510\\execution0.log"/>
         <property name="attachments" value="E:\\Modist Project\\ModistProject\\Reports\\20210112_053457\\typeOfBackGround\\20210112_053510\\1610449121995.png, E:\\Modist Project\\ModistProject\\Reports\\20210112_053457\\typeOfBackGround\\20210112_053510\\1610449161625.png"/>
         <property name="hostName" value="Lenovo - DESKTOP-H3LAPEO"/>
         <property name="os" value="Windows 10 64bit"/>
         <property name="katalonVersion" value="7.7.0.205"/>
         <property name="browser" value="Chrome 87.0.4280.141"/>
         <property name="hostAddress" value="192.168.43.128"/>
         <property name="sessionId" value="042d119ff77873a7fc3121d9d9c59658"/>
         <property name="seleniumVersion" value="3.141.59"/>
         <property name="proxyInformation" value="ProxyInformation { proxyOption=NO_PROXY, proxyServerType=HTTP, username=, password=********, proxyServerAddress=, proxyServerPort=0, executionList=&quot;&quot;, isApplyToDesiredCapabilities=true }"/>
         <property name="platform" value="Windows 10"/>
      </properties>
      <testcase name="Test Cases/JourneyPortal/verifyFixedBackGroundInJourneyPortal" time="42.401" classname="Test Cases/JourneyPortal/verifyFixedBackGroundInJourneyPortal" status="ERROR">
         <error type="ERROR" message="Test Cases/JourneyPortal/verifyFixedBackGroundInJourneyPortal FAILED.
Reason:
java.lang.IllegalArgumentException: bound must be positive
	at java_util_Random$nextInt.call(Unknown Source)
	at pages.Journey.getRandomJourneyName(Journey.groovy:113)
	at pages.Journey.invokeMethod(Journey.groovy)
	at com.kms.katalon.core.main.CustomKeywordDelegatingMetaClass.invokeStaticMethod(CustomKeywordDelegatingMetaClass.java:50)
	at verifyFixedBackGroundInJourneyPortal.run(verifyFixedBackGroundInJourneyPortal:20)
	at com.kms.katalon.core.main.ScriptEngine.run(ScriptEngine.java:194)
	at com.kms.katalon.core.main.ScriptEngine.runScriptAsRawText(ScriptEngine.java:119)
	at com.kms.katalon.core.main.TestCaseExecutor.runScript(TestCaseExecutor.java:339)
	at com.kms.katalon.core.main.TestCaseExecutor.doExecute(TestCaseExecutor.java:330)
	at com.kms.katalon.core.main.TestCaseExecutor.processExecutionPhase(TestCaseExecutor.java:309)
	at com.kms.katalon.core.main.TestCaseExecutor.accessMainPhase(TestCaseExecutor.java:301)
	at com.kms.katalon.core.main.TestCaseExecutor.execute(TestCaseExecutor.java:235)
	at com.kms.katalon.core.main.TestSuiteExecutor.accessTestCaseMainPhase(TestSuiteExecutor.java:191)
	at com.kms.katalon.core.main.TestSuiteExecutor.accessTestSuiteMainPhase(TestSuiteExecutor.java:141)
	at com.kms.katalon.core.main.TestSuiteExecutor.execute(TestSuiteExecutor.java:90)
	at com.kms.katalon.core.main.TestCaseMain.startTestSuite(TestCaseMain.java:157)
	at com.kms.katalon.core.main.TestCaseMain$startTestSuite$0.call(Unknown Source)
	at TempTestSuite1610447710230.run(TempTestSuite1610447710230.groovy:39)
"/>
         <system-out><![CDATA[2021-01-12 05:57:59 - [TEST_CASE][ERROR] - Test Cases/JourneyPortal/verifyFixedBackGroundInJourneyPortal: Test Cases/JourneyPortal/verifyFixedBackGroundInJourneyPortal FAILED.
Reason:
java.lang.IllegalArgumentException: bound must be positive
	at java_util_Random$nextInt.call(Unknown Source)
	at pages.Journey.getRandomJourneyName(Journey.groovy:113)
	at pages.Journey.invokeMethod(Journey.groovy)
	at com.kms.katalon.core.main.CustomKeywordDelegatingMetaClass.invokeStaticMethod(CustomKeywordDelegatingMetaClass.java:50)
	at verifyFixedBackGroundInJourneyPortal.run(verifyFixedBackGroundInJourneyPortal:20)
	at com.kms.katalon.core.main.ScriptEngine.run(ScriptEngine.java:194)
	at com.kms.katalon.core.main.ScriptEngine.runScriptAsRawText(ScriptEngine.java:119)
	at com.kms.katalon.core.main.TestCaseExecutor.runScript(TestCaseExecutor.java:339)
	at com.kms.katalon.core.main.TestCaseExecutor.doExecute(TestCaseExecutor.java:330)
	at com.kms.katalon.core.main.TestCaseExecutor.processExecutionPhase(TestCaseExecutor.java:309)
	at com.kms.katalon.core.main.TestCaseExecutor.accessMainPhase(TestCaseExecutor.java:301)
	at com.kms.katalon.core.main.TestCaseExecutor.execute(TestCaseExecutor.java:235)
	at com.kms.katalon.core.main.TestSuiteExecutor.accessTestCaseMainPhase(TestSuiteExecutor.java:191)
	at com.kms.katalon.core.main.TestSuiteExecutor.accessTestSuiteMainPhase(TestSuiteExecutor.java:141)
	at com.kms.katalon.core.main.TestSuiteExecutor.execute(TestSuiteExecutor.java:90)
	at com.kms.katalon.core.main.TestCaseMain.startTestSuite(TestCaseMain.java:157)
	at com.kms.katalon.core.main.TestCaseMain$startTestSuite$0.call(Unknown Source)
	at TempTestSuite1610447710230.run(TempTestSuite1610447710230.groovy:39)


2021-01-12 05:58:00 - [TEST_STEP][PASSED] - pages.Journey.clickOnJourneyTab(): pages.Journey.clickOnJourneyTab is PASSED

2021-01-12 05:58:02 - [MESSAGE][PASSED] - Object 'Object Repository/Journey/Journeytab' is present

2021-01-12 05:58:02 - [MESSAGE][PASSED] - Object 'Object Repository/Journey/Journeytab' is visible

2021-01-12 05:58:03 - [MESSAGE][PASSED] - Object 'Object Repository/Journey/Journeytab' is clickable

2021-01-12 05:58:04 - [MESSAGE][PASSED] - Object: 'Object Repository/Journey/Journeytab' is clicked on

2021-01-12 05:58:04 - [MESSAGE][PASSED] - pages.Journey.clickOnJourneyTab is PASSED

2021-01-12 05:58:04 - [TEST_STEP][ERROR] - journeyName = pages.Journey.getRandomJourneyName(): bound must be positive

2021-01-12 05:58:35 - [MESSAGE][INFO] - Unable to find the element located by 'By.xpath: //div[@class='sc-jrsJCI ivRwdr rdt_TableRow']'. Please recheck the objects properties to make sure the desired element is located. 

2021-01-12 05:58:35 - [MESSAGE][WARNING] - Object 'Object Repository/Journey/toGetJourneysCount' is not present after 30 second(s)

2021-01-12 05:58:41 - [MESSAGE][INFO] - Unable to find the element located by 'By.xpath: //div[@class='sc-jrsJCI ivRwdr rdt_TableRow']'. Please recheck the objects properties to make sure the desired element is located. 

2021-01-12 05:58:42 - [MESSAGE][WARNING] - com.kms.katalon.core.webui.exception.WebElementNotFoundException: Web element with id: 'Object Repository/Journey/toGetJourneysCount' located by '//div[@class='sc-jrsJCI ivRwdr rdt_TableRow']' not found (Root cause: com.kms.katalon.core.exception.StepFailedException: com.kms.katalon.core.webui.exception.WebElementNotFoundException: Web element with id: 'Object Repository/Journey/toGetJourneysCount' located by '//div[@class='sc-jrsJCI ivRwdr rdt_TableRow']' not found
	at com.kms.katalon.core.webui.keyword.internal.WebUIKeywordMain.stepFailed(WebUIKeywordMain.groovy:64)
	at com.kms.katalon.core.webui.keyword.builtin.VerifyElementPresentKeyword$_verifyElementPresent_closure1.doCall(VerifyElementPresentKeyword.groovy:85)
	at com.kms.katalon.core.webui.keyword.builtin.VerifyElementPresentKeyword$_verifyElementPresent_closure1.call(VerifyElementPresentKeyword.groovy)
	at com.kms.katalon.core.webui.keyword.internal.WebUIKeywordMain.runKeyword(WebUIKeywordMain.groovy:20)
	at com.kms.katalon.core.webui.keyword.builtin.VerifyElementPresentKeyword.verifyElementPresent(VerifyElementPresentKeyword.groovy:92)
	at com.kms.katalon.core.webui.keyword.builtin.VerifyElementPresentKeyword.execute(VerifyElementPresentKeyword.groovy:68)
	at com.kms.katalon.core.keyword.internal.KeywordExecutor.executeKeywordForPlatform(KeywordExecutor.groovy:73)
	at com.kms.katalon.core.webui.keyword.WebUiBuiltInKeywords.verifyElementPresent(WebUiBuiltInKeywords.groovy:1445)
	at com.kms.katalon.core.webui.keyword.WebUiBuiltInKeywords$verifyElementPresent$8.call(Unknown Source)
	at webAction.WebAction.getElementCount(WebAction.groovy:47)
	at webAction.WebAction.getElementCount(WebAction.groovy)
	at webAction.WebAction$getElementCount$3.call(Unknown Source)
	at pages.Journey.getRandomJourneyName(Journey.groovy:111)
	at pages.Journey.invokeMethod(Journey.groovy)
	at com.kms.katalon.core.main.CustomKeywordDelegatingMetaClass.invokeStaticMethod(CustomKeywordDelegatingMetaClass.java:50)
	at verifyFixedBackGroundInJourneyPortal.run(verifyFixedBackGroundInJourneyPortal:20)
	at com.kms.katalon.core.main.ScriptEngine.run(ScriptEngine.java:194)
	at com.kms.katalon.core.main.ScriptEngine.runScriptAsRawText(ScriptEngine.java:119)
	at com.kms.katalon.core.main.TestCaseExecutor.runScript(TestCaseExecutor.java:339)
	at com.kms.katalon.core.main.TestCaseExecutor.doExecute(TestCaseExecutor.java:330)
	at com.kms.katalon.core.main.TestCaseExecutor.processExecutionPhase(TestCaseExecutor.java:309)
	at com.kms.katalon.core.main.TestCaseExecutor.accessMainPhase(TestCaseExecutor.java:301)
	at com.kms.katalon.core.main.TestCaseExecutor.execute(TestCaseExecutor.java:235)
	at com.kms.katalon.core.main.TestSuiteExecutor.accessTestCaseMainPhase(TestSuiteExecutor.java:191)
	at com.kms.katalon.core.main.TestSuiteExecutor.accessTestSuiteMainPhase(TestSuiteExecutor.java:141)
	at com.kms.katalon.core.main.TestSuiteExecutor.execute(TestSuiteExecutor.java:90)
	at com.kms.katalon.core.main.TestCaseMain.startTestSuite(TestCaseMain.java:157)
	at com.kms.katalon.core.main.TestCaseMain$startTestSuite$0.call(Unknown Source)
	at TempTestSuite1610447710230.run(TempTestSuite1610447710230.groovy:39)
)
[[ATTACHMENT|E:\\Modist Project\\ModistProject\\Reports\\20210112_053457\\typeOfBackGround\\20210112_053510\\1610449121995.png]]

2021-01-12 05:58:42 - [MESSAGE][ERROR] - bound must be positive]]></system-out>
         <system-err><![CDATA[2021-01-12 05:57:59 - [TEST_CASE][ERROR] - Test Cases/JourneyPortal/verifyFixedBackGroundInJourneyPortal: Test Cases/JourneyPortal/verifyFixedBackGroundInJourneyPortal FAILED.
Reason:
java.lang.IllegalArgumentException: bound must be positive
	at java_util_Random$nextInt.call(Unknown Source)
	at pages.Journey.getRandomJourneyName(Journey.groovy:113)
	at pages.Journey.invokeMethod(Journey.groovy)
	at com.kms.katalon.core.main.CustomKeywordDelegatingMetaClass.invokeStaticMethod(CustomKeywordDelegatingMetaClass.java:50)
	at verifyFixedBackGroundInJourneyPortal.run(verifyFixedBackGroundInJourneyPortal:20)
	at com.kms.katalon.core.main.ScriptEngine.run(ScriptEngine.java:194)
	at com.kms.katalon.core.main.ScriptEngine.runScriptAsRawText(ScriptEngine.java:119)
	at com.kms.katalon.core.main.TestCaseExecutor.runScript(TestCaseExecutor.java:339)
	at com.kms.katalon.core.main.TestCaseExecutor.doExecute(TestCaseExecutor.java:330)
	at com.kms.katalon.core.main.TestCaseExecutor.processExecutionPhase(TestCaseExecutor.java:309)
	at com.kms.katalon.core.main.TestCaseExecutor.accessMainPhase(TestCaseExecutor.java:301)
	at com.kms.katalon.core.main.TestCaseExecutor.execute(TestCaseExecutor.java:235)
	at com.kms.katalon.core.main.TestSuiteExecutor.accessTestCaseMainPhase(TestSuiteExecutor.java:191)
	at com.kms.katalon.core.main.TestSuiteExecutor.accessTestSuiteMainPhase(TestSuiteExecutor.java:141)
	at com.kms.katalon.core.main.TestSuiteExecutor.execute(TestSuiteExecutor.java:90)
	at com.kms.katalon.core.main.TestCaseMain.startTestSuite(TestCaseMain.java:157)
	at com.kms.katalon.core.main.TestCaseMain$startTestSuite$0.call(Unknown Source)
	at TempTestSuite1610447710230.run(TempTestSuite1610447710230.groovy:39)]]></system-err>
      </testcase>
      <testcase name="Test Cases/JourneyPortal/verifyScrollingBackGroundInJourneyPortal" time="39.751" classname="Test Cases/JourneyPortal/verifyScrollingBackGroundInJourneyPortal" status="ERROR">
         <error type="ERROR" message="Test Cases/JourneyPortal/verifyScrollingBackGroundInJourneyPortal FAILED.
Reason:
java.lang.IllegalArgumentException: bound must be positive
	at java_util_Random$nextInt.call(Unknown Source)
	at pages.Journey.getRandomJourneyName(Journey.groovy:113)
	at pages.Journey.invokeMethod(Journey.groovy)
	at com.kms.katalon.core.main.CustomKeywordDelegatingMetaClass.invokeStaticMethod(CustomKeywordDelegatingMetaClass.java:50)
	at verifyScrollingBackGroundInJourneyPortal.run(verifyScrollingBackGroundInJourneyPortal:20)
	at com.kms.katalon.core.main.ScriptEngine.run(ScriptEngine.java:194)
	at com.kms.katalon.core.main.ScriptEngine.runScriptAsRawText(ScriptEngine.java:119)
	at com.kms.katalon.core.main.TestCaseExecutor.runScript(TestCaseExecutor.java:339)
	at com.kms.katalon.core.main.TestCaseExecutor.doExecute(TestCaseExecutor.java:330)
	at com.kms.katalon.core.main.TestCaseExecutor.processExecutionPhase(TestCaseExecutor.java:309)
	at com.kms.katalon.core.main.TestCaseExecutor.accessMainPhase(TestCaseExecutor.java:301)
	at com.kms.katalon.core.main.TestCaseExecutor.execute(TestCaseExecutor.java:235)
	at com.kms.katalon.core.main.TestSuiteExecutor.accessTestCaseMainPhase(TestSuiteExecutor.java:191)
	at com.kms.katalon.core.main.TestSuiteExecutor.accessTestSuiteMainPhase(TestSuiteExecutor.java:141)
	at com.kms.katalon.core.main.TestSuiteExecutor.execute(TestSuiteExecutor.java:90)
	at com.kms.katalon.core.main.TestCaseMain.startTestSuite(TestCaseMain.java:157)
	at com.kms.katalon.core.main.TestCaseMain$startTestSuite$0.call(Unknown Source)
	at TempTestSuite1610447710230.run(TempTestSuite1610447710230.groovy:39)
"/>
         <system-out><![CDATA[2021-01-12 05:58:42 - [TEST_CASE][ERROR] - Test Cases/JourneyPortal/verifyScrollingBackGroundInJourneyPortal: Test Cases/JourneyPortal/verifyScrollingBackGroundInJourneyPortal FAILED.
Reason:
java.lang.IllegalArgumentException: bound must be positive
	at java_util_Random$nextInt.call(Unknown Source)
	at pages.Journey.getRandomJourneyName(Journey.groovy:113)
	at pages.Journey.invokeMethod(Journey.groovy)
	at com.kms.katalon.core.main.CustomKeywordDelegatingMetaClass.invokeStaticMethod(CustomKeywordDelegatingMetaClass.java:50)
	at verifyScrollingBackGroundInJourneyPortal.run(verifyScrollingBackGroundInJourneyPortal:20)
	at com.kms.katalon.core.main.ScriptEngine.run(ScriptEngine.java:194)
	at com.kms.katalon.core.main.ScriptEngine.runScriptAsRawText(ScriptEngine.java:119)
	at com.kms.katalon.core.main.TestCaseExecutor.runScript(TestCaseExecutor.java:339)
	at com.kms.katalon.core.main.TestCaseExecutor.doExecute(TestCaseExecutor.java:330)
	at com.kms.katalon.core.main.TestCaseExecutor.processExecutionPhase(TestCaseExecutor.java:309)
	at com.kms.katalon.core.main.TestCaseExecutor.accessMainPhase(TestCaseExecutor.java:301)
	at com.kms.katalon.core.main.TestCaseExecutor.execute(TestCaseExecutor.java:235)
	at com.kms.katalon.core.main.TestSuiteExecutor.accessTestCaseMainPhase(TestSuiteExecutor.java:191)
	at com.kms.katalon.core.main.TestSuiteExecutor.accessTestSuiteMainPhase(TestSuiteExecutor.java:141)
	at com.kms.katalon.core.main.TestSuiteExecutor.execute(TestSuiteExecutor.java:90)
	at com.kms.katalon.core.main.TestCaseMain.startTestSuite(TestCaseMain.java:157)
	at com.kms.katalon.core.main.TestCaseMain$startTestSuite$0.call(Unknown Source)
	at TempTestSuite1610447710230.run(TempTestSuite1610447710230.groovy:39)


2021-01-12 05:58:42 - [TEST_STEP][PASSED] - pages.Journey.clickOnJourneyTab(): pages.Journey.clickOnJourneyTab is PASSED

2021-01-12 05:58:42 - [MESSAGE][PASSED] - Object 'Object Repository/Journey/Journeytab' is present

2021-01-12 05:58:43 - [MESSAGE][PASSED] - Object 'Object Repository/Journey/Journeytab' is visible

2021-01-12 05:58:43 - [MESSAGE][PASSED] - Object 'Object Repository/Journey/Journeytab' is clickable

2021-01-12 05:58:44 - [MESSAGE][PASSED] - Object: 'Object Repository/Journey/Journeytab' is clicked on

2021-01-12 05:58:44 - [MESSAGE][PASSED] - pages.Journey.clickOnJourneyTab is PASSED

2021-01-12 05:58:44 - [TEST_STEP][ERROR] - journeyName = pages.Journey.getRandomJourneyName(): bound must be positive

2021-01-12 05:59:15 - [MESSAGE][INFO] - Unable to find the element located by 'By.xpath: //div[@class='sc-jrsJCI ivRwdr rdt_TableRow']'. Please recheck the objects properties to make sure the desired element is located. 

2021-01-12 05:59:15 - [MESSAGE][WARNING] - Object 'Object Repository/Journey/toGetJourneysCount' is not present after 30 second(s)

2021-01-12 05:59:21 - [MESSAGE][INFO] - Unable to find the element located by 'By.xpath: //div[@class='sc-jrsJCI ivRwdr rdt_TableRow']'. Please recheck the objects properties to make sure the desired element is located. 

2021-01-12 05:59:22 - [MESSAGE][WARNING] - com.kms.katalon.core.webui.exception.WebElementNotFoundException: Web element with id: 'Object Repository/Journey/toGetJourneysCount' located by '//div[@class='sc-jrsJCI ivRwdr rdt_TableRow']' not found (Root cause: com.kms.katalon.core.exception.StepFailedException: com.kms.katalon.core.webui.exception.WebElementNotFoundException: Web element with id: 'Object Repository/Journey/toGetJourneysCount' located by '//div[@class='sc-jrsJCI ivRwdr rdt_TableRow']' not found
	at com.kms.katalon.core.webui.keyword.internal.WebUIKeywordMain.stepFailed(WebUIKeywordMain.groovy:64)
	at com.kms.katalon.core.webui.keyword.builtin.VerifyElementPresentKeyword$_verifyElementPresent_closure1.doCall(VerifyElementPresentKeyword.groovy:85)
	at com.kms.katalon.core.webui.keyword.builtin.VerifyElementPresentKeyword$_verifyElementPresent_closure1.call(VerifyElementPresentKeyword.groovy)
	at com.kms.katalon.core.webui.keyword.internal.WebUIKeywordMain.runKeyword(WebUIKeywordMain.groovy:20)
	at com.kms.katalon.core.webui.keyword.builtin.VerifyElementPresentKeyword.verifyElementPresent(VerifyElementPresentKeyword.groovy:92)
	at com.kms.katalon.core.webui.keyword.builtin.VerifyElementPresentKeyword.execute(VerifyElementPresentKeyword.groovy:68)
	at com.kms.katalon.core.keyword.internal.KeywordExecutor.executeKeywordForPlatform(KeywordExecutor.groovy:73)
	at com.kms.katalon.core.webui.keyword.WebUiBuiltInKeywords.verifyElementPresent(WebUiBuiltInKeywords.groovy:1445)
	at com.kms.katalon.core.webui.keyword.WebUiBuiltInKeywords$verifyElementPresent$8.call(Unknown Source)
	at webAction.WebAction.getElementCount(WebAction.groovy:47)
	at webAction.WebAction.getElementCount(WebAction.groovy)
	at webAction.WebAction$getElementCount$3.call(Unknown Source)
	at pages.Journey.getRandomJourneyName(Journey.groovy:111)
	at pages.Journey.invokeMethod(Journey.groovy)
	at com.kms.katalon.core.main.CustomKeywordDelegatingMetaClass.invokeStaticMethod(CustomKeywordDelegatingMetaClass.java:50)
	at verifyScrollingBackGroundInJourneyPortal.run(verifyScrollingBackGroundInJourneyPortal:20)
	at com.kms.katalon.core.main.ScriptEngine.run(ScriptEngine.java:194)
	at com.kms.katalon.core.main.ScriptEngine.runScriptAsRawText(ScriptEngine.java:119)
	at com.kms.katalon.core.main.TestCaseExecutor.runScript(TestCaseExecutor.java:339)
	at com.kms.katalon.core.main.TestCaseExecutor.doExecute(TestCaseExecutor.java:330)
	at com.kms.katalon.core.main.TestCaseExecutor.processExecutionPhase(TestCaseExecutor.java:309)
	at com.kms.katalon.core.main.TestCaseExecutor.accessMainPhase(TestCaseExecutor.java:301)
	at com.kms.katalon.core.main.TestCaseExecutor.execute(TestCaseExecutor.java:235)
	at com.kms.katalon.core.main.TestSuiteExecutor.accessTestCaseMainPhase(TestSuiteExecutor.java:191)
	at com.kms.katalon.core.main.TestSuiteExecutor.accessTestSuiteMainPhase(TestSuiteExecutor.java:141)
	at com.kms.katalon.core.main.TestSuiteExecutor.execute(TestSuiteExecutor.java:90)
	at com.kms.katalon.core.main.TestCaseMain.startTestSuite(TestCaseMain.java:157)
	at com.kms.katalon.core.main.TestCaseMain$startTestSuite$0.call(Unknown Source)
	at TempTestSuite1610447710230.run(TempTestSuite1610447710230.groovy:39)
)
[[ATTACHMENT|E:\\Modist Project\\ModistProject\\Reports\\20210112_053457\\typeOfBackGround\\20210112_053510\\1610449161625.png]]

2021-01-12 05:59:22 - [MESSAGE][ERROR] - bound must be positive]]></system-out>
         <system-err><![CDATA[2021-01-12 05:58:42 - [TEST_CASE][ERROR] - Test Cases/JourneyPortal/verifyScrollingBackGroundInJourneyPortal: Test Cases/JourneyPortal/verifyScrollingBackGroundInJourneyPortal FAILED.
Reason:
java.lang.IllegalArgumentException: bound must be positive
	at java_util_Random$nextInt.call(Unknown Source)
	at pages.Journey.getRandomJourneyName(Journey.groovy:113)
	at pages.Journey.invokeMethod(Journey.groovy)
	at com.kms.katalon.core.main.CustomKeywordDelegatingMetaClass.invokeStaticMethod(CustomKeywordDelegatingMetaClass.java:50)
	at verifyScrollingBackGroundInJourneyPortal.run(verifyScrollingBackGroundInJourneyPortal:20)
	at com.kms.katalon.core.main.ScriptEngine.run(ScriptEngine.java:194)
	at com.kms.katalon.core.main.ScriptEngine.runScriptAsRawText(ScriptEngine.java:119)
	at com.kms.katalon.core.main.TestCaseExecutor.runScript(TestCaseExecutor.java:339)
	at com.kms.katalon.core.main.TestCaseExecutor.doExecute(TestCaseExecutor.java:330)
	at com.kms.katalon.core.main.TestCaseExecutor.processExecutionPhase(TestCaseExecutor.java:309)
	at com.kms.katalon.core.main.TestCaseExecutor.accessMainPhase(TestCaseExecutor.java:301)
	at com.kms.katalon.core.main.TestCaseExecutor.execute(TestCaseExecutor.java:235)
	at com.kms.katalon.core.main.TestSuiteExecutor.accessTestCaseMainPhase(TestSuiteExecutor.java:191)
	at com.kms.katalon.core.main.TestSuiteExecutor.accessTestSuiteMainPhase(TestSuiteExecutor.java:141)
	at com.kms.katalon.core.main.TestSuiteExecutor.execute(TestSuiteExecutor.java:90)
	at com.kms.katalon.core.main.TestCaseMain.startTestSuite(TestCaseMain.java:157)
	at com.kms.katalon.core.main.TestCaseMain$startTestSuite$0.call(Unknown Source)
	at TempTestSuite1610447710230.run(TempTestSuite1610447710230.groovy:39)]]></system-err>
      </testcase>
      <system-out><![CDATA[2021-01-12 05:57:37 - [TEST_SUITE][ERROR] - typeOfBackGround: Test Cases/JourneyPortal/verifyFixedBackGroundInJourneyPortal FAILED.
Reason:
java.lang.IllegalArgumentException: bound must be positive
	at java_util_Random$nextInt.call(Unknown Source)
	at pages.Journey.getRandomJourneyName(Journey.groovy:113)
	at pages.Journey.invokeMethod(Journey.groovy)
	at com.kms.katalon.core.main.CustomKeywordDelegatingMetaClass.invokeStaticMethod(CustomKeywordDelegatingMetaClass.java:50)
	at verifyFixedBackGroundInJourneyPortal.run(verifyFixedBackGroundInJourneyPortal:20)
	at com.kms.katalon.core.main.ScriptEngine.run(ScriptEngine.java:194)
	at com.kms.katalon.core.main.ScriptEngine.runScriptAsRawText(ScriptEngine.java:119)
	at com.kms.katalon.core.main.TestCaseExecutor.runScript(TestCaseExecutor.java:339)
	at com.kms.katalon.core.main.TestCaseExecutor.doExecute(TestCaseExecutor.java:330)
	at com.kms.katalon.core.main.TestCaseExecutor.processExecutionPhase(TestCaseExecutor.java:309)
	at com.kms.katalon.core.main.TestCaseExecutor.accessMainPhase(TestCaseExecutor.java:301)
	at com.kms.katalon.core.main.TestCaseExecutor.execute(TestCaseExecutor.java:235)
	at com.kms.katalon.core.main.TestSuiteExecutor.accessTestCaseMainPhase(TestSuiteExecutor.java:191)
	at com.kms.katalon.core.main.TestSuiteExecutor.accessTestSuiteMainPhase(TestSuiteExecutor.java:141)
	at com.kms.katalon.core.main.TestSuiteExecutor.execute(TestSuiteExecutor.java:90)
	at com.kms.katalon.core.main.TestCaseMain.startTestSuite(TestCaseMain.java:157)
	at com.kms.katalon.core.main.TestCaseMain$startTestSuite$0.call(Unknown Source)
	at TempTestSuite1610447710230.run(TempTestSuite1610447710230.groovy:39)]]></system-out>
      <system-err><![CDATA[2021-01-12 05:57:37 - [TEST_SUITE][ERROR] - typeOfBackGround: Test Cases/JourneyPortal/verifyFixedBackGroundInJourneyPortal FAILED.
Reason:
java.lang.IllegalArgumentException: bound must be positive
	at java_util_Random$nextInt.call(Unknown Source)
	at pages.Journey.getRandomJourneyName(Journey.groovy:113)
	at pages.Journey.invokeMethod(Journey.groovy)
	at com.kms.katalon.core.main.CustomKeywordDelegatingMetaClass.invokeStaticMethod(CustomKeywordDelegatingMetaClass.java:50)
	at verifyFixedBackGroundInJourneyPortal.run(verifyFixedBackGroundInJourneyPortal:20)
	at com.kms.katalon.core.main.ScriptEngine.run(ScriptEngine.java:194)
	at com.kms.katalon.core.main.ScriptEngine.runScriptAsRawText(ScriptEngine.java:119)
	at com.kms.katalon.core.main.TestCaseExecutor.runScript(TestCaseExecutor.java:339)
	at com.kms.katalon.core.main.TestCaseExecutor.doExecute(TestCaseExecutor.java:330)
	at com.kms.katalon.core.main.TestCaseExecutor.processExecutionPhase(TestCaseExecutor.java:309)
	at com.kms.katalon.core.main.TestCaseExecutor.accessMainPhase(TestCaseExecutor.java:301)
	at com.kms.katalon.core.main.TestCaseExecutor.execute(TestCaseExecutor.java:235)
	at com.kms.katalon.core.main.TestSuiteExecutor.accessTestCaseMainPhase(TestSuiteExecutor.java:191)
	at com.kms.katalon.core.main.TestSuiteExecutor.accessTestSuiteMainPhase(TestSuiteExecutor.java:141)
	at com.kms.katalon.core.main.TestSuiteExecutor.execute(TestSuiteExecutor.java:90)
	at com.kms.katalon.core.main.TestCaseMain.startTestSuite(TestCaseMain.java:157)
	at com.kms.katalon.core.main.TestCaseMain$startTestSuite$0.call(Unknown Source)
	at TempTestSuite1610447710230.run(TempTestSuite1610447710230.groovy:39)]]></system-err>
   </testsuite>
</testsuites>
