<?xml version="1.0" encoding="UTF-8"?>
<testsuites name="Product" time="131.086" tests="7" failures="3" errors="0">
   <testsuite name="Product" tests="7" failures="3" errors="0" time="131.086" timestamp="2021-01-12 07:15:24" hostname="Lenovo - DESKTOP-H3LAPEO" id="Test Suites/Product">
      <properties>
         <property name="deviceName" value=""/>
         <property name="devicePlatform" value=""/>
         <property name="logFolder" value="E:\\Modist Project\\ModistProject\\Reports\\20210112_070617\\Product\\20210112_070628"/>
         <property name="logFiles" value="E:\\Modist Project\\ModistProject\\Reports\\20210112_070617\\Product\\20210112_070628\\execution0.log"/>
         <property name="attachments" value="E:\\Modist Project\\ModistProject\\Reports\\20210112_070617\\Product\\20210112_070628\\1610453815307.png, E:\Modist Project\ModistProject\Reports\20210112_070617\Product\20210112_070628\1610453815946.png, E:\\Modist Project\\ModistProject\\Reports\\20210112_070617\\Product\\20210112_070628\\1610453851078.png, E:\\Modist Project\\ModistProject\\Reports\\20210112_070617\\Product\\20210112_070628\\1610453853769.png"/>
         <property name="hostName" value="Lenovo - DESKTOP-H3LAPEO"/>
         <property name="os" value="Windows 10 64bit"/>
         <property name="katalonVersion" value="7.7.0.205"/>
         <property name="browser" value="Chrome 87.0.4280.141"/>
         <property name="hostAddress" value="192.168.43.128"/>
         <property name="sessionId" value="2c03037731b6473acaf7a189a66d6c98"/>
         <property name="seleniumVersion" value="3.141.59"/>
         <property name="proxyInformation" value="ProxyInformation { proxyOption=NO_PROXY, proxyServerType=HTTP, username=, password=********, proxyServerAddress=, proxyServerPort=0, executionList=&quot;&quot;, isApplyToDesiredCapabilities=true }"/>
         <property name="platform" value="Windows 10"/>
      </properties>
      <testcase name="Test Cases/Admin/Product/addProductAndVerify" time="15.83" classname="Test Cases/Admin/Product/addProductAndVerify" status="PASSED">
         <system-out><![CDATA[2021-01-12 07:15:42 - [TEST_CASE][PASSED] - Test Cases/Admin/Product/addProductAndVerify: Test Cases/Admin/Product/addProductAndVerify

2021-01-12 07:15:42 - [TEST_STEP][PASSED] - productname = pages.Product.addProduct(): pages.Product.addProduct is PASSED

2021-01-12 07:15:44 - [MESSAGE][PASSED] - Object 'Object Repository/Product/productTab' is present

2021-01-12 07:15:44 - [MESSAGE][PASSED] - Object 'Object Repository/Product/productTab' is visible

2021-01-12 07:15:45 - [MESSAGE][PASSED] - Object 'Object Repository/Product/productTab' is clickable

2021-01-12 07:15:45 - [MESSAGE][PASSED] - Object: 'Object Repository/Product/productTab' is clicked on

2021-01-12 07:15:46 - [MESSAGE][PASSED] - Object 'Object Repository/Product/addProductButton' is present

2021-01-12 07:15:46 - [MESSAGE][PASSED] - Object 'Object Repository/Product/addProductButton' is visible

2021-01-12 07:15:46 - [MESSAGE][PASSED] - Object 'Object Repository/Product/addProductButton' is clickable

2021-01-12 07:15:47 - [MESSAGE][PASSED] - Object: 'Object Repository/Product/addProductButton' is clicked on

2021-01-12 07:15:47 - [MESSAGE][PASSED] - Object 'Object Repository/Product/productNameInput' is present

2021-01-12 07:15:47 - [MESSAGE][PASSED] - Object 'Object Repository/Product/productNameInput' is visible

2021-01-12 07:15:48 - [MESSAGE][PASSED] - Object 'Object Repository/Product/productNameInput' is clickable

2021-01-12 07:15:48 - [MESSAGE][PASSED] - Text of object 'Object Repository/Product/productNameInput' is cleared

2021-01-12 07:15:48 - [MESSAGE][PASSED] - Keys 'RandomProduct122' sent to object: 'Object Repository/Product/productNameInput'

2021-01-12 07:15:49 - [MESSAGE][PASSED] - Object 'Object Repository/Product/descriptionFieldInput' is present

2021-01-12 07:15:49 - [MESSAGE][PASSED] - Object 'Object Repository/Product/descriptionFieldInput' is visible

2021-01-12 07:15:49 - [MESSAGE][PASSED] - Object 'Object Repository/Product/descriptionFieldInput' is clickable

2021-01-12 07:15:49 - [MESSAGE][PASSED] - Text of object 'Object Repository/Product/descriptionFieldInput' is cleared

2021-01-12 07:15:50 - [MESSAGE][PASSED] - Keys 'Sample text' sent to object: 'Object Repository/Product/descriptionFieldInput'

2021-01-12 07:15:50 - [MESSAGE][PASSED] - Object 'Object Repository/Product/addproductButtonInAddProductPopUp' is present

2021-01-12 07:15:50 - [MESSAGE][PASSED] - Object 'Object Repository/Product/addproductButtonInAddProductPopUp' is visible

2021-01-12 07:15:51 - [MESSAGE][PASSED] - Object 'Object Repository/Product/addproductButtonInAddProductPopUp' is clickable

2021-01-12 07:15:51 - [MESSAGE][PASSED] - Object: 'Object Repository/Product/addproductButtonInAddProductPopUp' is clicked on

2021-01-12 07:15:51 - [MESSAGE][PASSED] - pages.Product.addProduct is PASSED

2021-01-12 07:15:51 - [TEST_STEP][PASSED] - pages.Product.verifyProductAdded(productname): pages.Product.verifyProductAdded is PASSED

2021-01-12 07:15:51 - [MESSAGE][PASSED] - Object 'Object Repository/Product/Filter by name' is present

2021-01-12 07:15:52 - [MESSAGE][PASSED] - Object 'Object Repository/Product/Filter by name' is visible

2021-01-12 07:15:52 - [MESSAGE][PASSED] - Object 'Object Repository/Product/Filter by name' is clickable

2021-01-12 07:15:52 - [MESSAGE][PASSED] - Text of object 'Object Repository/Product/Filter by name' is cleared

2021-01-12 07:15:53 - [MESSAGE][PASSED] - Keys 'RandomProduct122' sent to object: 'Object Repository/Product/Filter by name'

2021-01-12 07:15:53 - [MESSAGE][PASSED] - Wait for page load successfully

2021-01-12 07:15:58 - [MESSAGE][PASSED] - Object 'Object Repository/Product/productName(Name)' is present

2021-01-12 07:15:58 - [MESSAGE][PASSED] - pages.Product.verifyProductAdded is PASSED

2021-01-12 07:15:58 - [TEST_STEP][PASSED] - println(productname): null]]></system-out>
         <system-err><![CDATA[]]></system-err>
      </testcase>
      <testcase name="Test Cases/Admin/Product/deleteProductAndVerify" time="13.429" classname="Test Cases/Admin/Product/deleteProductAndVerify" status="PASSED">
         <system-out><![CDATA[2021-01-12 07:15:58 - [TEST_CASE][PASSED] - Test Cases/Admin/Product/deleteProductAndVerify: Test Cases/Admin/Product/deleteProductAndVerify

2021-01-12 07:15:58 - [TEST_STEP][PASSED] - productname = pages.Product.getRandomProductNmae(): pages.Product.getRandomProductNmae is PASSED

2021-01-12 07:16:00 - [MESSAGE][PASSED] - Object 'Object Repository/Product/productTab' is present

2021-01-12 07:16:00 - [MESSAGE][PASSED] - Object 'Object Repository/Product/productTab' is visible

2021-01-12 07:16:00 - [MESSAGE][PASSED] - Object 'Object Repository/Product/productTab' is clickable

2021-01-12 07:16:01 - [MESSAGE][PASSED] - Object: 'Object Repository/Product/productTab' is clicked on

2021-01-12 07:16:01 - [MESSAGE][PASSED] - Object 'Object Repository/Product/productsCount' is present

2021-01-12 07:16:01 - [MESSAGE][PASSED] - Text of object 'Object Repository/Product/randomProduct(index)' is: 'RandomProduct805'

2021-01-12 07:16:01 - [MESSAGE][PASSED] - pages.Product.getRandomProductNmae is PASSED

2021-01-12 07:16:01 - [TEST_STEP][PASSED] - pages.Product.deleteProduct(productname): pages.Product.deleteProduct is PASSED

2021-01-12 07:16:02 - [MESSAGE][PASSED] - Object 'Object Repository/Product/Filter by name' is present

2021-01-12 07:16:02 - [MESSAGE][PASSED] - Object 'Object Repository/Product/Filter by name' is visible

2021-01-12 07:16:02 - [MESSAGE][PASSED] - Object 'Object Repository/Product/Filter by name' is clickable

2021-01-12 07:16:02 - [MESSAGE][PASSED] - Text of object 'Object Repository/Product/Filter by name' is cleared

2021-01-12 07:16:03 - [MESSAGE][PASSED] - Keys 'RandomProduct805' sent to object: 'Object Repository/Product/Filter by name'

2021-01-12 07:16:03 - [MESSAGE][PASSED] - Wait for page load successfully

2021-01-12 07:16:04 - [MESSAGE][PASSED] - Object 'Object Repository/Product/productCheckBox(productName)' is present

2021-01-12 07:16:05 - [MESSAGE][PASSED] - Object 'Object Repository/Product/productCheckBox(productName)' is visible

2021-01-12 07:16:05 - [MESSAGE][PASSED] - Object 'Object Repository/Product/productCheckBox(productName)' is clickable

2021-01-12 07:16:06 - [MESSAGE][PASSED] - Object: 'Object Repository/Product/productCheckBox(productName)' is clicked on

2021-01-12 07:16:06 - [MESSAGE][PASSED] - Object 'Object Repository/Product/productDeleteButton' is present

2021-01-12 07:16:07 - [MESSAGE][PASSED] - Object 'Object Repository/Product/productDeleteButton' is visible

2021-01-12 07:16:07 - [MESSAGE][PASSED] - Object 'Object Repository/Product/productDeleteButton' is clickable

2021-01-12 07:16:07 - [MESSAGE][PASSED] - Object: 'Object Repository/Product/productDeleteButton' is clicked on

2021-01-12 07:16:07 - [MESSAGE][PASSED] - Alert accepted

2021-01-12 07:16:07 - [MESSAGE][PASSED] - pages.Product.deleteProduct is PASSED

2021-01-12 07:16:07 - [TEST_STEP][PASSED] - pages.Product.verifyProductNotPresent(productname): pages.Product.verifyProductNotPresent is PASSED

2021-01-12 07:16:09 - [MESSAGE][PASSED] - Object 'Object Repository/Product/Filter by name' is present

2021-01-12 07:16:09 - [MESSAGE][PASSED] - Object 'Object Repository/Product/Filter by name' is visible

2021-01-12 07:16:09 - [MESSAGE][PASSED] - Object 'Object Repository/Product/Filter by name' is clickable

2021-01-12 07:16:09 - [MESSAGE][PASSED] - Text of object 'Object Repository/Product/Filter by name' is cleared

2021-01-12 07:16:10 - [MESSAGE][PASSED] - Keys 'RandomProduct805' sent to object: 'Object Repository/Product/Filter by name'

2021-01-12 07:16:10 - [MESSAGE][PASSED] - Wait for page load successfully

2021-01-12 07:16:11 - [MESSAGE][PASSED] - Web element with id: 'Object Repository/Product/productName(Name)' located by 'By.xpath: //div[text()='RandomProduct805']/../..
' is not present after '30' second(s)

2021-01-12 07:16:11 - [MESSAGE][PASSED] - pages.Product.verifyProductNotPresent is PASSED]]></system-out>
         <system-err><![CDATA[]]></system-err>
      </testcase>
      <testcase name="Test Cases/Admin/Product/deleteProductFromProductEditPageAndVerify" time="44.365" classname="Test Cases/Admin/Product/deleteProductFromProductEditPageAndVerify" status="FAILED">
         <failure type="FAILED" message="Test Cases/Admin/Product/deleteProductFromProductEditPageAndVerify FAILED.
Reason:
com.kms.katalon.core.exception.StepFailedException: The product RandomProduct767 is still shown in list
	at com.kms.katalon.core.util.KeywordUtil.markFailedAndStop(KeywordUtil.java:28)
	at com.kms.katalon.core.util.KeywordUtil$markFailedAndStop.call(Unknown Source)
	at verification.Verification.verifyElementNotPresent(Verification.groovy:47)
	at verification.Verification.verifyElementNotPresent(Verification.groovy)
	at verification.Verification$verifyElementNotPresent$0.call(Unknown Source)
	at pages.Product.verifyProductNotPresent(Product.groovy:100)
	at pages.Product.invokeMethod(Product.groovy)
	at com.kms.katalon.core.main.CustomKeywordDelegatingMetaClass.invokeStaticMethod(CustomKeywordDelegatingMetaClass.java:50)
	at deleteProductFromProductEditPageAndVerify.run(deleteProductFromProductEditPageAndVerify:27)
	at com.kms.katalon.core.main.ScriptEngine.run(ScriptEngine.java:194)
	at com.kms.katalon.core.main.ScriptEngine.runScriptAsRawText(ScriptEngine.java:119)
	at com.kms.katalon.core.main.TestCaseExecutor.runScript(TestCaseExecutor.java:339)
	at com.kms.katalon.core.main.TestCaseExecutor.doExecute(TestCaseExecutor.java:330)
	at com.kms.katalon.core.main.TestCaseExecutor.processExecutionPhase(TestCaseExecutor.java:309)
	at com.kms.katalon.core.main.TestCaseExecutor.accessMainPhase(TestCaseExecutor.java:301)
	at com.kms.katalon.core.main.TestCaseExecutor.execute(TestCaseExecutor.java:235)
	at com.kms.katalon.core.main.TestSuiteExecutor.accessTestCaseMainPhase(TestSuiteExecutor.java:191)
	at com.kms.katalon.core.main.TestSuiteExecutor.accessTestSuiteMainPhase(TestSuiteExecutor.java:141)
	at com.kms.katalon.core.main.TestSuiteExecutor.execute(TestSuiteExecutor.java:90)
	at com.kms.katalon.core.main.TestCaseMain.startTestSuite(TestCaseMain.java:157)
	at com.kms.katalon.core.main.TestCaseMain$startTestSuite$0.call(Unknown Source)
	at TempTestSuite1610453188307.run(TempTestSuite1610453188307.groovy:39)
"/>
         <system-out><![CDATA[2021-01-12 07:16:11 - [TEST_CASE][FAILED] - Test Cases/Admin/Product/deleteProductFromProductEditPageAndVerify: Test Cases/Admin/Product/deleteProductFromProductEditPageAndVerify FAILED.
Reason:
com.kms.katalon.core.exception.StepFailedException: The product RandomProduct767 is still shown in list
	at com.kms.katalon.core.util.KeywordUtil.markFailedAndStop(KeywordUtil.java:28)
	at com.kms.katalon.core.util.KeywordUtil$markFailedAndStop.call(Unknown Source)
	at verification.Verification.verifyElementNotPresent(Verification.groovy:47)
	at verification.Verification.verifyElementNotPresent(Verification.groovy)
	at verification.Verification$verifyElementNotPresent$0.call(Unknown Source)
	at pages.Product.verifyProductNotPresent(Product.groovy:100)
	at pages.Product.invokeMethod(Product.groovy)
	at com.kms.katalon.core.main.CustomKeywordDelegatingMetaClass.invokeStaticMethod(CustomKeywordDelegatingMetaClass.java:50)
	at deleteProductFromProductEditPageAndVerify.run(deleteProductFromProductEditPageAndVerify:27)
	at com.kms.katalon.core.main.ScriptEngine.run(ScriptEngine.java:194)
	at com.kms.katalon.core.main.ScriptEngine.runScriptAsRawText(ScriptEngine.java:119)
	at com.kms.katalon.core.main.TestCaseExecutor.runScript(TestCaseExecutor.java:339)
	at com.kms.katalon.core.main.TestCaseExecutor.doExecute(TestCaseExecutor.java:330)
	at com.kms.katalon.core.main.TestCaseExecutor.processExecutionPhase(TestCaseExecutor.java:309)
	at com.kms.katalon.core.main.TestCaseExecutor.accessMainPhase(TestCaseExecutor.java:301)
	at com.kms.katalon.core.main.TestCaseExecutor.execute(TestCaseExecutor.java:235)
	at com.kms.katalon.core.main.TestSuiteExecutor.accessTestCaseMainPhase(TestSuiteExecutor.java:191)
	at com.kms.katalon.core.main.TestSuiteExecutor.accessTestSuiteMainPhase(TestSuiteExecutor.java:141)
	at com.kms.katalon.core.main.TestSuiteExecutor.execute(TestSuiteExecutor.java:90)
	at com.kms.katalon.core.main.TestCaseMain.startTestSuite(TestCaseMain.java:157)
	at com.kms.katalon.core.main.TestCaseMain$startTestSuite$0.call(Unknown Source)
	at TempTestSuite1610453188307.run(TempTestSuite1610453188307.groovy:39)


2021-01-12 07:16:12 - [TEST_STEP][PASSED] - productname = pages.Product.getRandomProductNmae(): pages.Product.getRandomProductNmae is PASSED

2021-01-12 07:16:12 - [MESSAGE][PASSED] - Object 'Object Repository/Product/productTab' is present

2021-01-12 07:16:12 - [MESSAGE][PASSED] - Object 'Object Repository/Product/productTab' is visible

2021-01-12 07:16:12 - [MESSAGE][PASSED] - Object 'Object Repository/Product/productTab' is clickable

2021-01-12 07:16:13 - [MESSAGE][PASSED] - Object: 'Object Repository/Product/productTab' is clicked on

2021-01-12 07:16:13 - [MESSAGE][PASSED] - Object 'Object Repository/Product/productsCount' is present

2021-01-12 07:16:14 - [MESSAGE][PASSED] - Text of object 'Object Repository/Product/randomProduct(index)' is: 'RandomProduct767'

2021-01-12 07:16:14 - [MESSAGE][PASSED] - pages.Product.getRandomProductNmae is PASSED

2021-01-12 07:16:14 - [TEST_STEP][PASSED] - pages.Product.openAnyExistingProduct(productname): pages.Product.openAnyExistingProduct is PASSED

2021-01-12 07:16:14 - [MESSAGE][PASSED] - Object 'Object Repository/Product/Filter by name' is present

2021-01-12 07:16:14 - [MESSAGE][PASSED] - Object 'Object Repository/Product/Filter by name' is visible

2021-01-12 07:16:15 - [MESSAGE][PASSED] - Object 'Object Repository/Product/Filter by name' is clickable

2021-01-12 07:16:15 - [MESSAGE][PASSED] - Text of object 'Object Repository/Product/Filter by name' is cleared

2021-01-12 07:16:15 - [MESSAGE][PASSED] - Keys 'RandomProduct767' sent to object: 'Object Repository/Product/Filter by name'

2021-01-12 07:16:15 - [MESSAGE][PASSED] - Wait for page load successfully

2021-01-12 07:16:16 - [MESSAGE][PASSED] - Scroll to object 'Object Repository/Product/productName(Name)' successfully

2021-01-12 07:16:17 - [MESSAGE][PASSED] - Object 'Object Repository/Product/productName(Name)' is present

2021-01-12 07:16:18 - [MESSAGE][PASSED] - Object 'Object Repository/Product/productName(Name)' is visible

2021-01-12 07:16:18 - [MESSAGE][PASSED] - Object 'Object Repository/Product/productName(Name)' is clickable

2021-01-12 07:16:18 - [MESSAGE][PASSED] - Object: 'Object Repository/Product/productName(Name)' is clicked on

2021-01-12 07:16:18 - [MESSAGE][PASSED] - pages.Product.openAnyExistingProduct is PASSED

2021-01-12 07:16:18 - [TEST_STEP][PASSED] - pages.Product.clickDeleteButtonInProductEditPage(): pages.Product.clickDeleteButtonInProductEditPage is PASSED

2021-01-12 07:16:19 - [MESSAGE][PASSED] - Object 'Object Repository/Product/ProductEditPage/deleteButton' is present

2021-01-12 07:16:19 - [MESSAGE][PASSED] - Object 'Object Repository/Product/ProductEditPage/deleteButton' is visible

2021-01-12 07:16:20 - [MESSAGE][PASSED] - Object 'Object Repository/Product/ProductEditPage/deleteButton' is clickable

2021-01-12 07:16:20 - [MESSAGE][PASSED] - Object: 'Object Repository/Product/ProductEditPage/deleteButton' is clicked on

2021-01-12 07:16:20 - [MESSAGE][PASSED] - pages.Product.clickDeleteButtonInProductEditPage is PASSED

2021-01-12 07:16:20 - [TEST_STEP][PASSED] - pages.Product.clickCloseButtonInProductEditPage(): pages.Product.clickCloseButtonInProductEditPage is PASSED

2021-01-12 07:16:20 - [MESSAGE][PASSED] - Object 'Object Repository/Product/ProductEditPage/closeButton' is present

2021-01-12 07:16:21 - [MESSAGE][PASSED] - Object 'Object Repository/Product/ProductEditPage/closeButton' is visible

2021-01-12 07:16:21 - [MESSAGE][PASSED] - Object 'Object Repository/Product/ProductEditPage/closeButton' is clickable

2021-01-12 07:16:22 - [MESSAGE][PASSED] - Object: 'Object Repository/Product/ProductEditPage/closeButton' is clicked on

2021-01-12 07:16:22 - [MESSAGE][PASSED] - pages.Product.clickCloseButtonInProductEditPage is PASSED

2021-01-12 07:16:22 - [TEST_STEP][FAILED] - pages.Product.verifyProductNotPresent(productname): The product RandomProduct767 is still shown in list

2021-01-12 07:16:23 - [MESSAGE][PASSED] - Object 'Object Repository/Product/Filter by name' is present

2021-01-12 07:16:23 - [MESSAGE][PASSED] - Object 'Object Repository/Product/Filter by name' is visible

2021-01-12 07:16:23 - [MESSAGE][PASSED] - Object 'Object Repository/Product/Filter by name' is clickable

2021-01-12 07:16:24 - [MESSAGE][PASSED] - Text of object 'Object Repository/Product/Filter by name' is cleared

2021-01-12 07:16:24 - [MESSAGE][PASSED] - Keys 'RandomProduct767' sent to object: 'Object Repository/Product/Filter by name'

2021-01-12 07:16:24 - [MESSAGE][PASSED] - Wait for page load successfully

2021-01-12 07:16:55 - [MESSAGE][WARNING] - Web element with id: 'Object Repository/Product/productName(Name)' located by 'By.xpath: //div[text()='RandomProduct767']/../..
' is present after '30' second(s) (Root cause: com.kms.katalon.core.exception.StepFailedException: Web element with id: 'Object Repository/Product/productName(Name)' located by 'By.xpath: //div[text()='RandomProduct767']/../..
' is present after '30' second(s)
	at com.kms.katalon.core.webui.keyword.internal.WebUIKeywordMain.stepFailed(WebUIKeywordMain.groovy:64)
	at com.kms.katalon.core.webui.keyword.internal.WebUIKeywordMain$stepFailed$0.call(Unknown Source)
	at com.kms.katalon.core.webui.keyword.builtin.VerifyElementNotPresentKeyword$_verifyElementNotPresent_closure1.doCall(VerifyElementNotPresentKeyword.groovy:106)
	at com.kms.katalon.core.webui.keyword.builtin.VerifyElementNotPresentKeyword$_verifyElementNotPresent_closure1.doCall(VerifyElementNotPresentKeyword.groovy)
	at com.kms.katalon.core.webui.keyword.internal.WebUIKeywordMain.runKeyword(WebUIKeywordMain.groovy:20)
	at com.kms.katalon.core.webui.keyword.internal.WebUIKeywordMain$runKeyword.call(Unknown Source)
	at com.kms.katalon.core.webui.keyword.builtin.VerifyElementNotPresentKeyword.verifyElementNotPresent(VerifyElementNotPresentKeyword.groovy:117)
	at com.kms.katalon.core.webui.keyword.builtin.VerifyElementNotPresentKeyword.execute(VerifyElementNotPresentKeyword.groovy:68)
	at com.kms.katalon.core.keyword.internal.KeywordExecutor.executeKeywordForPlatform(KeywordExecutor.groovy:73)
	at com.kms.katalon.core.webui.keyword.WebUiBuiltInKeywords.verifyElementNotPresent(WebUiBuiltInKeywords.groovy:1478)
	at com.kms.katalon.core.webui.keyword.WebUiBuiltInKeywords$verifyElementNotPresent$12.call(Unknown Source)
	at verification.Verification.verifyElementNotPresent(Verification.groovy:45)
	at verification.Verification.verifyElementNotPresent(Verification.groovy)
	at verification.Verification$verifyElementNotPresent$0.call(Unknown Source)
	at pages.Product.verifyProductNotPresent(Product.groovy:100)
	at pages.Product.invokeMethod(Product.groovy)
	at com.kms.katalon.core.main.CustomKeywordDelegatingMetaClass.invokeStaticMethod(CustomKeywordDelegatingMetaClass.java:50)
	at deleteProductFromProductEditPageAndVerify.run(deleteProductFromProductEditPageAndVerify:27)
	at com.kms.katalon.core.main.ScriptEngine.run(ScriptEngine.java:194)
	at com.kms.katalon.core.main.ScriptEngine.runScriptAsRawText(ScriptEngine.java:119)
	at com.kms.katalon.core.main.TestCaseExecutor.runScript(TestCaseExecutor.java:339)
	at com.kms.katalon.core.main.TestCaseExecutor.doExecute(TestCaseExecutor.java:330)
	at com.kms.katalon.core.main.TestCaseExecutor.processExecutionPhase(TestCaseExecutor.java:309)
	at com.kms.katalon.core.main.TestCaseExecutor.accessMainPhase(TestCaseExecutor.java:301)
	at com.kms.katalon.core.main.TestCaseExecutor.execute(TestCaseExecutor.java:235)
	at com.kms.katalon.core.main.TestSuiteExecutor.accessTestCaseMainPhase(TestSuiteExecutor.java:191)
	at com.kms.katalon.core.main.TestSuiteExecutor.accessTestSuiteMainPhase(TestSuiteExecutor.java:141)
	at com.kms.katalon.core.main.TestSuiteExecutor.execute(TestSuiteExecutor.java:90)
	at com.kms.katalon.core.main.TestCaseMain.startTestSuite(TestCaseMain.java:157)
	at com.kms.katalon.core.main.TestCaseMain$startTestSuite$0.call(Unknown Source)
	at TempTestSuite1610453188307.run(TempTestSuite1610453188307.groovy:39)
)
[[ATTACHMENT|E:\\Modist Project\\ModistProject\\Reports\\20210112_070617\\Product\\20210112_070628\\1610453815307.png]]

2021-01-12 07:16:56 - [MESSAGE][PASSED] - Taking screenshot successfully
[[ATTACHMENT|E:\Modist Project\ModistProject\Reports\20210112_070617\Product\20210112_070628\1610453815946.png]]

2021-01-12 07:16:56 - [MESSAGE][FAILED] - The product RandomProduct767 is still shown in list]]></system-out>
         <system-err><![CDATA[2021-01-12 07:16:11 - [TEST_CASE][FAILED] - Test Cases/Admin/Product/deleteProductFromProductEditPageAndVerify: Test Cases/Admin/Product/deleteProductFromProductEditPageAndVerify FAILED.
Reason:
com.kms.katalon.core.exception.StepFailedException: The product RandomProduct767 is still shown in list
	at com.kms.katalon.core.util.KeywordUtil.markFailedAndStop(KeywordUtil.java:28)
	at com.kms.katalon.core.util.KeywordUtil$markFailedAndStop.call(Unknown Source)
	at verification.Verification.verifyElementNotPresent(Verification.groovy:47)
	at verification.Verification.verifyElementNotPresent(Verification.groovy)
	at verification.Verification$verifyElementNotPresent$0.call(Unknown Source)
	at pages.Product.verifyProductNotPresent(Product.groovy:100)
	at pages.Product.invokeMethod(Product.groovy)
	at com.kms.katalon.core.main.CustomKeywordDelegatingMetaClass.invokeStaticMethod(CustomKeywordDelegatingMetaClass.java:50)
	at deleteProductFromProductEditPageAndVerify.run(deleteProductFromProductEditPageAndVerify:27)
	at com.kms.katalon.core.main.ScriptEngine.run(ScriptEngine.java:194)
	at com.kms.katalon.core.main.ScriptEngine.runScriptAsRawText(ScriptEngine.java:119)
	at com.kms.katalon.core.main.TestCaseExecutor.runScript(TestCaseExecutor.java:339)
	at com.kms.katalon.core.main.TestCaseExecutor.doExecute(TestCaseExecutor.java:330)
	at com.kms.katalon.core.main.TestCaseExecutor.processExecutionPhase(TestCaseExecutor.java:309)
	at com.kms.katalon.core.main.TestCaseExecutor.accessMainPhase(TestCaseExecutor.java:301)
	at com.kms.katalon.core.main.TestCaseExecutor.execute(TestCaseExecutor.java:235)
	at com.kms.katalon.core.main.TestSuiteExecutor.accessTestCaseMainPhase(TestSuiteExecutor.java:191)
	at com.kms.katalon.core.main.TestSuiteExecutor.accessTestSuiteMainPhase(TestSuiteExecutor.java:141)
	at com.kms.katalon.core.main.TestSuiteExecutor.execute(TestSuiteExecutor.java:90)
	at com.kms.katalon.core.main.TestCaseMain.startTestSuite(TestCaseMain.java:157)
	at com.kms.katalon.core.main.TestCaseMain$startTestSuite$0.call(Unknown Source)
	at TempTestSuite1610453188307.run(TempTestSuite1610453188307.groovy:39)]]></system-err>
      </testcase>
      <testcase name="Test Cases/Admin/Product/editProductNameAndVerify" time="28.496" classname="Test Cases/Admin/Product/editProductNameAndVerify" status="PASSED">
         <system-out><![CDATA[2021-01-12 07:16:56 - [TEST_CASE][PASSED] - Test Cases/Admin/Product/editProductNameAndVerify: Test Cases/Admin/Product/editProductNameAndVerify

2021-01-12 07:16:56 - [TEST_STEP][PASSED] - productname = pages.Product.addProduct(): pages.Product.addProduct is PASSED

2021-01-12 07:16:56 - [MESSAGE][PASSED] - Object 'Object Repository/Product/productTab' is present

2021-01-12 07:16:57 - [MESSAGE][PASSED] - Object 'Object Repository/Product/productTab' is visible

2021-01-12 07:16:57 - [MESSAGE][PASSED] - Object 'Object Repository/Product/productTab' is clickable

2021-01-12 07:16:57 - [MESSAGE][PASSED] - Object: 'Object Repository/Product/productTab' is clicked on

2021-01-12 07:16:57 - [MESSAGE][PASSED] - Object 'Object Repository/Product/addProductButton' is present

2021-01-12 07:16:58 - [MESSAGE][PASSED] - Object 'Object Repository/Product/addProductButton' is visible

2021-01-12 07:16:58 - [MESSAGE][PASSED] - Object 'Object Repository/Product/addProductButton' is clickable

2021-01-12 07:16:58 - [MESSAGE][PASSED] - Object: 'Object Repository/Product/addProductButton' is clicked on

2021-01-12 07:16:59 - [MESSAGE][PASSED] - Object 'Object Repository/Product/productNameInput' is present

2021-01-12 07:16:59 - [MESSAGE][PASSED] - Object 'Object Repository/Product/productNameInput' is visible

2021-01-12 07:16:59 - [MESSAGE][PASSED] - Object 'Object Repository/Product/productNameInput' is clickable

2021-01-12 07:17:00 - [MESSAGE][PASSED] - Text of object 'Object Repository/Product/productNameInput' is cleared

2021-01-12 07:17:00 - [MESSAGE][PASSED] - Keys 'RandomProduct488' sent to object: 'Object Repository/Product/productNameInput'

2021-01-12 07:17:00 - [MESSAGE][PASSED] - Object 'Object Repository/Product/descriptionFieldInput' is present

2021-01-12 07:17:00 - [MESSAGE][PASSED] - Object 'Object Repository/Product/descriptionFieldInput' is visible

2021-01-12 07:17:01 - [MESSAGE][PASSED] - Object 'Object Repository/Product/descriptionFieldInput' is clickable

2021-01-12 07:17:01 - [MESSAGE][PASSED] - Text of object 'Object Repository/Product/descriptionFieldInput' is cleared

2021-01-12 07:17:01 - [MESSAGE][PASSED] - Keys 'Sample text' sent to object: 'Object Repository/Product/descriptionFieldInput'

2021-01-12 07:17:02 - [MESSAGE][PASSED] - Object 'Object Repository/Product/addproductButtonInAddProductPopUp' is present

2021-01-12 07:17:02 - [MESSAGE][PASSED] - Object 'Object Repository/Product/addproductButtonInAddProductPopUp' is visible

2021-01-12 07:17:02 - [MESSAGE][PASSED] - Object 'Object Repository/Product/addproductButtonInAddProductPopUp' is clickable

2021-01-12 07:17:03 - [MESSAGE][PASSED] - Object: 'Object Repository/Product/addproductButtonInAddProductPopUp' is clicked on

2021-01-12 07:17:03 - [MESSAGE][PASSED] - pages.Product.addProduct is PASSED

2021-01-12 07:17:03 - [TEST_STEP][PASSED] - pages.Product.openAnyExistingProduct(productname): pages.Product.openAnyExistingProduct is PASSED

2021-01-12 07:17:04 - [MESSAGE][PASSED] - Object 'Object Repository/Product/Filter by name' is present

2021-01-12 07:17:04 - [MESSAGE][PASSED] - Object 'Object Repository/Product/Filter by name' is visible

2021-01-12 07:17:04 - [MESSAGE][PASSED] - Object 'Object Repository/Product/Filter by name' is clickable

2021-01-12 07:17:05 - [MESSAGE][PASSED] - Text of object 'Object Repository/Product/Filter by name' is cleared

2021-01-12 07:17:05 - [MESSAGE][PASSED] - Keys 'RandomProduct488' sent to object: 'Object Repository/Product/Filter by name'

2021-01-12 07:17:05 - [MESSAGE][PASSED] - Wait for page load successfully

2021-01-12 07:17:07 - [MESSAGE][PASSED] - Scroll to object 'Object Repository/Product/productName(Name)' successfully

2021-01-12 07:17:07 - [MESSAGE][PASSED] - Object 'Object Repository/Product/productName(Name)' is present

2021-01-12 07:17:07 - [MESSAGE][PASSED] - Object 'Object Repository/Product/productName(Name)' is visible

2021-01-12 07:17:07 - [MESSAGE][PASSED] - Object 'Object Repository/Product/productName(Name)' is clickable

2021-01-12 07:17:08 - [MESSAGE][PASSED] - Object: 'Object Repository/Product/productName(Name)' is clicked on

2021-01-12 07:17:08 - [MESSAGE][PASSED] - pages.Product.openAnyExistingProduct is PASSED

2021-01-12 07:17:08 - [TEST_STEP][PASSED] - editedName = pages.Product.editProductName(): pages.Product.editProductName is PASSED

2021-01-12 07:17:13 - [MESSAGE][PASSED] - Delayed 5 second(s)

2021-01-12 07:17:13 - [MESSAGE][PASSED] - Text of object 'Object Repository/Product/ProductEditPage/productNameInput' is cleared

2021-01-12 07:17:13 - [MESSAGE][PASSED] - Object 'Object Repository/Product/ProductEditPage/productNameInput' is present

2021-01-12 07:17:14 - [MESSAGE][PASSED] - Object 'Object Repository/Product/ProductEditPage/productNameInput' is visible

2021-01-12 07:17:14 - [MESSAGE][PASSED] - Object 'Object Repository/Product/ProductEditPage/productNameInput' is clickable

2021-01-12 07:17:14 - [MESSAGE][PASSED] - Text of object 'Object Repository/Product/ProductEditPage/productNameInput' is cleared

2021-01-12 07:17:15 - [MESSAGE][PASSED] - Keys 'RandomProduct195' sent to object: 'Object Repository/Product/ProductEditPage/productNameInput'

2021-01-12 07:17:15 - [MESSAGE][PASSED] - Object 'Object Repository/Product/ProductEditPage/saveChangesButton' is present

2021-01-12 07:17:15 - [MESSAGE][PASSED] - Object 'Object Repository/Product/ProductEditPage/saveChangesButton' is visible

2021-01-12 07:17:15 - [MESSAGE][PASSED] - Object 'Object Repository/Product/ProductEditPage/saveChangesButton' is clickable

2021-01-12 07:17:16 - [MESSAGE][PASSED] - Object: 'Object Repository/Product/ProductEditPage/saveChangesButton' is clicked on

2021-01-12 07:17:16 - [MESSAGE][PASSED] - Object 'Object Repository/Product/ProductEditPage/closeButton' is present

2021-01-12 07:17:17 - [MESSAGE][PASSED] - Object 'Object Repository/Product/ProductEditPage/closeButton' is visible

2021-01-12 07:17:17 - [MESSAGE][PASSED] - Object 'Object Repository/Product/ProductEditPage/closeButton' is clickable

2021-01-12 07:17:17 - [MESSAGE][PASSED] - Object: 'Object Repository/Product/ProductEditPage/closeButton' is clicked on

2021-01-12 07:17:17 - [MESSAGE][PASSED] - pages.Product.editProductName is PASSED

2021-01-12 07:17:17 - [TEST_STEP][PASSED] - pages.Product.verifyProductAdded(editedName): pages.Product.verifyProductAdded is PASSED

2021-01-12 07:17:19 - [MESSAGE][PASSED] - Object 'Object Repository/Product/Filter by name' is present

2021-01-12 07:17:19 - [MESSAGE][PASSED] - Object 'Object Repository/Product/Filter by name' is visible

2021-01-12 07:17:19 - [MESSAGE][PASSED] - Object 'Object Repository/Product/Filter by name' is clickable

2021-01-12 07:17:19 - [MESSAGE][PASSED] - Text of object 'Object Repository/Product/Filter by name' is cleared

2021-01-12 07:17:20 - [MESSAGE][PASSED] - Keys 'RandomProduct195' sent to object: 'Object Repository/Product/Filter by name'

2021-01-12 07:17:20 - [MESSAGE][PASSED] - Wait for page load successfully

2021-01-12 07:17:21 - [MESSAGE][PASSED] - Object 'Object Repository/Product/productName(Name)' is present

2021-01-12 07:17:21 - [MESSAGE][PASSED] - pages.Product.verifyProductAdded is PASSED

2021-01-12 07:17:21 - [TEST_STEP][PASSED] - pages.Product.verifyProductNotPresent(productname): pages.Product.verifyProductNotPresent is PASSED

2021-01-12 07:17:21 - [MESSAGE][PASSED] - Object 'Object Repository/Product/Filter by name' is present

2021-01-12 07:17:22 - [MESSAGE][PASSED] - Object 'Object Repository/Product/Filter by name' is visible

2021-01-12 07:17:22 - [MESSAGE][PASSED] - Object 'Object Repository/Product/Filter by name' is clickable

2021-01-12 07:17:22 - [MESSAGE][PASSED] - Text of object 'Object Repository/Product/Filter by name' is cleared

2021-01-12 07:17:23 - [MESSAGE][PASSED] - Keys 'RandomProduct488' sent to object: 'Object Repository/Product/Filter by name'

2021-01-12 07:17:23 - [MESSAGE][PASSED] - Wait for page load successfully

2021-01-12 07:17:24 - [MESSAGE][PASSED] - Web element with id: 'Object Repository/Product/productName(Name)' located by 'By.xpath: //div[text()='RandomProduct488']/../..
' is not present after '30' second(s)

2021-01-12 07:17:24 - [MESSAGE][PASSED] - pages.Product.verifyProductNotPresent is PASSED]]></system-out>
         <system-err><![CDATA[]]></system-err>
      </testcase>
      <testcase name="Test Cases/Admin/Product/verifyAddProductPopUp" time="4.057" classname="Test Cases/Admin/Product/verifyAddProductPopUp" status="PASSED">
         <system-out><![CDATA[2021-01-12 07:17:24 - [TEST_CASE][PASSED] - Test Cases/Admin/Product/verifyAddProductPopUp: Test Cases/Admin/Product/verifyAddProductPopUp

2021-01-12 07:17:24 - [TEST_STEP][PASSED] - pages.Product.clickOnProductTab(): pages.Product.clickOnProductTab is PASSED

2021-01-12 07:17:25 - [MESSAGE][PASSED] - Object 'Object Repository/Product/productTab' is present

2021-01-12 07:17:25 - [MESSAGE][PASSED] - Object 'Object Repository/Product/productTab' is visible

2021-01-12 07:17:25 - [MESSAGE][PASSED] - Object 'Object Repository/Product/productTab' is clickable

2021-01-12 07:17:26 - [MESSAGE][PASSED] - Object: 'Object Repository/Product/productTab' is clicked on

2021-01-12 07:17:26 - [MESSAGE][PASSED] - pages.Product.clickOnProductTab is PASSED

2021-01-12 07:17:26 - [TEST_STEP][PASSED] - pages.Product.clickOnAddProductButton(): pages.Product.clickOnAddProductButton is PASSED

2021-01-12 07:17:26 - [MESSAGE][PASSED] - Object 'Object Repository/Product/addProductButton' is present

2021-01-12 07:17:26 - [MESSAGE][PASSED] - Object 'Object Repository/Product/addProductButton' is visible

2021-01-12 07:17:26 - [MESSAGE][PASSED] - Object 'Object Repository/Product/addProductButton' is clickable

2021-01-12 07:17:27 - [MESSAGE][PASSED] - Object: 'Object Repository/Product/addProductButton' is clicked on

2021-01-12 07:17:27 - [MESSAGE][PASSED] - pages.Product.clickOnAddProductButton is PASSED

2021-01-12 07:17:27 - [TEST_STEP][PASSED] - pages.Product.verifyProductPopUp(): pages.Product.verifyProductPopUp is PASSED

2021-01-12 07:17:27 - [MESSAGE][PASSED] - Object 'Object Repository/Product/productNameInput' is present

2021-01-12 07:17:27 - [MESSAGE][PASSED] - Object 'Object Repository/Product/descriptionFieldInput' is present

2021-01-12 07:17:28 - [MESSAGE][PASSED] - Object 'Object Repository/Product/cancelButtonInAddProductPopUp' is present

2021-01-12 07:17:28 - [MESSAGE][PASSED] - Object 'Object Repository/Product/addproductButtonInAddProductPopUp' is present

2021-01-12 07:17:28 - [MESSAGE][PASSED] - Object 'Object Repository/Product/publishedDropDown' is present

2021-01-12 07:17:28 - [MESSAGE][PASSED] - pages.Product.verifyProductPopUp is PASSED]]></system-out>
         <system-err><![CDATA[]]></system-err>
      </testcase>
      <testcase name="Test Cases/Admin/Product/verifyCloseButtonFunctionalityInProductEditPage" time="2.547" classname="Test Cases/Admin/Product/verifyCloseButtonFunctionalityInProductEditPage" status="FAILED">
         <failure type="FAILED" message="Test Cases/Admin/Product/verifyCloseButtonFunctionalityInProductEditPage FAILED.
Reason:
com.kms.katalon.core.exception.StepFailedException: Unable to click on object 'Object Repository/Product/productTab'
	at com.kms.katalon.core.webui.keyword.internal.WebUIKeywordMain.stepFailed(WebUIKeywordMain.groovy:64)
	at com.kms.katalon.core.webui.keyword.internal.WebUIKeywordMain.runKeyword(WebUIKeywordMain.groovy:26)
	at com.kms.katalon.core.webui.keyword.builtin.ClickKeyword.click(ClickKeyword.groovy:76)
	at com.kms.katalon.core.webui.keyword.builtin.ClickKeyword.execute(ClickKeyword.groovy:43)
	at com.kms.katalon.core.keyword.internal.KeywordExecutor.executeKeywordForPlatform(KeywordExecutor.groovy:73)
	at com.kms.katalon.core.webui.keyword.WebUiBuiltInKeywords.click(WebUiBuiltInKeywords.groovy:617)
	at com.kms.katalon.core.webui.keyword.WebUiBuiltInKeywords$click$7.call(Unknown Source)
	at webAction.WebAction.click(WebAction.groovy:25)
	at webAction.WebAction$click$1.call(Unknown Source)
	at pages.Product.clickOnProductTab(Product.groovy:36)
	at pages.Product.getRandomProductNmae(Product.groovy:65)
	at pages.Product.invokeMethod(Product.groovy)
	at com.kms.katalon.core.main.CustomKeywordDelegatingMetaClass.invokeStaticMethod(CustomKeywordDelegatingMetaClass.java:50)
	at verifyCloseButtonFunctionalityInProductEditPage.run(verifyCloseButtonFunctionalityInProductEditPage:19)
	at com.kms.katalon.core.main.ScriptEngine.run(ScriptEngine.java:194)
	at com.kms.katalon.core.main.ScriptEngine.runScriptAsRawText(ScriptEngine.java:119)
	at com.kms.katalon.core.main.TestCaseExecutor.runScript(TestCaseExecutor.java:339)
	at com.kms.katalon.core.main.TestCaseExecutor.doExecute(TestCaseExecutor.java:330)
	at com.kms.katalon.core.main.TestCaseExecutor.processExecutionPhase(TestCaseExecutor.java:309)
	at com.kms.katalon.core.main.TestCaseExecutor.accessMainPhase(TestCaseExecutor.java:301)
	at com.kms.katalon.core.main.TestCaseExecutor.execute(TestCaseExecutor.java:235)
	at com.kms.katalon.core.main.TestSuiteExecutor.accessTestCaseMainPhase(TestSuiteExecutor.java:191)
	at com.kms.katalon.core.main.TestSuiteExecutor.accessTestSuiteMainPhase(TestSuiteExecutor.java:141)
	at com.kms.katalon.core.main.TestSuiteExecutor.execute(TestSuiteExecutor.java:90)
	at com.kms.katalon.core.main.TestCaseMain.startTestSuite(TestCaseMain.java:157)
	at com.kms.katalon.core.main.TestCaseMain$startTestSuite$0.call(Unknown Source)
	at TempTestSuite1610453188307.run(TempTestSuite1610453188307.groovy:39)
Caused by: org.openqa.selenium.ElementClickInterceptedException: element click intercepted: Element &lt;a>...&lt;/a> is not clickable at point (1111, 29). Other element would receive the click: &lt;div role=&quot;dialog&quot; aria-modal=&quot;true&quot; class=&quot;fade modal show&quot; tabindex=&quot;-1&quot; style=&quot;display: block;&quot;>...&lt;/div>
  (Session info: chrome=87.0.4280.141)
Build info: version: '3.141.59', revision: 'e82be7d358', time: '2018-11-14T08:25:53'
System info: host: 'DESKTOP-H3LAPEO', ip: '192.168.43.128', os.name: 'Windows 10', os.arch: 'amd64', os.version: '10.0', java.version: '1.8.0_181'
Driver info: com.kms.katalon.selenium.driver.CChromeDriver
Capabilities {acceptInsecureCerts: false, browserName: chrome, browserVersion: 87.0.4280.141, chrome: {chromedriverVersion: 87.0.4280.88 (89e2380a3e36c..., userDataDir: C:\Users\Lenovo\AppData\Loc...}, goog:chromeOptions: {debuggerAddress: localhost:61257}, javascriptEnabled: true, networkConnectionEnabled: false, pageLoadStrategy: normal, platform: WINDOWS, platformName: WINDOWS, proxy: Proxy(), setWindowRect: true, strictFileInteractability: false, timeouts: {implicit: 0, pageLoad: 300000, script: 30000}, unhandledPromptBehavior: dismiss and notify, webauthn:virtualAuthenticators: true}
Session ID: 2c03037731b6473acaf7a189a66d6c98
	at org.openqa.selenium.remote.http.W3CHttpResponseCodec.createException(W3CHttpResponseCodec.java:187)
	at org.openqa.selenium.remote.http.W3CHttpResponseCodec.decode(W3CHttpResponseCodec.java:122)
	at org.openqa.selenium.remote.http.W3CHttpResponseCodec.decode(W3CHttpResponseCodec.java:49)
	at org.openqa.selenium.remote.HttpCommandExecutor.execute(HttpCommandExecutor.java:158)
	at org.openqa.selenium.remote.service.DriverCommandExecutor.execute(DriverCommandExecutor.java:83)
	at org.openqa.selenium.remote.RemoteWebDriver.execute(RemoteWebDriver.java:552)
	at com.kms.katalon.selenium.driver.CChromeDriver.execute(CChromeDriver.java:19)
	at org.openqa.selenium.remote.RemoteWebElement.execute(RemoteWebElement.java:285)
	at org.openqa.selenium.remote.RemoteWebElement.click(RemoteWebElement.java:84)
	at org.openqa.selenium.support.events.EventFiringWebDriver$EventFiringWebElement.lambda$new$0(EventFiringWebDriver.java:404)
	at com.sun.proxy.$Proxy11.click(Unknown Source)
	at org.openqa.selenium.support.events.EventFiringWebDriver$EventFiringWebElement.click(EventFiringWebDriver.java:417)
	at com.kms.katalon.core.webui.keyword.builtin.ClickKeyword$_click_closure1.doCall(ClickKeyword.groovy:69)
	at com.kms.katalon.core.webui.keyword.builtin.ClickKeyword$_click_closure1.call(ClickKeyword.groovy)
	at com.kms.katalon.core.webui.keyword.internal.WebUIKeywordMain.runKeyword(WebUIKeywordMain.groovy:20)
	... 25 more
"/>
         <system-out><![CDATA[2021-01-12 07:17:28 - [TEST_CASE][FAILED] - Test Cases/Admin/Product/verifyCloseButtonFunctionalityInProductEditPage: Test Cases/Admin/Product/verifyCloseButtonFunctionalityInProductEditPage FAILED.
Reason:
com.kms.katalon.core.exception.StepFailedException: Unable to click on object 'Object Repository/Product/productTab'
	at com.kms.katalon.core.webui.keyword.internal.WebUIKeywordMain.stepFailed(WebUIKeywordMain.groovy:64)
	at com.kms.katalon.core.webui.keyword.internal.WebUIKeywordMain.runKeyword(WebUIKeywordMain.groovy:26)
	at com.kms.katalon.core.webui.keyword.builtin.ClickKeyword.click(ClickKeyword.groovy:76)
	at com.kms.katalon.core.webui.keyword.builtin.ClickKeyword.execute(ClickKeyword.groovy:43)
	at com.kms.katalon.core.keyword.internal.KeywordExecutor.executeKeywordForPlatform(KeywordExecutor.groovy:73)
	at com.kms.katalon.core.webui.keyword.WebUiBuiltInKeywords.click(WebUiBuiltInKeywords.groovy:617)
	at com.kms.katalon.core.webui.keyword.WebUiBuiltInKeywords$click$7.call(Unknown Source)
	at webAction.WebAction.click(WebAction.groovy:25)
	at webAction.WebAction$click$1.call(Unknown Source)
	at pages.Product.clickOnProductTab(Product.groovy:36)
	at pages.Product.getRandomProductNmae(Product.groovy:65)
	at pages.Product.invokeMethod(Product.groovy)
	at com.kms.katalon.core.main.CustomKeywordDelegatingMetaClass.invokeStaticMethod(CustomKeywordDelegatingMetaClass.java:50)
	at verifyCloseButtonFunctionalityInProductEditPage.run(verifyCloseButtonFunctionalityInProductEditPage:19)
	at com.kms.katalon.core.main.ScriptEngine.run(ScriptEngine.java:194)
	at com.kms.katalon.core.main.ScriptEngine.runScriptAsRawText(ScriptEngine.java:119)
	at com.kms.katalon.core.main.TestCaseExecutor.runScript(TestCaseExecutor.java:339)
	at com.kms.katalon.core.main.TestCaseExecutor.doExecute(TestCaseExecutor.java:330)
	at com.kms.katalon.core.main.TestCaseExecutor.processExecutionPhase(TestCaseExecutor.java:309)
	at com.kms.katalon.core.main.TestCaseExecutor.accessMainPhase(TestCaseExecutor.java:301)
	at com.kms.katalon.core.main.TestCaseExecutor.execute(TestCaseExecutor.java:235)
	at com.kms.katalon.core.main.TestSuiteExecutor.accessTestCaseMainPhase(TestSuiteExecutor.java:191)
	at com.kms.katalon.core.main.TestSuiteExecutor.accessTestSuiteMainPhase(TestSuiteExecutor.java:141)
	at com.kms.katalon.core.main.TestSuiteExecutor.execute(TestSuiteExecutor.java:90)
	at com.kms.katalon.core.main.TestCaseMain.startTestSuite(TestCaseMain.java:157)
	at com.kms.katalon.core.main.TestCaseMain$startTestSuite$0.call(Unknown Source)
	at TempTestSuite1610453188307.run(TempTestSuite1610453188307.groovy:39)
Caused by: org.openqa.selenium.ElementClickInterceptedException: element click intercepted: Element <a>...</a> is not clickable at point (1111, 29). Other element would receive the click: <div role="dialog" aria-modal="true" class="fade modal show" tabindex="-1" style="display: block;">...</div>
  (Session info: chrome=87.0.4280.141)
Build info: version: '3.141.59', revision: 'e82be7d358', time: '2018-11-14T08:25:53'
System info: host: 'DESKTOP-H3LAPEO', ip: '192.168.43.128', os.name: 'Windows 10', os.arch: 'amd64', os.version: '10.0', java.version: '1.8.0_181'
Driver info: com.kms.katalon.selenium.driver.CChromeDriver
Capabilities {acceptInsecureCerts: false, browserName: chrome, browserVersion: 87.0.4280.141, chrome: {chromedriverVersion: 87.0.4280.88 (89e2380a3e36c..., userDataDir: C:\Users\Lenovo\AppData\Loc...}, goog:chromeOptions: {debuggerAddress: localhost:61257}, javascriptEnabled: true, networkConnectionEnabled: false, pageLoadStrategy: normal, platform: WINDOWS, platformName: WINDOWS, proxy: Proxy(), setWindowRect: true, strictFileInteractability: false, timeouts: {implicit: 0, pageLoad: 300000, script: 30000}, unhandledPromptBehavior: dismiss and notify, webauthn:virtualAuthenticators: true}
Session ID: 2c03037731b6473acaf7a189a66d6c98
	at org.openqa.selenium.remote.http.W3CHttpResponseCodec.createException(W3CHttpResponseCodec.java:187)
	at org.openqa.selenium.remote.http.W3CHttpResponseCodec.decode(W3CHttpResponseCodec.java:122)
	at org.openqa.selenium.remote.http.W3CHttpResponseCodec.decode(W3CHttpResponseCodec.java:49)
	at org.openqa.selenium.remote.HttpCommandExecutor.execute(HttpCommandExecutor.java:158)
	at org.openqa.selenium.remote.service.DriverCommandExecutor.execute(DriverCommandExecutor.java:83)
	at org.openqa.selenium.remote.RemoteWebDriver.execute(RemoteWebDriver.java:552)
	at com.kms.katalon.selenium.driver.CChromeDriver.execute(CChromeDriver.java:19)
	at org.openqa.selenium.remote.RemoteWebElement.execute(RemoteWebElement.java:285)
	at org.openqa.selenium.remote.RemoteWebElement.click(RemoteWebElement.java:84)
	at org.openqa.selenium.support.events.EventFiringWebDriver$EventFiringWebElement.lambda$new$0(EventFiringWebDriver.java:404)
	at com.sun.proxy.$Proxy11.click(Unknown Source)
	at org.openqa.selenium.support.events.EventFiringWebDriver$EventFiringWebElement.click(EventFiringWebDriver.java:417)
	at com.kms.katalon.core.webui.keyword.builtin.ClickKeyword$_click_closure1.doCall(ClickKeyword.groovy:69)
	at com.kms.katalon.core.webui.keyword.builtin.ClickKeyword$_click_closure1.call(ClickKeyword.groovy)
	at com.kms.katalon.core.webui.keyword.internal.WebUIKeywordMain.runKeyword(WebUIKeywordMain.groovy:20)
	... 25 more


2021-01-12 07:17:29 - [TEST_STEP][FAILED] - productname = pages.Product.getRandomProductNmae(): Unable to click on object 'Object Repository/Product/productTab'

2021-01-12 07:17:29 - [MESSAGE][PASSED] - Object 'Object Repository/Product/productTab' is present

2021-01-12 07:17:29 - [MESSAGE][PASSED] - Object 'Object Repository/Product/productTab' is visible

2021-01-12 07:17:29 - [MESSAGE][PASSED] - Object 'Object Repository/Product/productTab' is clickable

2021-01-12 07:17:31 - [MESSAGE][FAILED] - Unable to click on object 'Object Repository/Product/productTab' (Root cause: com.kms.katalon.core.exception.StepFailedException: Unable to click on object 'Object Repository/Product/productTab'
	at com.kms.katalon.core.webui.keyword.internal.WebUIKeywordMain.stepFailed(WebUIKeywordMain.groovy:64)
	at com.kms.katalon.core.webui.keyword.internal.WebUIKeywordMain.runKeyword(WebUIKeywordMain.groovy:26)
	at com.kms.katalon.core.webui.keyword.builtin.ClickKeyword.click(ClickKeyword.groovy:76)
	at com.kms.katalon.core.webui.keyword.builtin.ClickKeyword.execute(ClickKeyword.groovy:43)
	at com.kms.katalon.core.keyword.internal.KeywordExecutor.executeKeywordForPlatform(KeywordExecutor.groovy:73)
	at com.kms.katalon.core.webui.keyword.WebUiBuiltInKeywords.click(WebUiBuiltInKeywords.groovy:617)
	at com.kms.katalon.core.webui.keyword.WebUiBuiltInKeywords$click$7.call(Unknown Source)
	at webAction.WebAction.click(WebAction.groovy:25)
	at webAction.WebAction$click$1.call(Unknown Source)
	at pages.Product.clickOnProductTab(Product.groovy:36)
	at pages.Product.getRandomProductNmae(Product.groovy:65)
	at pages.Product.invokeMethod(Product.groovy)
	at com.kms.katalon.core.main.CustomKeywordDelegatingMetaClass.invokeStaticMethod(CustomKeywordDelegatingMetaClass.java:50)
	at verifyCloseButtonFunctionalityInProductEditPage.run(verifyCloseButtonFunctionalityInProductEditPage:19)
	at com.kms.katalon.core.main.ScriptEngine.run(ScriptEngine.java:194)
	at com.kms.katalon.core.main.ScriptEngine.runScriptAsRawText(ScriptEngine.java:119)
	at com.kms.katalon.core.main.TestCaseExecutor.runScript(TestCaseExecutor.java:339)
	at com.kms.katalon.core.main.TestCaseExecutor.doExecute(TestCaseExecutor.java:330)
	at com.kms.katalon.core.main.TestCaseExecutor.processExecutionPhase(TestCaseExecutor.java:309)
	at com.kms.katalon.core.main.TestCaseExecutor.accessMainPhase(TestCaseExecutor.java:301)
	at com.kms.katalon.core.main.TestCaseExecutor.execute(TestCaseExecutor.java:235)
	at com.kms.katalon.core.main.TestSuiteExecutor.accessTestCaseMainPhase(TestSuiteExecutor.java:191)
	at com.kms.katalon.core.main.TestSuiteExecutor.accessTestSuiteMainPhase(TestSuiteExecutor.java:141)
	at com.kms.katalon.core.main.TestSuiteExecutor.execute(TestSuiteExecutor.java:90)
	at com.kms.katalon.core.main.TestCaseMain.startTestSuite(TestCaseMain.java:157)
	at com.kms.katalon.core.main.TestCaseMain$startTestSuite$0.call(Unknown Source)
	at TempTestSuite1610453188307.run(TempTestSuite1610453188307.groovy:39)
Caused by: org.openqa.selenium.ElementClickInterceptedException: element click intercepted: Element <a>...</a> is not clickable at point (1111, 29). Other element would receive the click: <div role="dialog" aria-modal="true" class="fade modal show" tabindex="-1" style="display: block;">...</div>
  (Session info: chrome=87.0.4280.141)
Build info: version: '3.141.59', revision: 'e82be7d358', time: '2018-11-14T08:25:53'
System info: host: 'DESKTOP-H3LAPEO', ip: '192.168.43.128', os.name: 'Windows 10', os.arch: 'amd64', os.version: '10.0', java.version: '1.8.0_181'
Driver info: com.kms.katalon.selenium.driver.CChromeDriver
Capabilities {acceptInsecureCerts: false, browserName: chrome, browserVersion: 87.0.4280.141, chrome: {chromedriverVersion: 87.0.4280.88 (89e2380a3e36c..., userDataDir: C:\Users\Lenovo\AppData\Loc...}, goog:chromeOptions: {debuggerAddress: localhost:61257}, javascriptEnabled: true, networkConnectionEnabled: false, pageLoadStrategy: normal, platform: WINDOWS, platformName: WINDOWS, proxy: Proxy(), setWindowRect: true, strictFileInteractability: false, timeouts: {implicit: 0, pageLoad: 300000, script: 30000}, unhandledPromptBehavior: dismiss and notify, webauthn:virtualAuthenticators: true}
Session ID: 2c03037731b6473acaf7a189a66d6c98
	at org.openqa.selenium.remote.http.W3CHttpResponseCodec.createException(W3CHttpResponseCodec.java:187)
	at org.openqa.selenium.remote.http.W3CHttpResponseCodec.decode(W3CHttpResponseCodec.java:122)
	at org.openqa.selenium.remote.http.W3CHttpResponseCodec.decode(W3CHttpResponseCodec.java:49)
	at org.openqa.selenium.remote.HttpCommandExecutor.execute(HttpCommandExecutor.java:158)
	at org.openqa.selenium.remote.service.DriverCommandExecutor.execute(DriverCommandExecutor.java:83)
	at org.openqa.selenium.remote.RemoteWebDriver.execute(RemoteWebDriver.java:552)
	at com.kms.katalon.selenium.driver.CChromeDriver.execute(CChromeDriver.java:19)
	at org.openqa.selenium.remote.RemoteWebElement.execute(RemoteWebElement.java:285)
	at org.openqa.selenium.remote.RemoteWebElement.click(RemoteWebElement.java:84)
	at org.openqa.selenium.support.events.EventFiringWebDriver$EventFiringWebElement.lambda$new$0(EventFiringWebDriver.java:404)
	at com.sun.proxy.$Proxy11.click(Unknown Source)
	at org.openqa.selenium.support.events.EventFiringWebDriver$EventFiringWebElement.click(EventFiringWebDriver.java:417)
	at com.kms.katalon.core.webui.keyword.builtin.ClickKeyword$_click_closure1.doCall(ClickKeyword.groovy:69)
	at com.kms.katalon.core.webui.keyword.builtin.ClickKeyword$_click_closure1.call(ClickKeyword.groovy)
	at com.kms.katalon.core.webui.keyword.internal.WebUIKeywordMain.runKeyword(WebUIKeywordMain.groovy:20)
	at com.kms.katalon.core.webui.keyword.builtin.ClickKeyword.click(ClickKeyword.groovy:76)
	at com.kms.katalon.core.webui.keyword.builtin.ClickKeyword.execute(ClickKeyword.groovy:43)
	at com.kms.katalon.core.keyword.internal.KeywordExecutor.executeKeywordForPlatform(KeywordExecutor.groovy:73)
	at com.kms.katalon.core.webui.keyword.WebUiBuiltInKeywords.click(WebUiBuiltInKeywords.groovy:617)
	at com.kms.katalon.core.webui.keyword.WebUiBuiltInKeywords$click$7.call(Unknown Source)
	at webAction.WebAction.click(WebAction.groovy:25)
	at webAction.WebAction$click$1.call(Unknown Source)
	at pages.Product.clickOnProductTab(Product.groovy:36)
	at pages.Product.getRandomProductNmae(Product.groovy:65)
	at pages.Product.invokeMethod(Product.groovy)
	at com.kms.katalon.core.main.CustomKeywordDelegatingMetaClass.invokeStaticMethod(CustomKeywordDelegatingMetaClass.java:50)
	at Script1609859132689.run(Script1609859132689.groovy:19)
	... 13 more
)
[[ATTACHMENT|E:\\Modist Project\\ModistProject\\Reports\\20210112_070617\\Product\\20210112_070628\\1610453851078.png]]

2021-01-12 07:17:31 - [MESSAGE][FAILED] - Unable to click on object 'Object Repository/Product/productTab']]></system-out>
         <system-err><![CDATA[2021-01-12 07:17:28 - [TEST_CASE][FAILED] - Test Cases/Admin/Product/verifyCloseButtonFunctionalityInProductEditPage: Test Cases/Admin/Product/verifyCloseButtonFunctionalityInProductEditPage FAILED.
Reason:
com.kms.katalon.core.exception.StepFailedException: Unable to click on object 'Object Repository/Product/productTab'
	at com.kms.katalon.core.webui.keyword.internal.WebUIKeywordMain.stepFailed(WebUIKeywordMain.groovy:64)
	at com.kms.katalon.core.webui.keyword.internal.WebUIKeywordMain.runKeyword(WebUIKeywordMain.groovy:26)
	at com.kms.katalon.core.webui.keyword.builtin.ClickKeyword.click(ClickKeyword.groovy:76)
	at com.kms.katalon.core.webui.keyword.builtin.ClickKeyword.execute(ClickKeyword.groovy:43)
	at com.kms.katalon.core.keyword.internal.KeywordExecutor.executeKeywordForPlatform(KeywordExecutor.groovy:73)
	at com.kms.katalon.core.webui.keyword.WebUiBuiltInKeywords.click(WebUiBuiltInKeywords.groovy:617)
	at com.kms.katalon.core.webui.keyword.WebUiBuiltInKeywords$click$7.call(Unknown Source)
	at webAction.WebAction.click(WebAction.groovy:25)
	at webAction.WebAction$click$1.call(Unknown Source)
	at pages.Product.clickOnProductTab(Product.groovy:36)
	at pages.Product.getRandomProductNmae(Product.groovy:65)
	at pages.Product.invokeMethod(Product.groovy)
	at com.kms.katalon.core.main.CustomKeywordDelegatingMetaClass.invokeStaticMethod(CustomKeywordDelegatingMetaClass.java:50)
	at verifyCloseButtonFunctionalityInProductEditPage.run(verifyCloseButtonFunctionalityInProductEditPage:19)
	at com.kms.katalon.core.main.ScriptEngine.run(ScriptEngine.java:194)
	at com.kms.katalon.core.main.ScriptEngine.runScriptAsRawText(ScriptEngine.java:119)
	at com.kms.katalon.core.main.TestCaseExecutor.runScript(TestCaseExecutor.java:339)
	at com.kms.katalon.core.main.TestCaseExecutor.doExecute(TestCaseExecutor.java:330)
	at com.kms.katalon.core.main.TestCaseExecutor.processExecutionPhase(TestCaseExecutor.java:309)
	at com.kms.katalon.core.main.TestCaseExecutor.accessMainPhase(TestCaseExecutor.java:301)
	at com.kms.katalon.core.main.TestCaseExecutor.execute(TestCaseExecutor.java:235)
	at com.kms.katalon.core.main.TestSuiteExecutor.accessTestCaseMainPhase(TestSuiteExecutor.java:191)
	at com.kms.katalon.core.main.TestSuiteExecutor.accessTestSuiteMainPhase(TestSuiteExecutor.java:141)
	at com.kms.katalon.core.main.TestSuiteExecutor.execute(TestSuiteExecutor.java:90)
	at com.kms.katalon.core.main.TestCaseMain.startTestSuite(TestCaseMain.java:157)
	at com.kms.katalon.core.main.TestCaseMain$startTestSuite$0.call(Unknown Source)
	at TempTestSuite1610453188307.run(TempTestSuite1610453188307.groovy:39)
Caused by: org.openqa.selenium.ElementClickInterceptedException: element click intercepted: Element <a>...</a> is not clickable at point (1111, 29). Other element would receive the click: <div role="dialog" aria-modal="true" class="fade modal show" tabindex="-1" style="display: block;">...</div>
  (Session info: chrome=87.0.4280.141)
Build info: version: '3.141.59', revision: 'e82be7d358', time: '2018-11-14T08:25:53'
System info: host: 'DESKTOP-H3LAPEO', ip: '192.168.43.128', os.name: 'Windows 10', os.arch: 'amd64', os.version: '10.0', java.version: '1.8.0_181'
Driver info: com.kms.katalon.selenium.driver.CChromeDriver
Capabilities {acceptInsecureCerts: false, browserName: chrome, browserVersion: 87.0.4280.141, chrome: {chromedriverVersion: 87.0.4280.88 (89e2380a3e36c..., userDataDir: C:\Users\Lenovo\AppData\Loc...}, goog:chromeOptions: {debuggerAddress: localhost:61257}, javascriptEnabled: true, networkConnectionEnabled: false, pageLoadStrategy: normal, platform: WINDOWS, platformName: WINDOWS, proxy: Proxy(), setWindowRect: true, strictFileInteractability: false, timeouts: {implicit: 0, pageLoad: 300000, script: 30000}, unhandledPromptBehavior: dismiss and notify, webauthn:virtualAuthenticators: true}
Session ID: 2c03037731b6473acaf7a189a66d6c98
	at org.openqa.selenium.remote.http.W3CHttpResponseCodec.createException(W3CHttpResponseCodec.java:187)
	at org.openqa.selenium.remote.http.W3CHttpResponseCodec.decode(W3CHttpResponseCodec.java:122)
	at org.openqa.selenium.remote.http.W3CHttpResponseCodec.decode(W3CHttpResponseCodec.java:49)
	at org.openqa.selenium.remote.HttpCommandExecutor.execute(HttpCommandExecutor.java:158)
	at org.openqa.selenium.remote.service.DriverCommandExecutor.execute(DriverCommandExecutor.java:83)
	at org.openqa.selenium.remote.RemoteWebDriver.execute(RemoteWebDriver.java:552)
	at com.kms.katalon.selenium.driver.CChromeDriver.execute(CChromeDriver.java:19)
	at org.openqa.selenium.remote.RemoteWebElement.execute(RemoteWebElement.java:285)
	at org.openqa.selenium.remote.RemoteWebElement.click(RemoteWebElement.java:84)
	at org.openqa.selenium.support.events.EventFiringWebDriver$EventFiringWebElement.lambda$new$0(EventFiringWebDriver.java:404)
	at com.sun.proxy.$Proxy11.click(Unknown Source)
	at org.openqa.selenium.support.events.EventFiringWebDriver$EventFiringWebElement.click(EventFiringWebDriver.java:417)
	at com.kms.katalon.core.webui.keyword.builtin.ClickKeyword$_click_closure1.doCall(ClickKeyword.groovy:69)
	at com.kms.katalon.core.webui.keyword.builtin.ClickKeyword$_click_closure1.call(ClickKeyword.groovy)
	at com.kms.katalon.core.webui.keyword.internal.WebUIKeywordMain.runKeyword(WebUIKeywordMain.groovy:20)
	... 25 more]]></system-err>
      </testcase>
      <testcase name="Test Cases/Admin/Product/verifySaveChangesDeleteAndCloseButtonInProductDetailspage" time="2.684" classname="Test Cases/Admin/Product/verifySaveChangesDeleteAndCloseButtonInProductDetailspage" status="FAILED">
         <failure type="FAILED" message="Test Cases/Admin/Product/verifySaveChangesDeleteAndCloseButtonInProductDetailspage FAILED.
Reason:
com.kms.katalon.core.exception.StepFailedException: Unable to click on object 'Object Repository/Product/productTab'
	at com.kms.katalon.core.webui.keyword.internal.WebUIKeywordMain.stepFailed(WebUIKeywordMain.groovy:64)
	at com.kms.katalon.core.webui.keyword.internal.WebUIKeywordMain.runKeyword(WebUIKeywordMain.groovy:26)
	at com.kms.katalon.core.webui.keyword.builtin.ClickKeyword.click(ClickKeyword.groovy:76)
	at com.kms.katalon.core.webui.keyword.builtin.ClickKeyword.execute(ClickKeyword.groovy:43)
	at com.kms.katalon.core.keyword.internal.KeywordExecutor.executeKeywordForPlatform(KeywordExecutor.groovy:73)
	at com.kms.katalon.core.webui.keyword.WebUiBuiltInKeywords.click(WebUiBuiltInKeywords.groovy:617)
	at com.kms.katalon.core.webui.keyword.WebUiBuiltInKeywords$click$7.call(Unknown Source)
	at webAction.WebAction.click(WebAction.groovy:25)
	at webAction.WebAction$click$1.call(Unknown Source)
	at pages.Product.clickOnProductTab(Product.groovy:36)
	at pages.Product.addProduct(Product.groovy:48)
	at pages.Product.invokeMethod(Product.groovy)
	at com.kms.katalon.core.main.CustomKeywordDelegatingMetaClass.invokeStaticMethod(CustomKeywordDelegatingMetaClass.java:50)
	at verifySaveChangesDeleteAndCloseButtonInProductDetailspage.run(verifySaveChangesDeleteAndCloseButtonInProductDetailspage:21)
	at com.kms.katalon.core.main.ScriptEngine.run(ScriptEngine.java:194)
	at com.kms.katalon.core.main.ScriptEngine.runScriptAsRawText(ScriptEngine.java:119)
	at com.kms.katalon.core.main.TestCaseExecutor.runScript(TestCaseExecutor.java:339)
	at com.kms.katalon.core.main.TestCaseExecutor.doExecute(TestCaseExecutor.java:330)
	at com.kms.katalon.core.main.TestCaseExecutor.processExecutionPhase(TestCaseExecutor.java:309)
	at com.kms.katalon.core.main.TestCaseExecutor.accessMainPhase(TestCaseExecutor.java:301)
	at com.kms.katalon.core.main.TestCaseExecutor.execute(TestCaseExecutor.java:235)
	at com.kms.katalon.core.main.TestSuiteExecutor.accessTestCaseMainPhase(TestSuiteExecutor.java:191)
	at com.kms.katalon.core.main.TestSuiteExecutor.accessTestSuiteMainPhase(TestSuiteExecutor.java:141)
	at com.kms.katalon.core.main.TestSuiteExecutor.execute(TestSuiteExecutor.java:90)
	at com.kms.katalon.core.main.TestCaseMain.startTestSuite(TestCaseMain.java:157)
	at com.kms.katalon.core.main.TestCaseMain$startTestSuite$0.call(Unknown Source)
	at TempTestSuite1610453188307.run(TempTestSuite1610453188307.groovy:39)
Caused by: org.openqa.selenium.ElementClickInterceptedException: element click intercepted: Element &lt;a>...&lt;/a> is not clickable at point (1111, 29). Other element would receive the click: &lt;div role=&quot;dialog&quot; aria-modal=&quot;true&quot; class=&quot;fade modal show&quot; tabindex=&quot;-1&quot; style=&quot;display: block;&quot;>...&lt;/div>
  (Session info: chrome=87.0.4280.141)
Build info: version: '3.141.59', revision: 'e82be7d358', time: '2018-11-14T08:25:53'
System info: host: 'DESKTOP-H3LAPEO', ip: '192.168.43.128', os.name: 'Windows 10', os.arch: 'amd64', os.version: '10.0', java.version: '1.8.0_181'
Driver info: com.kms.katalon.selenium.driver.CChromeDriver
Capabilities {acceptInsecureCerts: false, browserName: chrome, browserVersion: 87.0.4280.141, chrome: {chromedriverVersion: 87.0.4280.88 (89e2380a3e36c..., userDataDir: C:\Users\Lenovo\AppData\Loc...}, goog:chromeOptions: {debuggerAddress: localhost:61257}, javascriptEnabled: true, networkConnectionEnabled: false, pageLoadStrategy: normal, platform: WINDOWS, platformName: WINDOWS, proxy: Proxy(), setWindowRect: true, strictFileInteractability: false, timeouts: {implicit: 0, pageLoad: 300000, script: 30000}, unhandledPromptBehavior: dismiss and notify, webauthn:virtualAuthenticators: true}
Session ID: 2c03037731b6473acaf7a189a66d6c98
	at org.openqa.selenium.remote.http.W3CHttpResponseCodec.createException(W3CHttpResponseCodec.java:187)
	at org.openqa.selenium.remote.http.W3CHttpResponseCodec.decode(W3CHttpResponseCodec.java:122)
	at org.openqa.selenium.remote.http.W3CHttpResponseCodec.decode(W3CHttpResponseCodec.java:49)
	at org.openqa.selenium.remote.HttpCommandExecutor.execute(HttpCommandExecutor.java:158)
	at org.openqa.selenium.remote.service.DriverCommandExecutor.execute(DriverCommandExecutor.java:83)
	at org.openqa.selenium.remote.RemoteWebDriver.execute(RemoteWebDriver.java:552)
	at com.kms.katalon.selenium.driver.CChromeDriver.execute(CChromeDriver.java:19)
	at org.openqa.selenium.remote.RemoteWebElement.execute(RemoteWebElement.java:285)
	at org.openqa.selenium.remote.RemoteWebElement.click(RemoteWebElement.java:84)
	at org.openqa.selenium.support.events.EventFiringWebDriver$EventFiringWebElement.lambda$new$0(EventFiringWebDriver.java:404)
	at com.sun.proxy.$Proxy11.click(Unknown Source)
	at org.openqa.selenium.support.events.EventFiringWebDriver$EventFiringWebElement.click(EventFiringWebDriver.java:417)
	at com.kms.katalon.core.webui.keyword.builtin.ClickKeyword$_click_closure1.doCall(ClickKeyword.groovy:69)
	at com.kms.katalon.core.webui.keyword.builtin.ClickKeyword$_click_closure1.call(ClickKeyword.groovy)
	at com.kms.katalon.core.webui.keyword.internal.WebUIKeywordMain.runKeyword(WebUIKeywordMain.groovy:20)
	... 25 more
"/>
         <system-out><![CDATA[2021-01-12 07:17:31 - [TEST_CASE][FAILED] - Test Cases/Admin/Product/verifySaveChangesDeleteAndCloseButtonInProductDetailspage: Test Cases/Admin/Product/verifySaveChangesDeleteAndCloseButtonInProductDetailspage FAILED.
Reason:
com.kms.katalon.core.exception.StepFailedException: Unable to click on object 'Object Repository/Product/productTab'
	at com.kms.katalon.core.webui.keyword.internal.WebUIKeywordMain.stepFailed(WebUIKeywordMain.groovy:64)
	at com.kms.katalon.core.webui.keyword.internal.WebUIKeywordMain.runKeyword(WebUIKeywordMain.groovy:26)
	at com.kms.katalon.core.webui.keyword.builtin.ClickKeyword.click(ClickKeyword.groovy:76)
	at com.kms.katalon.core.webui.keyword.builtin.ClickKeyword.execute(ClickKeyword.groovy:43)
	at com.kms.katalon.core.keyword.internal.KeywordExecutor.executeKeywordForPlatform(KeywordExecutor.groovy:73)
	at com.kms.katalon.core.webui.keyword.WebUiBuiltInKeywords.click(WebUiBuiltInKeywords.groovy:617)
	at com.kms.katalon.core.webui.keyword.WebUiBuiltInKeywords$click$7.call(Unknown Source)
	at webAction.WebAction.click(WebAction.groovy:25)
	at webAction.WebAction$click$1.call(Unknown Source)
	at pages.Product.clickOnProductTab(Product.groovy:36)
	at pages.Product.addProduct(Product.groovy:48)
	at pages.Product.invokeMethod(Product.groovy)
	at com.kms.katalon.core.main.CustomKeywordDelegatingMetaClass.invokeStaticMethod(CustomKeywordDelegatingMetaClass.java:50)
	at verifySaveChangesDeleteAndCloseButtonInProductDetailspage.run(verifySaveChangesDeleteAndCloseButtonInProductDetailspage:21)
	at com.kms.katalon.core.main.ScriptEngine.run(ScriptEngine.java:194)
	at com.kms.katalon.core.main.ScriptEngine.runScriptAsRawText(ScriptEngine.java:119)
	at com.kms.katalon.core.main.TestCaseExecutor.runScript(TestCaseExecutor.java:339)
	at com.kms.katalon.core.main.TestCaseExecutor.doExecute(TestCaseExecutor.java:330)
	at com.kms.katalon.core.main.TestCaseExecutor.processExecutionPhase(TestCaseExecutor.java:309)
	at com.kms.katalon.core.main.TestCaseExecutor.accessMainPhase(TestCaseExecutor.java:301)
	at com.kms.katalon.core.main.TestCaseExecutor.execute(TestCaseExecutor.java:235)
	at com.kms.katalon.core.main.TestSuiteExecutor.accessTestCaseMainPhase(TestSuiteExecutor.java:191)
	at com.kms.katalon.core.main.TestSuiteExecutor.accessTestSuiteMainPhase(TestSuiteExecutor.java:141)
	at com.kms.katalon.core.main.TestSuiteExecutor.execute(TestSuiteExecutor.java:90)
	at com.kms.katalon.core.main.TestCaseMain.startTestSuite(TestCaseMain.java:157)
	at com.kms.katalon.core.main.TestCaseMain$startTestSuite$0.call(Unknown Source)
	at TempTestSuite1610453188307.run(TempTestSuite1610453188307.groovy:39)
Caused by: org.openqa.selenium.ElementClickInterceptedException: element click intercepted: Element <a>...</a> is not clickable at point (1111, 29). Other element would receive the click: <div role="dialog" aria-modal="true" class="fade modal show" tabindex="-1" style="display: block;">...</div>
  (Session info: chrome=87.0.4280.141)
Build info: version: '3.141.59', revision: 'e82be7d358', time: '2018-11-14T08:25:53'
System info: host: 'DESKTOP-H3LAPEO', ip: '192.168.43.128', os.name: 'Windows 10', os.arch: 'amd64', os.version: '10.0', java.version: '1.8.0_181'
Driver info: com.kms.katalon.selenium.driver.CChromeDriver
Capabilities {acceptInsecureCerts: false, browserName: chrome, browserVersion: 87.0.4280.141, chrome: {chromedriverVersion: 87.0.4280.88 (89e2380a3e36c..., userDataDir: C:\Users\Lenovo\AppData\Loc...}, goog:chromeOptions: {debuggerAddress: localhost:61257}, javascriptEnabled: true, networkConnectionEnabled: false, pageLoadStrategy: normal, platform: WINDOWS, platformName: WINDOWS, proxy: Proxy(), setWindowRect: true, strictFileInteractability: false, timeouts: {implicit: 0, pageLoad: 300000, script: 30000}, unhandledPromptBehavior: dismiss and notify, webauthn:virtualAuthenticators: true}
Session ID: 2c03037731b6473acaf7a189a66d6c98
	at org.openqa.selenium.remote.http.W3CHttpResponseCodec.createException(W3CHttpResponseCodec.java:187)
	at org.openqa.selenium.remote.http.W3CHttpResponseCodec.decode(W3CHttpResponseCodec.java:122)
	at org.openqa.selenium.remote.http.W3CHttpResponseCodec.decode(W3CHttpResponseCodec.java:49)
	at org.openqa.selenium.remote.HttpCommandExecutor.execute(HttpCommandExecutor.java:158)
	at org.openqa.selenium.remote.service.DriverCommandExecutor.execute(DriverCommandExecutor.java:83)
	at org.openqa.selenium.remote.RemoteWebDriver.execute(RemoteWebDriver.java:552)
	at com.kms.katalon.selenium.driver.CChromeDriver.execute(CChromeDriver.java:19)
	at org.openqa.selenium.remote.RemoteWebElement.execute(RemoteWebElement.java:285)
	at org.openqa.selenium.remote.RemoteWebElement.click(RemoteWebElement.java:84)
	at org.openqa.selenium.support.events.EventFiringWebDriver$EventFiringWebElement.lambda$new$0(EventFiringWebDriver.java:404)
	at com.sun.proxy.$Proxy11.click(Unknown Source)
	at org.openqa.selenium.support.events.EventFiringWebDriver$EventFiringWebElement.click(EventFiringWebDriver.java:417)
	at com.kms.katalon.core.webui.keyword.builtin.ClickKeyword$_click_closure1.doCall(ClickKeyword.groovy:69)
	at com.kms.katalon.core.webui.keyword.builtin.ClickKeyword$_click_closure1.call(ClickKeyword.groovy)
	at com.kms.katalon.core.webui.keyword.internal.WebUIKeywordMain.runKeyword(WebUIKeywordMain.groovy:20)
	... 25 more


2021-01-12 07:17:31 - [TEST_STEP][FAILED] - productname = pages.Product.addProduct(): Unable to click on object 'Object Repository/Product/productTab'

2021-01-12 07:17:31 - [MESSAGE][PASSED] - Object 'Object Repository/Product/productTab' is present

2021-01-12 07:17:32 - [MESSAGE][PASSED] - Object 'Object Repository/Product/productTab' is visible

2021-01-12 07:17:32 - [MESSAGE][PASSED] - Object 'Object Repository/Product/productTab' is clickable

2021-01-12 07:17:34 - [MESSAGE][FAILED] - Unable to click on object 'Object Repository/Product/productTab' (Root cause: com.kms.katalon.core.exception.StepFailedException: Unable to click on object 'Object Repository/Product/productTab'
	at com.kms.katalon.core.webui.keyword.internal.WebUIKeywordMain.stepFailed(WebUIKeywordMain.groovy:64)
	at com.kms.katalon.core.webui.keyword.internal.WebUIKeywordMain.runKeyword(WebUIKeywordMain.groovy:26)
	at com.kms.katalon.core.webui.keyword.builtin.ClickKeyword.click(ClickKeyword.groovy:76)
	at com.kms.katalon.core.webui.keyword.builtin.ClickKeyword.execute(ClickKeyword.groovy:43)
	at com.kms.katalon.core.keyword.internal.KeywordExecutor.executeKeywordForPlatform(KeywordExecutor.groovy:73)
	at com.kms.katalon.core.webui.keyword.WebUiBuiltInKeywords.click(WebUiBuiltInKeywords.groovy:617)
	at com.kms.katalon.core.webui.keyword.WebUiBuiltInKeywords$click$7.call(Unknown Source)
	at webAction.WebAction.click(WebAction.groovy:25)
	at webAction.WebAction$click$1.call(Unknown Source)
	at pages.Product.clickOnProductTab(Product.groovy:36)
	at pages.Product.addProduct(Product.groovy:48)
	at pages.Product.invokeMethod(Product.groovy)
	at com.kms.katalon.core.main.CustomKeywordDelegatingMetaClass.invokeStaticMethod(CustomKeywordDelegatingMetaClass.java:50)
	at verifySaveChangesDeleteAndCloseButtonInProductDetailspage.run(verifySaveChangesDeleteAndCloseButtonInProductDetailspage:21)
	at com.kms.katalon.core.main.ScriptEngine.run(ScriptEngine.java:194)
	at com.kms.katalon.core.main.ScriptEngine.runScriptAsRawText(ScriptEngine.java:119)
	at com.kms.katalon.core.main.TestCaseExecutor.runScript(TestCaseExecutor.java:339)
	at com.kms.katalon.core.main.TestCaseExecutor.doExecute(TestCaseExecutor.java:330)
	at com.kms.katalon.core.main.TestCaseExecutor.processExecutionPhase(TestCaseExecutor.java:309)
	at com.kms.katalon.core.main.TestCaseExecutor.accessMainPhase(TestCaseExecutor.java:301)
	at com.kms.katalon.core.main.TestCaseExecutor.execute(TestCaseExecutor.java:235)
	at com.kms.katalon.core.main.TestSuiteExecutor.accessTestCaseMainPhase(TestSuiteExecutor.java:191)
	at com.kms.katalon.core.main.TestSuiteExecutor.accessTestSuiteMainPhase(TestSuiteExecutor.java:141)
	at com.kms.katalon.core.main.TestSuiteExecutor.execute(TestSuiteExecutor.java:90)
	at com.kms.katalon.core.main.TestCaseMain.startTestSuite(TestCaseMain.java:157)
	at com.kms.katalon.core.main.TestCaseMain$startTestSuite$0.call(Unknown Source)
	at TempTestSuite1610453188307.run(TempTestSuite1610453188307.groovy:39)
Caused by: org.openqa.selenium.ElementClickInterceptedException: element click intercepted: Element <a>...</a> is not clickable at point (1111, 29). Other element would receive the click: <div role="dialog" aria-modal="true" class="fade modal show" tabindex="-1" style="display: block;">...</div>
  (Session info: chrome=87.0.4280.141)
Build info: version: '3.141.59', revision: 'e82be7d358', time: '2018-11-14T08:25:53'
System info: host: 'DESKTOP-H3LAPEO', ip: '192.168.43.128', os.name: 'Windows 10', os.arch: 'amd64', os.version: '10.0', java.version: '1.8.0_181'
Driver info: com.kms.katalon.selenium.driver.CChromeDriver
Capabilities {acceptInsecureCerts: false, browserName: chrome, browserVersion: 87.0.4280.141, chrome: {chromedriverVersion: 87.0.4280.88 (89e2380a3e36c..., userDataDir: C:\Users\Lenovo\AppData\Loc...}, goog:chromeOptions: {debuggerAddress: localhost:61257}, javascriptEnabled: true, networkConnectionEnabled: false, pageLoadStrategy: normal, platform: WINDOWS, platformName: WINDOWS, proxy: Proxy(), setWindowRect: true, strictFileInteractability: false, timeouts: {implicit: 0, pageLoad: 300000, script: 30000}, unhandledPromptBehavior: dismiss and notify, webauthn:virtualAuthenticators: true}
Session ID: 2c03037731b6473acaf7a189a66d6c98
	at org.openqa.selenium.remote.http.W3CHttpResponseCodec.createException(W3CHttpResponseCodec.java:187)
	at org.openqa.selenium.remote.http.W3CHttpResponseCodec.decode(W3CHttpResponseCodec.java:122)
	at org.openqa.selenium.remote.http.W3CHttpResponseCodec.decode(W3CHttpResponseCodec.java:49)
	at org.openqa.selenium.remote.HttpCommandExecutor.execute(HttpCommandExecutor.java:158)
	at org.openqa.selenium.remote.service.DriverCommandExecutor.execute(DriverCommandExecutor.java:83)
	at org.openqa.selenium.remote.RemoteWebDriver.execute(RemoteWebDriver.java:552)
	at com.kms.katalon.selenium.driver.CChromeDriver.execute(CChromeDriver.java:19)
	at org.openqa.selenium.remote.RemoteWebElement.execute(RemoteWebElement.java:285)
	at org.openqa.selenium.remote.RemoteWebElement.click(RemoteWebElement.java:84)
	at org.openqa.selenium.support.events.EventFiringWebDriver$EventFiringWebElement.lambda$new$0(EventFiringWebDriver.java:404)
	at com.sun.proxy.$Proxy11.click(Unknown Source)
	at org.openqa.selenium.support.events.EventFiringWebDriver$EventFiringWebElement.click(EventFiringWebDriver.java:417)
	at com.kms.katalon.core.webui.keyword.builtin.ClickKeyword$_click_closure1.doCall(ClickKeyword.groovy:69)
	at com.kms.katalon.core.webui.keyword.builtin.ClickKeyword$_click_closure1.call(ClickKeyword.groovy)
	at com.kms.katalon.core.webui.keyword.internal.WebUIKeywordMain.runKeyword(WebUIKeywordMain.groovy:20)
	at com.kms.katalon.core.webui.keyword.builtin.ClickKeyword.click(ClickKeyword.groovy:76)
	at com.kms.katalon.core.webui.keyword.builtin.ClickKeyword.execute(ClickKeyword.groovy:43)
	at com.kms.katalon.core.keyword.internal.KeywordExecutor.executeKeywordForPlatform(KeywordExecutor.groovy:73)
	at com.kms.katalon.core.webui.keyword.WebUiBuiltInKeywords.click(WebUiBuiltInKeywords.groovy:617)
	at com.kms.katalon.core.webui.keyword.WebUiBuiltInKeywords$click$7.call(Unknown Source)
	at webAction.WebAction.click(WebAction.groovy:25)
	at webAction.WebAction$click$1.call(Unknown Source)
	at pages.Product.clickOnProductTab(Product.groovy:36)
	at pages.Product.addProduct(Product.groovy:48)
	at pages.Product.invokeMethod(Product.groovy)
	at com.kms.katalon.core.main.CustomKeywordDelegatingMetaClass.invokeStaticMethod(CustomKeywordDelegatingMetaClass.java:50)
	at Script1609752409374.run(Script1609752409374.groovy:21)
	... 13 more
)
[[ATTACHMENT|E:\\Modist Project\\ModistProject\\Reports\\20210112_070617\\Product\\20210112_070628\\1610453853769.png]]

2021-01-12 07:17:34 - [MESSAGE][FAILED] - Unable to click on object 'Object Repository/Product/productTab']]></system-out>
         <system-err><![CDATA[2021-01-12 07:17:31 - [TEST_CASE][FAILED] - Test Cases/Admin/Product/verifySaveChangesDeleteAndCloseButtonInProductDetailspage: Test Cases/Admin/Product/verifySaveChangesDeleteAndCloseButtonInProductDetailspage FAILED.
Reason:
com.kms.katalon.core.exception.StepFailedException: Unable to click on object 'Object Repository/Product/productTab'
	at com.kms.katalon.core.webui.keyword.internal.WebUIKeywordMain.stepFailed(WebUIKeywordMain.groovy:64)
	at com.kms.katalon.core.webui.keyword.internal.WebUIKeywordMain.runKeyword(WebUIKeywordMain.groovy:26)
	at com.kms.katalon.core.webui.keyword.builtin.ClickKeyword.click(ClickKeyword.groovy:76)
	at com.kms.katalon.core.webui.keyword.builtin.ClickKeyword.execute(ClickKeyword.groovy:43)
	at com.kms.katalon.core.keyword.internal.KeywordExecutor.executeKeywordForPlatform(KeywordExecutor.groovy:73)
	at com.kms.katalon.core.webui.keyword.WebUiBuiltInKeywords.click(WebUiBuiltInKeywords.groovy:617)
	at com.kms.katalon.core.webui.keyword.WebUiBuiltInKeywords$click$7.call(Unknown Source)
	at webAction.WebAction.click(WebAction.groovy:25)
	at webAction.WebAction$click$1.call(Unknown Source)
	at pages.Product.clickOnProductTab(Product.groovy:36)
	at pages.Product.addProduct(Product.groovy:48)
	at pages.Product.invokeMethod(Product.groovy)
	at com.kms.katalon.core.main.CustomKeywordDelegatingMetaClass.invokeStaticMethod(CustomKeywordDelegatingMetaClass.java:50)
	at verifySaveChangesDeleteAndCloseButtonInProductDetailspage.run(verifySaveChangesDeleteAndCloseButtonInProductDetailspage:21)
	at com.kms.katalon.core.main.ScriptEngine.run(ScriptEngine.java:194)
	at com.kms.katalon.core.main.ScriptEngine.runScriptAsRawText(ScriptEngine.java:119)
	at com.kms.katalon.core.main.TestCaseExecutor.runScript(TestCaseExecutor.java:339)
	at com.kms.katalon.core.main.TestCaseExecutor.doExecute(TestCaseExecutor.java:330)
	at com.kms.katalon.core.main.TestCaseExecutor.processExecutionPhase(TestCaseExecutor.java:309)
	at com.kms.katalon.core.main.TestCaseExecutor.accessMainPhase(TestCaseExecutor.java:301)
	at com.kms.katalon.core.main.TestCaseExecutor.execute(TestCaseExecutor.java:235)
	at com.kms.katalon.core.main.TestSuiteExecutor.accessTestCaseMainPhase(TestSuiteExecutor.java:191)
	at com.kms.katalon.core.main.TestSuiteExecutor.accessTestSuiteMainPhase(TestSuiteExecutor.java:141)
	at com.kms.katalon.core.main.TestSuiteExecutor.execute(TestSuiteExecutor.java:90)
	at com.kms.katalon.core.main.TestCaseMain.startTestSuite(TestCaseMain.java:157)
	at com.kms.katalon.core.main.TestCaseMain$startTestSuite$0.call(Unknown Source)
	at TempTestSuite1610453188307.run(TempTestSuite1610453188307.groovy:39)
Caused by: org.openqa.selenium.ElementClickInterceptedException: element click intercepted: Element <a>...</a> is not clickable at point (1111, 29). Other element would receive the click: <div role="dialog" aria-modal="true" class="fade modal show" tabindex="-1" style="display: block;">...</div>
  (Session info: chrome=87.0.4280.141)
Build info: version: '3.141.59', revision: 'e82be7d358', time: '2018-11-14T08:25:53'
System info: host: 'DESKTOP-H3LAPEO', ip: '192.168.43.128', os.name: 'Windows 10', os.arch: 'amd64', os.version: '10.0', java.version: '1.8.0_181'
Driver info: com.kms.katalon.selenium.driver.CChromeDriver
Capabilities {acceptInsecureCerts: false, browserName: chrome, browserVersion: 87.0.4280.141, chrome: {chromedriverVersion: 87.0.4280.88 (89e2380a3e36c..., userDataDir: C:\Users\Lenovo\AppData\Loc...}, goog:chromeOptions: {debuggerAddress: localhost:61257}, javascriptEnabled: true, networkConnectionEnabled: false, pageLoadStrategy: normal, platform: WINDOWS, platformName: WINDOWS, proxy: Proxy(), setWindowRect: true, strictFileInteractability: false, timeouts: {implicit: 0, pageLoad: 300000, script: 30000}, unhandledPromptBehavior: dismiss and notify, webauthn:virtualAuthenticators: true}
Session ID: 2c03037731b6473acaf7a189a66d6c98
	at org.openqa.selenium.remote.http.W3CHttpResponseCodec.createException(W3CHttpResponseCodec.java:187)
	at org.openqa.selenium.remote.http.W3CHttpResponseCodec.decode(W3CHttpResponseCodec.java:122)
	at org.openqa.selenium.remote.http.W3CHttpResponseCodec.decode(W3CHttpResponseCodec.java:49)
	at org.openqa.selenium.remote.HttpCommandExecutor.execute(HttpCommandExecutor.java:158)
	at org.openqa.selenium.remote.service.DriverCommandExecutor.execute(DriverCommandExecutor.java:83)
	at org.openqa.selenium.remote.RemoteWebDriver.execute(RemoteWebDriver.java:552)
	at com.kms.katalon.selenium.driver.CChromeDriver.execute(CChromeDriver.java:19)
	at org.openqa.selenium.remote.RemoteWebElement.execute(RemoteWebElement.java:285)
	at org.openqa.selenium.remote.RemoteWebElement.click(RemoteWebElement.java:84)
	at org.openqa.selenium.support.events.EventFiringWebDriver$EventFiringWebElement.lambda$new$0(EventFiringWebDriver.java:404)
	at com.sun.proxy.$Proxy11.click(Unknown Source)
	at org.openqa.selenium.support.events.EventFiringWebDriver$EventFiringWebElement.click(EventFiringWebDriver.java:417)
	at com.kms.katalon.core.webui.keyword.builtin.ClickKeyword$_click_closure1.doCall(ClickKeyword.groovy:69)
	at com.kms.katalon.core.webui.keyword.builtin.ClickKeyword$_click_closure1.call(ClickKeyword.groovy)
	at com.kms.katalon.core.webui.keyword.internal.WebUIKeywordMain.runKeyword(WebUIKeywordMain.groovy:20)
	... 25 more]]></system-err>
      </testcase>
      <system-out><![CDATA[2021-01-12 07:15:24 - [TEST_SUITE][FAILED] - Product: Test Cases/Admin/Product/deleteProductFromProductEditPageAndVerify FAILED.
Reason:
com.kms.katalon.core.exception.StepFailedException: The product RandomProduct767 is still shown in list
	at com.kms.katalon.core.util.KeywordUtil.markFailedAndStop(KeywordUtil.java:28)
	at com.kms.katalon.core.util.KeywordUtil$markFailedAndStop.call(Unknown Source)
	at verification.Verification.verifyElementNotPresent(Verification.groovy:47)
	at verification.Verification.verifyElementNotPresent(Verification.groovy)
	at verification.Verification$verifyElementNotPresent$0.call(Unknown Source)
	at pages.Product.verifyProductNotPresent(Product.groovy:100)
	at pages.Product.invokeMethod(Product.groovy)
	at com.kms.katalon.core.main.CustomKeywordDelegatingMetaClass.invokeStaticMethod(CustomKeywordDelegatingMetaClass.java:50)
	at deleteProductFromProductEditPageAndVerify.run(deleteProductFromProductEditPageAndVerify:27)
	at com.kms.katalon.core.main.ScriptEngine.run(ScriptEngine.java:194)
	at com.kms.katalon.core.main.ScriptEngine.runScriptAsRawText(ScriptEngine.java:119)
	at com.kms.katalon.core.main.TestCaseExecutor.runScript(TestCaseExecutor.java:339)
	at com.kms.katalon.core.main.TestCaseExecutor.doExecute(TestCaseExecutor.java:330)
	at com.kms.katalon.core.main.TestCaseExecutor.processExecutionPhase(TestCaseExecutor.java:309)
	at com.kms.katalon.core.main.TestCaseExecutor.accessMainPhase(TestCaseExecutor.java:301)
	at com.kms.katalon.core.main.TestCaseExecutor.execute(TestCaseExecutor.java:235)
	at com.kms.katalon.core.main.TestSuiteExecutor.accessTestCaseMainPhase(TestSuiteExecutor.java:191)
	at com.kms.katalon.core.main.TestSuiteExecutor.accessTestSuiteMainPhase(TestSuiteExecutor.java:141)
	at com.kms.katalon.core.main.TestSuiteExecutor.execute(TestSuiteExecutor.java:90)
	at com.kms.katalon.core.main.TestCaseMain.startTestSuite(TestCaseMain.java:157)
	at com.kms.katalon.core.main.TestCaseMain$startTestSuite$0.call(Unknown Source)
	at TempTestSuite1610453188307.run(TempTestSuite1610453188307.groovy:39)]]></system-out>
      <system-err><![CDATA[2021-01-12 07:15:24 - [TEST_SUITE][FAILED] - Product: Test Cases/Admin/Product/deleteProductFromProductEditPageAndVerify FAILED.
Reason:
com.kms.katalon.core.exception.StepFailedException: The product RandomProduct767 is still shown in list
	at com.kms.katalon.core.util.KeywordUtil.markFailedAndStop(KeywordUtil.java:28)
	at com.kms.katalon.core.util.KeywordUtil$markFailedAndStop.call(Unknown Source)
	at verification.Verification.verifyElementNotPresent(Verification.groovy:47)
	at verification.Verification.verifyElementNotPresent(Verification.groovy)
	at verification.Verification$verifyElementNotPresent$0.call(Unknown Source)
	at pages.Product.verifyProductNotPresent(Product.groovy:100)
	at pages.Product.invokeMethod(Product.groovy)
	at com.kms.katalon.core.main.CustomKeywordDelegatingMetaClass.invokeStaticMethod(CustomKeywordDelegatingMetaClass.java:50)
	at deleteProductFromProductEditPageAndVerify.run(deleteProductFromProductEditPageAndVerify:27)
	at com.kms.katalon.core.main.ScriptEngine.run(ScriptEngine.java:194)
	at com.kms.katalon.core.main.ScriptEngine.runScriptAsRawText(ScriptEngine.java:119)
	at com.kms.katalon.core.main.TestCaseExecutor.runScript(TestCaseExecutor.java:339)
	at com.kms.katalon.core.main.TestCaseExecutor.doExecute(TestCaseExecutor.java:330)
	at com.kms.katalon.core.main.TestCaseExecutor.processExecutionPhase(TestCaseExecutor.java:309)
	at com.kms.katalon.core.main.TestCaseExecutor.accessMainPhase(TestCaseExecutor.java:301)
	at com.kms.katalon.core.main.TestCaseExecutor.execute(TestCaseExecutor.java:235)
	at com.kms.katalon.core.main.TestSuiteExecutor.accessTestCaseMainPhase(TestSuiteExecutor.java:191)
	at com.kms.katalon.core.main.TestSuiteExecutor.accessTestSuiteMainPhase(TestSuiteExecutor.java:141)
	at com.kms.katalon.core.main.TestSuiteExecutor.execute(TestSuiteExecutor.java:90)
	at com.kms.katalon.core.main.TestCaseMain.startTestSuite(TestCaseMain.java:157)
	at com.kms.katalon.core.main.TestCaseMain$startTestSuite$0.call(Unknown Source)
	at TempTestSuite1610453188307.run(TempTestSuite1610453188307.groovy:39)]]></system-err>
   </testsuite>
</testsuites>
