<?xml version="1.0" encoding="UTF-8"?>
<testsuites name="Brand" time="140.722" tests="4" failures="1" skips="0" errors="0">
   <testsuite name="Brand" tests="4" failures="1" errors="0" time="140.722" skips="0" timestamp="2021-01-19 11:00:47" hostname="DELL - DESKTOP-99JJ4SE" id="Test Suites/Brand">
      <properties>
         <property name="deviceName" value=""/>
         <property name="devicePlatform" value=""/>
         <property name="logFolder" value="C:\\Users\\DELL\\modist\\ModistProject\\Reports\\20210119_110044\\Brand\\20210119_110044"/>
         <property name="logFiles" value="C:\\Users\\DELL\\modist\\ModistProject\\Reports\\20210119_110044\\Brand\\20210119_110044\\execution0.log"/>
         <property name="attachments" value="C:\\Users\\DELL\\modist\\ModistProject\\Reports\\20210119_110044\\Brand\\20210119_110044\\1611034327965.png, C:\\Users\\DELL\\modist\\ModistProject\\Reports\\20210119_110044\\Brand\\20210119_110044\\1611034328601.png"/>
         <property name="hostName" value="DELL - DESKTOP-99JJ4SE"/>
         <property name="os" value="Windows 10 64bit"/>
         <property name="katalonVersion" value="7.8.2.208"/>
         <property name="browser" value="Chrome 87.0.4280.141"/>
         <property name="hostAddress" value="192.168.1.104"/>
         <property name="sessionId" value="04075770f754c842ac6b15e7de06ad68"/>
         <property name="seleniumVersion" value="3.141.59"/>
         <property name="proxyInformation" value="ProxyInformation { proxyOption=NO_PROXY, proxyServerType=HTTP, username=, password=********, proxyServerAddress=, proxyServerPort=0, executionList=&quot;&quot;, isApplyToDesiredCapabilities=true }"/>
         <property name="platform" value="Windows 10"/>
      </properties>
      <testcase name="Test Cases/Admin/Brand/createBrandAndVerifyIsItSuccessfullyCreated" time="47.428" classname="Test Cases/Admin/Brand/createBrandAndVerifyIsItSuccessfullyCreated" status="FAILED">
         <failure type="FAILED" message="Test Cases/Admin/Brand/createBrandAndVerifyIsItSuccessfullyCreated FAILED.
Reason:
com.kms.katalon.core.exception.StepFailedException: the brand Brand29not created
	at com.kms.katalon.core.util.KeywordUtil.markFailedAndStop(KeywordUtil.java:28)
	at com.kms.katalon.core.util.KeywordUtil$markFailedAndStop.call(Unknown Source)
	at verification.Verification.verifyElementPresent(Verification.groovy:31)
	at verification.Verification.verifyElementPresent(Verification.groovy)
	at verification.Verification$verifyElementPresent.call(Unknown Source)
	at pages.Brand.verifyTheBrandCreated(Brand.groovy:46)
	at pages.Brand.invokeMethod(Brand.groovy)
	at com.kms.katalon.core.main.CustomKeywordDelegatingMetaClass.invokeStaticMethod(CustomKeywordDelegatingMetaClass.java:50)
	at createBrandAndVerifyIsItSuccessfullyCreated.run(createBrandAndVerifyIsItSuccessfullyCreated:20)
	at com.kms.katalon.core.main.ScriptEngine.run(ScriptEngine.java:194)
	at com.kms.katalon.core.main.ScriptEngine.runScriptAsRawText(ScriptEngine.java:119)
	at com.kms.katalon.core.main.TestCaseExecutor.runScript(TestCaseExecutor.java:394)
	at com.kms.katalon.core.main.TestCaseExecutor.doExecute(TestCaseExecutor.java:385)
	at com.kms.katalon.core.main.TestCaseExecutor.processExecutionPhase(TestCaseExecutor.java:364)
	at com.kms.katalon.core.main.TestCaseExecutor.accessMainPhase(TestCaseExecutor.java:356)
	at com.kms.katalon.core.main.TestCaseExecutor.execute(TestCaseExecutor.java:251)
	at com.kms.katalon.core.main.TestSuiteExecutor.accessTestCaseMainPhase(TestSuiteExecutor.java:203)
	at com.kms.katalon.core.main.TestSuiteExecutor.accessTestSuiteMainPhase(TestSuiteExecutor.java:152)
	at com.kms.katalon.core.main.TestSuiteExecutor.execute(TestSuiteExecutor.java:95)
	at com.kms.katalon.core.main.TestCaseMain.startTestSuite(TestCaseMain.java:157)
	at com.kms.katalon.core.main.TestCaseMain$startTestSuite$0.call(Unknown Source)
	at TempTestSuite1611034244681.run(TempTestSuite1611034244681.groovy:39)
"/>
         <system-out><![CDATA[2021-01-19 11:01:21 - [TEST_CASE][FAILED] - Test Cases/Admin/Brand/createBrandAndVerifyIsItSuccessfullyCreated: Test Cases/Admin/Brand/createBrandAndVerifyIsItSuccessfullyCreated FAILED.
Reason:
com.kms.katalon.core.exception.StepFailedException: the brand Brand29not created
	at com.kms.katalon.core.util.KeywordUtil.markFailedAndStop(KeywordUtil.java:28)
	at com.kms.katalon.core.util.KeywordUtil$markFailedAndStop.call(Unknown Source)
	at verification.Verification.verifyElementPresent(Verification.groovy:31)
	at verification.Verification.verifyElementPresent(Verification.groovy)
	at verification.Verification$verifyElementPresent.call(Unknown Source)
	at pages.Brand.verifyTheBrandCreated(Brand.groovy:46)
	at pages.Brand.invokeMethod(Brand.groovy)
	at com.kms.katalon.core.main.CustomKeywordDelegatingMetaClass.invokeStaticMethod(CustomKeywordDelegatingMetaClass.java:50)
	at createBrandAndVerifyIsItSuccessfullyCreated.run(createBrandAndVerifyIsItSuccessfullyCreated:20)
	at com.kms.katalon.core.main.ScriptEngine.run(ScriptEngine.java:194)
	at com.kms.katalon.core.main.ScriptEngine.runScriptAsRawText(ScriptEngine.java:119)
	at com.kms.katalon.core.main.TestCaseExecutor.runScript(TestCaseExecutor.java:394)
	at com.kms.katalon.core.main.TestCaseExecutor.doExecute(TestCaseExecutor.java:385)
	at com.kms.katalon.core.main.TestCaseExecutor.processExecutionPhase(TestCaseExecutor.java:364)
	at com.kms.katalon.core.main.TestCaseExecutor.accessMainPhase(TestCaseExecutor.java:356)
	at com.kms.katalon.core.main.TestCaseExecutor.execute(TestCaseExecutor.java:251)
	at com.kms.katalon.core.main.TestSuiteExecutor.accessTestCaseMainPhase(TestSuiteExecutor.java:203)
	at com.kms.katalon.core.main.TestSuiteExecutor.accessTestSuiteMainPhase(TestSuiteExecutor.java:152)
	at com.kms.katalon.core.main.TestSuiteExecutor.execute(TestSuiteExecutor.java:95)
	at com.kms.katalon.core.main.TestCaseMain.startTestSuite(TestCaseMain.java:157)
	at com.kms.katalon.core.main.TestCaseMain$startTestSuite$0.call(Unknown Source)
	at TempTestSuite1611034244681.run(TempTestSuite1611034244681.groovy:39)


2021-01-19 11:01:21 - [TEST_STEP][PASSED] - Start listener action : login: null

2021-01-19 11:01:21 - [TEST_STEP][PASSED] - Thread.sleep(3000): null

2021-01-19 11:01:24 - [TEST_STEP][PASSED] - url = getUrl(): Current window's url is: 'https://qualitlabs.dev-admin.modist.co/dashboard'

2021-01-19 11:01:24 - [MESSAGE][PASSED] - Current window's url is: 'https://qualitlabs.dev-admin.modist.co/dashboard'

2021-01-19 11:01:24 - [TEST_STEP][PASSED] - if (!(url.contains("dashboard"))): null

2021-01-19 11:01:24 - [TEST_STEP][PASSED] - pages.Brand.clickBrand(): pages.Brand.clickBrand is PASSED

2021-01-19 11:01:25 - [MESSAGE][PASSED] - Object: 'Object Repository/Brand/clickOnBrandTab' is clicked on

2021-01-19 11:01:25 - [MESSAGE][PASSED] - pages.Brand.clickBrand is PASSED

2021-01-19 11:01:25 - [TEST_STEP][PASSED] - brandName = pages.Brand.addBrand(): pages.Brand.addBrand is PASSED

2021-01-19 11:01:25 - [MESSAGE][PASSED] - Object 'Object Repository/Brand/AddBrandbutton' is present

2021-01-19 11:01:26 - [MESSAGE][PASSED] - Object 'Object Repository/Brand/AddBrandbutton' is visible

2021-01-19 11:01:27 - [MESSAGE][PASSED] - Object 'Object Repository/Brand/AddBrandbutton' is clickable

2021-01-19 11:01:27 - [MESSAGE][PASSED] - Object: 'Object Repository/Brand/AddBrandbutton' is clicked on

2021-01-19 11:01:28 - [MESSAGE][PASSED] - Object 'Object Repository/Brand/AddBrandPopup/name' is present

2021-01-19 11:01:28 - [MESSAGE][PASSED] - Object 'Object Repository/Brand/AddBrandPopup/name' is visible

2021-01-19 11:01:28 - [MESSAGE][PASSED] - Object 'Object Repository/Brand/AddBrandPopup/name' is clickable

2021-01-19 11:01:29 - [MESSAGE][PASSED] - Text of object 'Object Repository/Brand/AddBrandPopup/name' is cleared

2021-01-19 11:01:29 - [MESSAGE][PASSED] - Keys 'Brand29' sent to object: 'Object Repository/Brand/AddBrandPopup/name'

2021-01-19 11:01:30 - [MESSAGE][PASSED] - Object 'Object Repository/Brand/AddBrandPopup/AddBrandButtonInAddBrandPopup' is present

2021-01-19 11:01:30 - [MESSAGE][PASSED] - Object 'Object Repository/Brand/AddBrandPopup/AddBrandButtonInAddBrandPopup' is visible

2021-01-19 11:01:30 - [MESSAGE][PASSED] - Object 'Object Repository/Brand/AddBrandPopup/AddBrandButtonInAddBrandPopup' is clickable

2021-01-19 11:01:31 - [MESSAGE][PASSED] - Object: 'Object Repository/Brand/AddBrandPopup/AddBrandButtonInAddBrandPopup' is clicked on

2021-01-19 11:01:31 - [MESSAGE][PASSED] - pages.Brand.addBrand is PASSED

2021-01-19 11:01:31 - [TEST_STEP][FAILED] - pages.Brand.verifyTheBrandCreated(brandName): the brand Brand29not created

2021-01-19 11:01:32 - [MESSAGE][PASSED] - Object 'Object Repository/Brand/search' is present

2021-01-19 11:01:32 - [MESSAGE][PASSED] - Object 'Object Repository/Brand/search' is visible

2021-01-19 11:01:32 - [MESSAGE][PASSED] - Object 'Object Repository/Brand/search' is clickable

2021-01-19 11:01:33 - [MESSAGE][PASSED] - Text of object 'Object Repository/Brand/search' is cleared

2021-01-19 11:01:33 - [MESSAGE][PASSED] - Keys '' sent to object: 'Object Repository/Brand/search'

2021-01-19 11:01:33 - [MESSAGE][PASSED] - Keys 'B' sent to object: 'Object Repository/Brand/search'

2021-01-19 11:01:34 - [MESSAGE][PASSED] - Keys 'r' sent to object: 'Object Repository/Brand/search'

2021-01-19 11:01:34 - [MESSAGE][PASSED] - Keys 'a' sent to object: 'Object Repository/Brand/search'

2021-01-19 11:01:35 - [MESSAGE][PASSED] - Keys 'n' sent to object: 'Object Repository/Brand/search'

2021-01-19 11:01:35 - [MESSAGE][PASSED] - Keys 'd' sent to object: 'Object Repository/Brand/search'

2021-01-19 11:01:36 - [MESSAGE][PASSED] - Keys '2' sent to object: 'Object Repository/Brand/search'

2021-01-19 11:01:36 - [MESSAGE][PASSED] - Keys '9' sent to object: 'Object Repository/Brand/search'

2021-01-19 11:02:07 - [MESSAGE][INFO] - Unable to find the element located by 'By.xpath: //div[@class='sc-jrsJCI ivRwdr rdt_TableRow']//div[text()='Brand29']'. Please recheck the objects properties to make sure the desired element is located. 

2021-01-19 11:02:08 - [MESSAGE][WARNING] - com.kms.katalon.core.webui.exception.WebElementNotFoundException: Web element with id: 'Object Repository/Brand/createdBrand(brandName)' located by '//div[@class='sc-jrsJCI ivRwdr rdt_TableRow']//div[text()='Brand29']' not found (Root cause: com.kms.katalon.core.exception.StepFailedException: com.kms.katalon.core.webui.exception.WebElementNotFoundException: Web element with id: 'Object Repository/Brand/createdBrand(brandName)' located by '//div[@class='sc-jrsJCI ivRwdr rdt_TableRow']//div[text()='Brand29']' not found
	at com.kms.katalon.core.webui.keyword.internal.WebUIKeywordMain.stepFailed(WebUIKeywordMain.groovy:64)
	at com.kms.katalon.core.webui.keyword.builtin.VerifyElementPresentKeyword$_verifyElementPresent_closure1.doCall(VerifyElementPresentKeyword.groovy:85)
	at com.kms.katalon.core.webui.keyword.builtin.VerifyElementPresentKeyword$_verifyElementPresent_closure1.call(VerifyElementPresentKeyword.groovy)
	at com.kms.katalon.core.webui.keyword.internal.WebUIKeywordMain.runKeyword(WebUIKeywordMain.groovy:20)
	at com.kms.katalon.core.webui.keyword.builtin.VerifyElementPresentKeyword.verifyElementPresent(VerifyElementPresentKeyword.groovy:92)
	at com.kms.katalon.core.webui.keyword.builtin.VerifyElementPresentKeyword.execute(VerifyElementPresentKeyword.groovy:68)
	at com.kms.katalon.core.keyword.internal.KeywordExecutor.executeKeywordForPlatform(KeywordExecutor.groovy:73)
	at com.kms.katalon.core.webui.keyword.WebUiBuiltInKeywords.verifyElementPresent(WebUiBuiltInKeywords.groovy:1445)
	at com.kms.katalon.core.webui.keyword.WebUiBuiltInKeywords$verifyElementPresent$2.call(Unknown Source)
	at verification.Verification.verifyElementPresent(Verification.groovy:29)
	at verification.Verification.verifyElementPresent(Verification.groovy)
	at verification.Verification$verifyElementPresent.call(Unknown Source)
	at pages.Brand.verifyTheBrandCreated(Brand.groovy:46)
	at pages.Brand.invokeMethod(Brand.groovy)
	at com.kms.katalon.core.main.CustomKeywordDelegatingMetaClass.invokeStaticMethod(CustomKeywordDelegatingMetaClass.java:50)
	at createBrandAndVerifyIsItSuccessfullyCreated.run(createBrandAndVerifyIsItSuccessfullyCreated:20)
	at com.kms.katalon.core.main.ScriptEngine.run(ScriptEngine.java:194)
	at com.kms.katalon.core.main.ScriptEngine.runScriptAsRawText(ScriptEngine.java:119)
	at com.kms.katalon.core.main.TestCaseExecutor.runScript(TestCaseExecutor.java:394)
	at com.kms.katalon.core.main.TestCaseExecutor.doExecute(TestCaseExecutor.java:385)
	at com.kms.katalon.core.main.TestCaseExecutor.processExecutionPhase(TestCaseExecutor.java:364)
	at com.kms.katalon.core.main.TestCaseExecutor.accessMainPhase(TestCaseExecutor.java:356)
	at com.kms.katalon.core.main.TestCaseExecutor.execute(TestCaseExecutor.java:251)
	at com.kms.katalon.core.main.TestSuiteExecutor.accessTestCaseMainPhase(TestSuiteExecutor.java:203)
	at com.kms.katalon.core.main.TestSuiteExecutor.accessTestSuiteMainPhase(TestSuiteExecutor.java:152)
	at com.kms.katalon.core.main.TestSuiteExecutor.execute(TestSuiteExecutor.java:95)
	at com.kms.katalon.core.main.TestCaseMain.startTestSuite(TestCaseMain.java:157)
	at com.kms.katalon.core.main.TestCaseMain$startTestSuite$0.call(Unknown Source)
	at TempTestSuite1611034244681.run(TempTestSuite1611034244681.groovy:39)
)
[[ATTACHMENT|C:\\Users\\DELL\\modist\\ModistProject\\Reports\\20210119_110044\\Brand\\20210119_110044\\1611034327965.png]]

2021-01-19 11:02:08 - [MESSAGE][PASSED] - Taking screenshot successfully
[[ATTACHMENT|C:\\Users\\DELL\\modist\\ModistProject\\Reports\\20210119_110044\\Brand\\20210119_110044\\1611034328601.png]]

2021-01-19 11:02:08 - [MESSAGE][FAILED] - the brand Brand29not created]]></system-out>
         <system-err><![CDATA[2021-01-19 11:01:21 - [TEST_CASE][FAILED] - Test Cases/Admin/Brand/createBrandAndVerifyIsItSuccessfullyCreated: Test Cases/Admin/Brand/createBrandAndVerifyIsItSuccessfullyCreated FAILED.
Reason:
com.kms.katalon.core.exception.StepFailedException: the brand Brand29not created
	at com.kms.katalon.core.util.KeywordUtil.markFailedAndStop(KeywordUtil.java:28)
	at com.kms.katalon.core.util.KeywordUtil$markFailedAndStop.call(Unknown Source)
	at verification.Verification.verifyElementPresent(Verification.groovy:31)
	at verification.Verification.verifyElementPresent(Verification.groovy)
	at verification.Verification$verifyElementPresent.call(Unknown Source)
	at pages.Brand.verifyTheBrandCreated(Brand.groovy:46)
	at pages.Brand.invokeMethod(Brand.groovy)
	at com.kms.katalon.core.main.CustomKeywordDelegatingMetaClass.invokeStaticMethod(CustomKeywordDelegatingMetaClass.java:50)
	at createBrandAndVerifyIsItSuccessfullyCreated.run(createBrandAndVerifyIsItSuccessfullyCreated:20)
	at com.kms.katalon.core.main.ScriptEngine.run(ScriptEngine.java:194)
	at com.kms.katalon.core.main.ScriptEngine.runScriptAsRawText(ScriptEngine.java:119)
	at com.kms.katalon.core.main.TestCaseExecutor.runScript(TestCaseExecutor.java:394)
	at com.kms.katalon.core.main.TestCaseExecutor.doExecute(TestCaseExecutor.java:385)
	at com.kms.katalon.core.main.TestCaseExecutor.processExecutionPhase(TestCaseExecutor.java:364)
	at com.kms.katalon.core.main.TestCaseExecutor.accessMainPhase(TestCaseExecutor.java:356)
	at com.kms.katalon.core.main.TestCaseExecutor.execute(TestCaseExecutor.java:251)
	at com.kms.katalon.core.main.TestSuiteExecutor.accessTestCaseMainPhase(TestSuiteExecutor.java:203)
	at com.kms.katalon.core.main.TestSuiteExecutor.accessTestSuiteMainPhase(TestSuiteExecutor.java:152)
	at com.kms.katalon.core.main.TestSuiteExecutor.execute(TestSuiteExecutor.java:95)
	at com.kms.katalon.core.main.TestCaseMain.startTestSuite(TestCaseMain.java:157)
	at com.kms.katalon.core.main.TestCaseMain$startTestSuite$0.call(Unknown Source)
	at TempTestSuite1611034244681.run(TempTestSuite1611034244681.groovy:39)]]></system-err>
      </testcase>
      <testcase name="Test Cases/Admin/Brand/Delete a Brand and verify" time="22.471" classname="Test Cases/Admin/Brand/Delete a Brand and verify" status="PASSED">
         <system-out><![CDATA[2021-01-19 11:02:08 - [TEST_CASE][PASSED] - Test Cases/Admin/Brand/Delete a Brand and verify: Test Cases/Admin/Brand/Delete a Brand and verify

2021-01-19 11:02:08 - [TEST_STEP][PASSED] - Start listener action : login: null

2021-01-19 11:02:08 - [TEST_STEP][PASSED] - Thread.sleep(3000): null

2021-01-19 11:02:11 - [TEST_STEP][PASSED] - url = getUrl(): Current window's url is: 'https://qualitlabs.dev-admin.modist.co/dashboard'

2021-01-19 11:02:11 - [MESSAGE][PASSED] - Current window's url is: 'https://qualitlabs.dev-admin.modist.co/dashboard'

2021-01-19 11:02:11 - [TEST_STEP][PASSED] - if (!(url.contains("dashboard"))): null

2021-01-19 11:02:12 - [TEST_STEP][PASSED] - pages.Brand.clickBrand(): pages.Brand.clickBrand is PASSED

2021-01-19 11:02:12 - [MESSAGE][PASSED] - Object: 'Object Repository/Brand/clickOnBrandTab' is clicked on

2021-01-19 11:02:12 - [MESSAGE][PASSED] - pages.Brand.clickBrand is PASSED

2021-01-19 11:02:12 - [TEST_STEP][PASSED] - brandName = pages.Brand.getRandomBrandName(): pages.Brand.getRandomBrandName is PASSED

2021-01-19 11:02:12 - [MESSAGE][PASSED] - Object 'Object Repository/Brand/brandCount' is present

2021-01-19 11:02:13 - [MESSAGE][PASSED] - Object 'Object Repository/Brand/brandCount' is present

2021-01-19 11:02:13 - [MESSAGE][PASSED] - Text of object 'Object Repository/Brand/randomBrand2(index)' is: 'Brand290'

2021-01-19 11:02:13 - [MESSAGE][PASSED] - pages.Brand.getRandomBrandName is PASSED

2021-01-19 11:02:13 - [TEST_STEP][PASSED] - pages.Brand.deleteBrand(brandName): pages.Brand.deleteBrand is PASSED

2021-01-19 11:02:14 - [MESSAGE][PASSED] - Object 'Object Repository/Brand/search' is present

2021-01-19 11:02:14 - [MESSAGE][PASSED] - Object 'Object Repository/Brand/search' is visible

2021-01-19 11:02:14 - [MESSAGE][PASSED] - Object 'Object Repository/Brand/search' is clickable

2021-01-19 11:02:15 - [MESSAGE][PASSED] - Text of object 'Object Repository/Brand/search' is cleared

2021-01-19 11:02:15 - [MESSAGE][PASSED] - Keys '' sent to object: 'Object Repository/Brand/search'

2021-01-19 11:02:16 - [MESSAGE][PASSED] - Keys 'B' sent to object: 'Object Repository/Brand/search'

2021-01-19 11:02:16 - [MESSAGE][PASSED] - Keys 'r' sent to object: 'Object Repository/Brand/search'

2021-01-19 11:02:17 - [MESSAGE][PASSED] - Keys 'a' sent to object: 'Object Repository/Brand/search'

2021-01-19 11:02:18 - [MESSAGE][PASSED] - Keys 'n' sent to object: 'Object Repository/Brand/search'

2021-01-19 11:02:18 - [MESSAGE][PASSED] - Keys 'd' sent to object: 'Object Repository/Brand/search'

2021-01-19 11:02:18 - [MESSAGE][PASSED] - Keys '2' sent to object: 'Object Repository/Brand/search'

2021-01-19 11:02:19 - [MESSAGE][PASSED] - Keys '9' sent to object: 'Object Repository/Brand/search'

2021-01-19 11:02:20 - [MESSAGE][PASSED] - Keys '0' sent to object: 'Object Repository/Brand/search'

2021-01-19 11:02:20 - [MESSAGE][PASSED] - Scroll to object 'Object Repository/Brand/createdBrand(brandName)' successfully

2021-01-19 11:02:21 - [MESSAGE][PASSED] - Object 'Object Repository/Brand/createdBrand(brandName)' is visible

2021-01-19 11:02:21 - [MESSAGE][PASSED] - Object 'Object Repository/Brand/createdBrand(brandName)' is present

2021-01-19 11:02:21 - [MESSAGE][PASSED] - Object 'Object Repository/Brand/createdBrand(brandName)' is visible

2021-01-19 11:02:21 - [MESSAGE][PASSED] - Object 'Object Repository/Brand/createdBrand(brandName)' is clickable

2021-01-19 11:02:22 - [MESSAGE][PASSED] - Object: 'Object Repository/Brand/createdBrand(brandName)' is clicked on

2021-01-19 11:02:23 - [MESSAGE][PASSED] - Object 'Object Repository/Brand/Delete Button' is present

2021-01-19 11:02:23 - [MESSAGE][PASSED] - Object 'Object Repository/Brand/Delete Button' is visible

2021-01-19 11:02:23 - [MESSAGE][PASSED] - Object 'Object Repository/Brand/Delete Button' is clickable

2021-01-19 11:02:24 - [MESSAGE][PASSED] - Object: 'Object Repository/Brand/Delete Button' is clicked on

2021-01-19 11:02:24 - [MESSAGE][PASSED] - pages.Brand.deleteBrand is PASSED

2021-01-19 11:02:24 - [TEST_STEP][PASSED] - pages.Brand.verifyABrandDeleted(brandName): pages.Brand.verifyABrandDeleted is PASSED

2021-01-19 11:02:24 - [MESSAGE][PASSED] - Object 'Object Repository/Brand/search' is present

2021-01-19 11:02:25 - [MESSAGE][PASSED] - Object 'Object Repository/Brand/search' is visible

2021-01-19 11:02:25 - [MESSAGE][PASSED] - Object 'Object Repository/Brand/search' is clickable

2021-01-19 11:02:26 - [MESSAGE][PASSED] - Text of object 'Object Repository/Brand/search' is cleared

2021-01-19 11:02:26 - [MESSAGE][PASSED] - Keys '' sent to object: 'Object Repository/Brand/search'

2021-01-19 11:02:27 - [MESSAGE][PASSED] - Keys 'B' sent to object: 'Object Repository/Brand/search'

2021-01-19 11:02:27 - [MESSAGE][PASSED] - Keys 'r' sent to object: 'Object Repository/Brand/search'

2021-01-19 11:02:28 - [MESSAGE][PASSED] - Keys 'a' sent to object: 'Object Repository/Brand/search'

2021-01-19 11:02:29 - [MESSAGE][PASSED] - Keys 'n' sent to object: 'Object Repository/Brand/search'

2021-01-19 11:02:29 - [MESSAGE][PASSED] - Keys 'd' sent to object: 'Object Repository/Brand/search'

2021-01-19 11:02:29 - [MESSAGE][PASSED] - Keys '2' sent to object: 'Object Repository/Brand/search'

2021-01-19 11:02:30 - [MESSAGE][PASSED] - Keys '9' sent to object: 'Object Repository/Brand/search'

2021-01-19 11:02:30 - [MESSAGE][PASSED] - Keys '0' sent to object: 'Object Repository/Brand/search'

2021-01-19 11:02:31 - [MESSAGE][PASSED] - Web element with id: 'Object Repository/Brand/createdBrand(brandName)' located by 'By.xpath: //div[@class='sc-jrsJCI ivRwdr rdt_TableRow']//div[text()='Brand290']' is not present after '30' second(s)

2021-01-19 11:02:31 - [MESSAGE][PASSED] - pages.Brand.verifyABrandDeleted is PASSED]]></system-out>
         <system-err><![CDATA[]]></system-err>
      </testcase>
      <testcase name="Test Cases/Admin/Brand/Verify elements on Add Brand popup" time="6.551" classname="Test Cases/Admin/Brand/Verify elements on Add Brand popup" status="PASSED">
         <system-out><![CDATA[2021-01-19 11:02:31 - [TEST_CASE][PASSED] - Test Cases/Admin/Brand/Verify elements on Add Brand popup: Test Cases/Admin/Brand/Verify elements on Add Brand popup

2021-01-19 11:02:31 - [TEST_STEP][PASSED] - Start listener action : login: null

2021-01-19 11:02:31 - [TEST_STEP][PASSED] - Thread.sleep(3000): null

2021-01-19 11:02:34 - [TEST_STEP][PASSED] - url = getUrl(): Current window's url is: 'https://qualitlabs.dev-admin.modist.co/dashboard'

2021-01-19 11:02:34 - [MESSAGE][PASSED] - Current window's url is: 'https://qualitlabs.dev-admin.modist.co/dashboard'

2021-01-19 11:02:34 - [TEST_STEP][PASSED] - if (!(url.contains("dashboard"))): null

2021-01-19 11:02:34 - [TEST_STEP][PASSED] - pages.Brand.clickBrand(): pages.Brand.clickBrand is PASSED

2021-01-19 11:02:35 - [MESSAGE][PASSED] - Object: 'Object Repository/Brand/clickOnBrandTab' is clicked on

2021-01-19 11:02:35 - [MESSAGE][PASSED] - pages.Brand.clickBrand is PASSED

2021-01-19 11:02:35 - [TEST_STEP][PASSED] - pages.Brand.clickAddBrand(): pages.Brand.clickAddBrand is PASSED

2021-01-19 11:02:35 - [MESSAGE][PASSED] - Object: 'Object Repository/Brand/AddBrandbutton' is clicked on

2021-01-19 11:02:35 - [MESSAGE][PASSED] - pages.Brand.clickAddBrand is PASSED

2021-01-19 11:02:35 - [TEST_STEP][PASSED] - pages.Brand.verifyBrandPopUp(): pages.Brand.verifyBrandPopUp is PASSED

2021-01-19 11:02:36 - [MESSAGE][PASSED] - Object 'Object Repository/Brand/AddBrandPopup/name' is present

2021-01-19 11:02:36 - [MESSAGE][PASSED] - Object 'Object Repository/Brand/AddBrandPopup/Slogan' is present

2021-01-19 11:02:36 - [MESSAGE][PASSED] - Object 'Object Repository/Brand/AddBrandPopup/Bio' is present

2021-01-19 11:02:37 - [MESSAGE][PASSED] - Object 'Object Repository/Brand/AddBrandPopup/cancelButtonAddBrandPopup' is present

2021-01-19 11:02:37 - [MESSAGE][PASSED] - Object 'Object Repository/Brand/AddBrandPopup/cancelButtonAddBrandPopup' is visible

2021-01-19 11:02:37 - [MESSAGE][PASSED] - Object 'Object Repository/Brand/AddBrandPopup/cancelButtonAddBrandPopup' is clickable

2021-01-19 11:02:37 - [MESSAGE][PASSED] - Object: 'Object Repository/Brand/AddBrandPopup/cancelButtonAddBrandPopup' is clicked on

2021-01-19 11:02:37 - [MESSAGE][PASSED] - pages.Brand.verifyBrandPopUp is PASSED]]></system-out>
         <system-err><![CDATA[]]></system-err>
      </testcase>
      <testcase name="Test Cases/Admin/Brand/Edit a Brand and Verify" time="29.091" classname="Test Cases/Admin/Brand/Edit a Brand and Verify" status="PASSED">
         <system-out><![CDATA[2021-01-19 11:02:37 - [TEST_CASE][PASSED] - Test Cases/Admin/Brand/Edit a Brand and Verify: Test Cases/Admin/Brand/Edit a Brand and Verify

2021-01-19 11:02:38 - [TEST_STEP][PASSED] - Start listener action : login: null

2021-01-19 11:02:38 - [TEST_STEP][PASSED] - Thread.sleep(3000): null

2021-01-19 11:02:41 - [TEST_STEP][PASSED] - url = getUrl(): Current window's url is: 'https://qualitlabs.dev-admin.modist.co/dashboard'

2021-01-19 11:02:41 - [MESSAGE][PASSED] - Current window's url is: 'https://qualitlabs.dev-admin.modist.co/dashboard'

2021-01-19 11:02:41 - [TEST_STEP][PASSED] - if (!(url.contains("dashboard"))): null

2021-01-19 11:02:41 - [TEST_STEP][PASSED] - pages.Brand.clickBrand(): pages.Brand.clickBrand is PASSED

2021-01-19 11:02:41 - [MESSAGE][PASSED] - Object: 'Object Repository/Brand/clickOnBrandTab' is clicked on

2021-01-19 11:02:41 - [MESSAGE][PASSED] - pages.Brand.clickBrand is PASSED

2021-01-19 11:02:41 - [TEST_STEP][PASSED] - brandName = pages.Brand.getRandomBrandName(): pages.Brand.getRandomBrandName is PASSED

2021-01-19 11:02:41 - [MESSAGE][PASSED] - Object 'Object Repository/Brand/brandCount' is present

2021-01-19 11:02:42 - [MESSAGE][PASSED] - Object 'Object Repository/Brand/brandCount' is present

2021-01-19 11:02:42 - [MESSAGE][PASSED] - Text of object 'Object Repository/Brand/randomBrand2(index)' is: 'Brand241'

2021-01-19 11:02:42 - [MESSAGE][PASSED] - pages.Brand.getRandomBrandName is PASSED

2021-01-19 11:02:42 - [TEST_STEP][PASSED] - brandeditedname = pages.Brand.editBrandName(brandName): pages.Brand.editBrandName is PASSED

2021-01-19 11:02:43 - [MESSAGE][PASSED] - Object 'Object Repository/Brand/search' is present

2021-01-19 11:02:43 - [MESSAGE][PASSED] - Object 'Object Repository/Brand/search' is visible

2021-01-19 11:02:43 - [MESSAGE][PASSED] - Object 'Object Repository/Brand/search' is clickable

2021-01-19 11:02:44 - [MESSAGE][PASSED] - Text of object 'Object Repository/Brand/search' is cleared

2021-01-19 11:02:44 - [MESSAGE][PASSED] - Keys '' sent to object: 'Object Repository/Brand/search'

2021-01-19 11:02:44 - [MESSAGE][PASSED] - Keys 'B' sent to object: 'Object Repository/Brand/search'

2021-01-19 11:02:45 - [MESSAGE][PASSED] - Keys 'r' sent to object: 'Object Repository/Brand/search'

2021-01-19 11:02:46 - [MESSAGE][PASSED] - Keys 'a' sent to object: 'Object Repository/Brand/search'

2021-01-19 11:02:46 - [MESSAGE][PASSED] - Keys 'n' sent to object: 'Object Repository/Brand/search'

2021-01-19 11:02:47 - [MESSAGE][PASSED] - Keys 'd' sent to object: 'Object Repository/Brand/search'

2021-01-19 11:02:47 - [MESSAGE][PASSED] - Keys '2' sent to object: 'Object Repository/Brand/search'

2021-01-19 11:02:48 - [MESSAGE][PASSED] - Keys '4' sent to object: 'Object Repository/Brand/search'

2021-01-19 11:02:49 - [MESSAGE][PASSED] - Keys '1' sent to object: 'Object Repository/Brand/search'

2021-01-19 11:02:49 - [MESSAGE][PASSED] - Scroll to object 'Object Repository/Brand/createdBrand(brandName)' successfully

2021-01-19 11:02:50 - [MESSAGE][PASSED] - Object 'Object Repository/Brand/createdBrand(brandName)' is visible

2021-01-19 11:02:50 - [MESSAGE][PASSED] - Object 'Object Repository/Brand/createdBrand(brandName)' is present

2021-01-19 11:02:50 - [MESSAGE][PASSED] - Object 'Object Repository/Brand/createdBrand(brandName)' is visible

2021-01-19 11:02:51 - [MESSAGE][PASSED] - Object 'Object Repository/Brand/createdBrand(brandName)' is clickable

2021-01-19 11:02:51 - [MESSAGE][PASSED] - Object: 'Object Repository/Brand/createdBrand(brandName)' is clicked on

2021-01-19 11:02:52 - [MESSAGE][PASSED] - Text of object 'Object Repository/Brand/AddBrandPopup/name' is cleared

2021-01-19 11:02:52 - [MESSAGE][PASSED] - Object 'Object Repository/Brand/AddBrandPopup/name' is present

2021-01-19 11:02:52 - [MESSAGE][PASSED] - Object 'Object Repository/Brand/AddBrandPopup/name' is visible

2021-01-19 11:02:53 - [MESSAGE][PASSED] - Object 'Object Repository/Brand/AddBrandPopup/name' is clickable

2021-01-19 11:02:53 - [MESSAGE][PASSED] - Text of object 'Object Repository/Brand/AddBrandPopup/name' is cleared

2021-01-19 11:02:53 - [MESSAGE][PASSED] - Keys 'editedbrandname2' sent to object: 'Object Repository/Brand/AddBrandPopup/name'

2021-01-19 11:02:54 - [MESSAGE][PASSED] - Object 'Object Repository/Brand/AddBrandPopup/save button' is present

2021-01-19 11:02:54 - [MESSAGE][PASSED] - Object 'Object Repository/Brand/AddBrandPopup/save button' is visible

2021-01-19 11:02:55 - [MESSAGE][PASSED] - Object 'Object Repository/Brand/AddBrandPopup/save button' is clickable

2021-01-19 11:02:55 - [MESSAGE][PASSED] - Object: 'Object Repository/Brand/AddBrandPopup/save button' is clicked on

2021-01-19 11:02:55 - [MESSAGE][PASSED] - Object 'Object Repository/Brand/AddBrandPopup/Close Button' is present

2021-01-19 11:02:56 - [MESSAGE][PASSED] - Object 'Object Repository/Brand/AddBrandPopup/Close Button' is visible

2021-01-19 11:02:56 - [MESSAGE][PASSED] - Object 'Object Repository/Brand/AddBrandPopup/Close Button' is clickable

2021-01-19 11:02:56 - [MESSAGE][PASSED] - Object: 'Object Repository/Brand/AddBrandPopup/Close Button' is clicked on

2021-01-19 11:02:56 - [MESSAGE][PASSED] - pages.Brand.editBrandName is PASSED

2021-01-19 11:02:56 - [TEST_STEP][PASSED] - pages.Brand.verifyeditedBrandName(brandeditedname): pages.Brand.verifyeditedBrandName is PASSED

2021-01-19 11:02:57 - [MESSAGE][PASSED] - Object 'Object Repository/Brand/search' is present

2021-01-19 11:02:58 - [MESSAGE][PASSED] - Object 'Object Repository/Brand/search' is visible

2021-01-19 11:02:58 - [MESSAGE][PASSED] - Object 'Object Repository/Brand/search' is clickable

2021-01-19 11:02:58 - [MESSAGE][PASSED] - Text of object 'Object Repository/Brand/search' is cleared

2021-01-19 11:02:59 - [MESSAGE][PASSED] - Keys '' sent to object: 'Object Repository/Brand/search'

2021-01-19 11:02:59 - [MESSAGE][PASSED] - Keys 'e' sent to object: 'Object Repository/Brand/search'

2021-01-19 11:03:00 - [MESSAGE][PASSED] - Keys 'd' sent to object: 'Object Repository/Brand/search'

2021-01-19 11:03:01 - [MESSAGE][PASSED] - Keys 'i' sent to object: 'Object Repository/Brand/search'

2021-01-19 11:03:01 - [MESSAGE][PASSED] - Keys 't' sent to object: 'Object Repository/Brand/search'

2021-01-19 11:03:02 - [MESSAGE][PASSED] - Keys 'e' sent to object: 'Object Repository/Brand/search'

2021-01-19 11:03:02 - [MESSAGE][PASSED] - Keys 'd' sent to object: 'Object Repository/Brand/search'

2021-01-19 11:03:02 - [MESSAGE][PASSED] - Keys 'b' sent to object: 'Object Repository/Brand/search'

2021-01-19 11:03:03 - [MESSAGE][PASSED] - Keys 'r' sent to object: 'Object Repository/Brand/search'

2021-01-19 11:03:04 - [MESSAGE][PASSED] - Keys 'a' sent to object: 'Object Repository/Brand/search'

2021-01-19 11:03:04 - [MESSAGE][PASSED] - Keys 'n' sent to object: 'Object Repository/Brand/search'

2021-01-19 11:03:04 - [MESSAGE][PASSED] - Keys 'd' sent to object: 'Object Repository/Brand/search'

2021-01-19 11:03:05 - [MESSAGE][PASSED] - Keys 'n' sent to object: 'Object Repository/Brand/search'

2021-01-19 11:03:05 - [MESSAGE][PASSED] - Keys 'a' sent to object: 'Object Repository/Brand/search'

2021-01-19 11:03:06 - [MESSAGE][PASSED] - Keys 'm' sent to object: 'Object Repository/Brand/search'

2021-01-19 11:03:06 - [MESSAGE][PASSED] - Keys 'e' sent to object: 'Object Repository/Brand/search'

2021-01-19 11:03:06 - [MESSAGE][PASSED] - Keys '2' sent to object: 'Object Repository/Brand/search'

2021-01-19 11:03:07 - [MESSAGE][PASSED] - Object 'Object Repository/Brand/createdBrand(brandName)' is present

2021-01-19 11:03:07 - [MESSAGE][PASSED] - pages.Brand.verifyeditedBrandName is PASSED]]></system-out>
         <system-err><![CDATA[]]></system-err>
      </testcase>
      <system-out><![CDATA[2021-01-19 11:00:47 - [TEST_SUITE][FAILED] - Brand: Test Cases/Admin/Brand/createBrandAndVerifyIsItSuccessfullyCreated FAILED.
Reason:
com.kms.katalon.core.exception.StepFailedException: the brand Brand29not created
	at com.kms.katalon.core.util.KeywordUtil.markFailedAndStop(KeywordUtil.java:28)
	at com.kms.katalon.core.util.KeywordUtil$markFailedAndStop.call(Unknown Source)
	at verification.Verification.verifyElementPresent(Verification.groovy:31)
	at verification.Verification.verifyElementPresent(Verification.groovy)
	at verification.Verification$verifyElementPresent.call(Unknown Source)
	at pages.Brand.verifyTheBrandCreated(Brand.groovy:46)
	at pages.Brand.invokeMethod(Brand.groovy)
	at com.kms.katalon.core.main.CustomKeywordDelegatingMetaClass.invokeStaticMethod(CustomKeywordDelegatingMetaClass.java:50)
	at createBrandAndVerifyIsItSuccessfullyCreated.run(createBrandAndVerifyIsItSuccessfullyCreated:20)
	at com.kms.katalon.core.main.ScriptEngine.run(ScriptEngine.java:194)
	at com.kms.katalon.core.main.ScriptEngine.runScriptAsRawText(ScriptEngine.java:119)
	at com.kms.katalon.core.main.TestCaseExecutor.runScript(TestCaseExecutor.java:394)
	at com.kms.katalon.core.main.TestCaseExecutor.doExecute(TestCaseExecutor.java:385)
	at com.kms.katalon.core.main.TestCaseExecutor.processExecutionPhase(TestCaseExecutor.java:364)
	at com.kms.katalon.core.main.TestCaseExecutor.accessMainPhase(TestCaseExecutor.java:356)
	at com.kms.katalon.core.main.TestCaseExecutor.execute(TestCaseExecutor.java:251)
	at com.kms.katalon.core.main.TestSuiteExecutor.accessTestCaseMainPhase(TestSuiteExecutor.java:203)
	at com.kms.katalon.core.main.TestSuiteExecutor.accessTestSuiteMainPhase(TestSuiteExecutor.java:152)
	at com.kms.katalon.core.main.TestSuiteExecutor.execute(TestSuiteExecutor.java:95)
	at com.kms.katalon.core.main.TestCaseMain.startTestSuite(TestCaseMain.java:157)
	at com.kms.katalon.core.main.TestCaseMain$startTestSuite$0.call(Unknown Source)
	at TempTestSuite1611034244681.run(TempTestSuite1611034244681.groovy:39)]]></system-out>
      <system-err><![CDATA[2021-01-19 11:00:47 - [TEST_SUITE][FAILED] - Brand: Test Cases/Admin/Brand/createBrandAndVerifyIsItSuccessfullyCreated FAILED.
Reason:
com.kms.katalon.core.exception.StepFailedException: the brand Brand29not created
	at com.kms.katalon.core.util.KeywordUtil.markFailedAndStop(KeywordUtil.java:28)
	at com.kms.katalon.core.util.KeywordUtil$markFailedAndStop.call(Unknown Source)
	at verification.Verification.verifyElementPresent(Verification.groovy:31)
	at verification.Verification.verifyElementPresent(Verification.groovy)
	at verification.Verification$verifyElementPresent.call(Unknown Source)
	at pages.Brand.verifyTheBrandCreated(Brand.groovy:46)
	at pages.Brand.invokeMethod(Brand.groovy)
	at com.kms.katalon.core.main.CustomKeywordDelegatingMetaClass.invokeStaticMethod(CustomKeywordDelegatingMetaClass.java:50)
	at createBrandAndVerifyIsItSuccessfullyCreated.run(createBrandAndVerifyIsItSuccessfullyCreated:20)
	at com.kms.katalon.core.main.ScriptEngine.run(ScriptEngine.java:194)
	at com.kms.katalon.core.main.ScriptEngine.runScriptAsRawText(ScriptEngine.java:119)
	at com.kms.katalon.core.main.TestCaseExecutor.runScript(TestCaseExecutor.java:394)
	at com.kms.katalon.core.main.TestCaseExecutor.doExecute(TestCaseExecutor.java:385)
	at com.kms.katalon.core.main.TestCaseExecutor.processExecutionPhase(TestCaseExecutor.java:364)
	at com.kms.katalon.core.main.TestCaseExecutor.accessMainPhase(TestCaseExecutor.java:356)
	at com.kms.katalon.core.main.TestCaseExecutor.execute(TestCaseExecutor.java:251)
	at com.kms.katalon.core.main.TestSuiteExecutor.accessTestCaseMainPhase(TestSuiteExecutor.java:203)
	at com.kms.katalon.core.main.TestSuiteExecutor.accessTestSuiteMainPhase(TestSuiteExecutor.java:152)
	at com.kms.katalon.core.main.TestSuiteExecutor.execute(TestSuiteExecutor.java:95)
	at com.kms.katalon.core.main.TestCaseMain.startTestSuite(TestCaseMain.java:157)
	at com.kms.katalon.core.main.TestCaseMain$startTestSuite$0.call(Unknown Source)
	at TempTestSuite1611034244681.run(TempTestSuite1611034244681.groovy:39)]]></system-err>
   </testsuite>
</testsuites>
