<?xml version="1.0" encoding="UTF-8"?>
<testsuites name="Asset" time="250.425" tests="9" failures="3" errors="0">
   <testsuite name="Asset" tests="9" failures="3" errors="0" time="250.425" timestamp="2021-01-12 07:06:42" hostname="Lenovo - DESKTOP-H3LAPEO" id="Test Suites/Asset">
      <properties>
         <property name="deviceName" value=""/>
         <property name="devicePlatform" value=""/>
         <property name="logFolder" value="E:\\Modist Project\\ModistProject\\Reports\\20210112_070617\\Asset\\20210112_070618"/>
         <property name="logFiles" value="E:\\Modist Project\\ModistProject\\Reports\\20210112_070617\\Asset\\20210112_070618\\execution0.log"/>
         <property name="attachments" value="E:\\Modist Project\\ModistProject\\Reports\\20210112_070617\\Asset\\20210112_070618\\1610453329504.png, E:\\Modist Project\\ModistProject\\Reports\\20210112_070617\\Asset\\20210112_070618\\1610453329841.png, E:\\Modist Project\\ModistProject\\Reports\\20210112_070617\\Asset\\20210112_070618\\1610453358009.png, E:\\Modist Project\\ModistProject\\Reports\\20210112_070617\\Asset\\20210112_070618\\1610453430630.png, E:\\Modist Project\\ModistProject\\Reports\\20210112_070617\\Asset\\20210112_070618\\1610453430970.png, E:\\Modist Project\\ModistProject\\Reports\\20210112_070617\\Asset\\20210112_070618\\1610453451012.png"/>
         <property name="hostName" value="Lenovo - DESKTOP-H3LAPEO"/>
         <property name="os" value="Windows 10 64bit"/>
         <property name="katalonVersion" value="7.7.0.205"/>
         <property name="browser" value="Chrome 87.0.4280.141"/>
         <property name="hostAddress" value="192.168.43.128"/>
         <property name="sessionId" value="13c27a01e5ffdcb4a346544b7add04f2"/>
         <property name="seleniumVersion" value="3.141.59"/>
         <property name="proxyInformation" value="ProxyInformation { proxyOption=NO_PROXY, proxyServerType=HTTP, username=, password=********, proxyServerAddress=, proxyServerPort=0, executionList=&quot;&quot;, isApplyToDesiredCapabilities=true }"/>
         <property name="platform" value="Windows 10"/>
      </properties>
      <testcase name="Test Cases/Admin/Asset/addAssetAndVerify" time="25.186" classname="Test Cases/Admin/Asset/addAssetAndVerify" status="PASSED">
         <system-out><![CDATA[2021-01-12 07:07:04 - [TEST_CASE][PASSED] - Test Cases/Admin/Asset/addAssetAndVerify: Test Cases/Admin/Asset/addAssetAndVerify

2021-01-12 07:07:05 - [TEST_STEP][PASSED] - pages.Asset.clickAssetTab(): pages.Asset.clickAssetTab is PASSED

2021-01-12 07:07:06 - [MESSAGE][PASSED] - Object 'Object Repository/Asset/Asset/AssetPageElements/assetTab' is present

2021-01-12 07:07:07 - [MESSAGE][PASSED] - Object 'Object Repository/Asset/Asset/AssetPageElements/assetTab' is visible

2021-01-12 07:07:07 - [MESSAGE][PASSED] - Object 'Object Repository/Asset/Asset/AssetPageElements/assetTab' is clickable

2021-01-12 07:07:08 - [MESSAGE][PASSED] - Object: 'Object Repository/Asset/Asset/AssetPageElements/assetTab' is clicked on

2021-01-12 07:07:08 - [MESSAGE][PASSED] - pages.Asset.clickAssetTab is PASSED

2021-01-12 07:07:08 - [TEST_STEP][PASSED] - assetName = pages.Asset.addAsset(): pages.Asset.addAsset is PASSED

2021-01-12 07:07:08 - [MESSAGE][PASSED] - Object 'Object Repository/Asset/Asset/AssetPageElements/AddAssetButton' is present

2021-01-12 07:07:08 - [MESSAGE][PASSED] - Object 'Object Repository/Asset/Asset/AssetPageElements/AddAssetButton' is visible

2021-01-12 07:07:09 - [MESSAGE][PASSED] - Object 'Object Repository/Asset/Asset/AssetPageElements/AddAssetButton' is clickable

2021-01-12 07:07:09 - [MESSAGE][PASSED] - Object: 'Object Repository/Asset/Asset/AssetPageElements/AddAssetButton' is clicked on

2021-01-12 07:07:09 - [MESSAGE][PASSED] - Object 'Object Repository/Asset/Asset/addAsset/Author' is present

2021-01-12 07:07:10 - [MESSAGE][PASSED] - Object 'Object Repository/Asset/Asset/addAsset/Author' is visible

2021-01-12 07:07:10 - [MESSAGE][PASSED] - Object 'Object Repository/Asset/Asset/addAsset/Author' is clickable

2021-01-12 07:07:10 - [MESSAGE][PASSED] - Text of object 'Object Repository/Asset/Asset/addAsset/Author' is cleared

2021-01-12 07:07:11 - [MESSAGE][PASSED] - Keys 'Author812' sent to object: 'Object Repository/Asset/Asset/addAsset/Author'

2021-01-12 07:07:11 - [MESSAGE][PASSED] - File 'E:\Modist Project\ModistProject\bike4.jpg' sent to object: 'Object Repository/Asset/Asset/addAsset/chooseFile'

2021-01-12 07:07:18 - [MESSAGE][PASSED] - Object 'Object Repository/Asset/Asset/addAsset/clickTenant' is present

2021-01-12 07:07:18 - [MESSAGE][PASSED] - Object 'Object Repository/Asset/Asset/addAsset/clickTenant' is visible

2021-01-12 07:07:18 - [MESSAGE][PASSED] - Object 'Object Repository/Asset/Asset/addAsset/clickTenant' is clickable

2021-01-12 07:07:19 - [MESSAGE][PASSED] - Object: 'Object Repository/Asset/Asset/addAsset/clickTenant' is clicked on

2021-01-12 07:07:19 - [MESSAGE][PASSED] - Object 'Object Repository/Asset/Asset/addAsset/selectTenent' is present

2021-01-12 07:07:19 - [MESSAGE][PASSED] - Object 'Object Repository/Asset/Asset/addAsset/selectTenent' is visible

2021-01-12 07:07:20 - [MESSAGE][PASSED] - Object 'Object Repository/Asset/Asset/addAsset/selectTenent' is clickable

2021-01-12 07:07:20 - [MESSAGE][PASSED] - Object: 'Object Repository/Asset/Asset/addAsset/selectTenent' is clicked on

2021-01-12 07:07:20 - [MESSAGE][PASSED] - Object 'Object Repository/Asset/Asset/addAsset/addAssetButtonInAddAssetPopup' is present

2021-01-12 07:07:20 - [MESSAGE][PASSED] - Object 'Object Repository/Asset/Asset/addAsset/addAssetButtonInAddAssetPopup' is visible

2021-01-12 07:07:21 - [MESSAGE][PASSED] - Object 'Object Repository/Asset/Asset/addAsset/addAssetButtonInAddAssetPopup' is clickable

2021-01-12 07:07:21 - [MESSAGE][PASSED] - Object: 'Object Repository/Asset/Asset/addAsset/addAssetButtonInAddAssetPopup' is clicked on

2021-01-12 07:07:21 - [MESSAGE][PASSED] - pages.Asset.addAsset is PASSED

2021-01-12 07:07:21 - [TEST_STEP][PASSED] - pages.Asset.VerifyAssetIsPresent(assetName): pages.Asset.VerifyAssetIsPresent is PASSED

2021-01-12 07:07:24 - [MESSAGE][PASSED] - Object 'Object Repository/Asset/Asset/AssetPageElements/search' is present

2021-01-12 07:07:24 - [MESSAGE][PASSED] - Object 'Object Repository/Asset/Asset/AssetPageElements/search' is visible

2021-01-12 07:07:25 - [MESSAGE][PASSED] - Object 'Object Repository/Asset/Asset/AssetPageElements/search' is clickable

2021-01-12 07:07:25 - [MESSAGE][PASSED] - Text of object 'Object Repository/Asset/Asset/AssetPageElements/search' is cleared

2021-01-12 07:07:25 - [MESSAGE][PASSED] - Keys 'Author812' sent to object: 'Object Repository/Asset/Asset/AssetPageElements/search'

2021-01-12 07:07:27 - [MESSAGE][PASSED] - Object 'Object Repository/Asset/Asset/assetname(assetName)' is present

2021-01-12 07:07:29 - [MESSAGE][PASSED] - Object 'Object Repository/Asset/Asset/assetname(assetName)' is present

2021-01-12 07:07:30 - [MESSAGE][PASSED] - Object 'Object Repository/Asset/Asset/assetname(assetName)' is present

2021-01-12 07:07:30 - [MESSAGE][PASSED] - pages.Asset.VerifyAssetIsPresent is PASSED]]></system-out>
         <system-err><![CDATA[]]></system-err>
      </testcase>
      <testcase name="Test Cases/Admin/Asset/openAnyAssetAndVerifyUrl" time="9.048" classname="Test Cases/Admin/Asset/openAnyAssetAndVerifyUrl" status="PASSED">
         <system-out><![CDATA[2021-01-12 07:07:30 - [TEST_CASE][PASSED] - Test Cases/Admin/Asset/openAnyAssetAndVerifyUrl: Test Cases/Admin/Asset/openAnyAssetAndVerifyUrl

2021-01-12 07:07:30 - [TEST_STEP][PASSED] - pages.Asset.clickAssetTab(): pages.Asset.clickAssetTab is PASSED

2021-01-12 07:07:30 - [MESSAGE][PASSED] - Object 'Object Repository/Asset/Asset/AssetPageElements/assetTab' is present

2021-01-12 07:07:31 - [MESSAGE][PASSED] - Object 'Object Repository/Asset/Asset/AssetPageElements/assetTab' is visible

2021-01-12 07:07:31 - [MESSAGE][PASSED] - Object 'Object Repository/Asset/Asset/AssetPageElements/assetTab' is clickable

2021-01-12 07:07:31 - [MESSAGE][PASSED] - Object: 'Object Repository/Asset/Asset/AssetPageElements/assetTab' is clicked on

2021-01-12 07:07:31 - [MESSAGE][PASSED] - pages.Asset.clickAssetTab is PASSED

2021-01-12 07:07:31 - [TEST_STEP][PASSED] - assetName = pages.Asset.getRandomAssetName(): pages.Asset.getRandomAssetName is PASSED

2021-01-12 07:07:31 - [MESSAGE][PASSED] - Wait for page load successfully

2021-01-12 07:07:32 - [MESSAGE][PASSED] - Object 'Object Repository/Asset/Asset/AssetCount' is present

2021-01-12 07:07:32 - [MESSAGE][PASSED] - Text of object 'Object Repository/Asset/Asset/randomAsset(index)' is: 'Author704'

2021-01-12 07:07:32 - [MESSAGE][PASSED] - pages.Asset.getRandomAssetName is PASSED

2021-01-12 07:07:32 - [TEST_STEP][PASSED] - pages.Asset.verifyUrlOfassetEditPage(assetName): pages.Asset.verifyUrlOfassetEditPage is PASSED

2021-01-12 07:07:33 - [MESSAGE][PASSED] - Object 'Object Repository/Asset/Asset/AssetPageElements/search' is present

2021-01-12 07:07:33 - [MESSAGE][PASSED] - Object 'Object Repository/Asset/Asset/AssetPageElements/search' is visible

2021-01-12 07:07:33 - [MESSAGE][PASSED] - Object 'Object Repository/Asset/Asset/AssetPageElements/search' is clickable

2021-01-12 07:07:33 - [MESSAGE][PASSED] - Text of object 'Object Repository/Asset/Asset/AssetPageElements/search' is cleared

2021-01-12 07:07:34 - [MESSAGE][PASSED] - Keys 'Author704' sent to object: 'Object Repository/Asset/Asset/AssetPageElements/search'

2021-01-12 07:07:35 - [MESSAGE][PASSED] - Object 'Object Repository/Asset/Asset/assetname(assetName)' is present

2021-01-12 07:07:37 - [MESSAGE][PASSED] - Object 'Object Repository/Asset/Asset/assetname(assetName)' is present

2021-01-12 07:07:38 - [MESSAGE][PASSED] - Object 'Object Repository/Asset/Asset/assetname(assetName)' is present

2021-01-12 07:07:38 - [MESSAGE][PASSED] - Object 'Object Repository/Asset/Asset/assetname(assetName)' is visible

2021-01-12 07:07:38 - [MESSAGE][PASSED] - Object 'Object Repository/Asset/Asset/assetname(assetName)' is clickable

2021-01-12 07:07:39 - [MESSAGE][PASSED] - Object: 'Object Repository/Asset/Asset/assetname(assetName)' is clicked on

2021-01-12 07:07:39 - [MESSAGE][PASSED] - Current window's url is: 'https://dev-admin.modist.co/asset/33925'

2021-01-12 07:07:39 - [MESSAGE][PASSED] - pages.Asset.verifyUrlOfassetEditPage is PASSED]]></system-out>
         <system-err><![CDATA[]]></system-err>
      </testcase>
      <testcase name="Test Cases/Admin/Asset/functionalityOfCancelButtonInAddAssetPopup" time="71.055" classname="Test Cases/Admin/Asset/functionalityOfCancelButtonInAddAssetPopup" status="FAILED">
         <failure type="FAILED" message="Test Cases/Admin/Asset/functionalityOfCancelButtonInAddAssetPopup FAILED.
Reason:
com.kms.katalon.core.exception.StepFailedException: Unable to verify object 'Object Repository/Asset/Asset/assetname(assetName)' is present
	at com.kms.katalon.core.webui.keyword.internal.WebUIKeywordMain.stepFailed(WebUIKeywordMain.groovy:64)
	at com.kms.katalon.core.webui.keyword.internal.WebUIKeywordMain.runKeyword(WebUIKeywordMain.groovy:26)
	at com.kms.katalon.core.webui.keyword.builtin.VerifyElementPresentKeyword.verifyElementPresent(VerifyElementPresentKeyword.groovy:92)
	at com.kms.katalon.core.webui.keyword.builtin.VerifyElementPresentKeyword.execute(VerifyElementPresentKeyword.groovy:68)
	at com.kms.katalon.core.keyword.internal.KeywordExecutor.executeKeywordForPlatform(KeywordExecutor.groovy:73)
	at com.kms.katalon.core.webui.keyword.WebUiBuiltInKeywords.verifyElementPresent(WebUiBuiltInKeywords.groovy:1461)
	at com.kms.katalon.core.webui.keyword.WebUiBuiltInKeywords$verifyElementPresent$9.call(Unknown Source)
	at pages.Asset.searchForAsset(Asset.groovy:37)
	at pages.Asset.VerifyAssetNotPresent(Asset.groovy:128)
	at pages.Asset.invokeMethod(Asset.groovy)
	at com.kms.katalon.core.main.CustomKeywordDelegatingMetaClass.invokeStaticMethod(CustomKeywordDelegatingMetaClass.java:50)
	at functionalityOfCancelButtonInAddAssetPopup.run(functionalityOfCancelButtonInAddAssetPopup:22)
	at com.kms.katalon.core.main.ScriptEngine.run(ScriptEngine.java:194)
	at com.kms.katalon.core.main.ScriptEngine.runScriptAsRawText(ScriptEngine.java:119)
	at com.kms.katalon.core.main.TestCaseExecutor.runScript(TestCaseExecutor.java:339)
	at com.kms.katalon.core.main.TestCaseExecutor.doExecute(TestCaseExecutor.java:330)
	at com.kms.katalon.core.main.TestCaseExecutor.processExecutionPhase(TestCaseExecutor.java:309)
	at com.kms.katalon.core.main.TestCaseExecutor.accessMainPhase(TestCaseExecutor.java:301)
	at com.kms.katalon.core.main.TestCaseExecutor.execute(TestCaseExecutor.java:235)
	at com.kms.katalon.core.main.TestSuiteExecutor.accessTestCaseMainPhase(TestSuiteExecutor.java:191)
	at com.kms.katalon.core.main.TestSuiteExecutor.accessTestSuiteMainPhase(TestSuiteExecutor.java:141)
	at com.kms.katalon.core.main.TestSuiteExecutor.execute(TestSuiteExecutor.java:90)
	at com.kms.katalon.core.main.TestCaseMain.startTestSuite(TestCaseMain.java:157)
	at com.kms.katalon.core.main.TestCaseMain$startTestSuite$0.call(Unknown Source)
	at TempTestSuite1610453178186.run(TempTestSuite1610453178186.groovy:39)
Caused by: com.kms.katalon.core.exception.StepFailedException: com.kms.katalon.core.webui.exception.WebElementNotFoundException: Web element with id: 'Object Repository/Asset/Asset/assetname(assetName)' located by '//div[text()='Author451']' not found
	at com.kms.katalon.core.webui.keyword.internal.WebUIKeywordMain.stepFailed(WebUIKeywordMain.groovy:64)
	at com.kms.katalon.core.webui.keyword.builtin.VerifyElementPresentKeyword$_verifyElementPresent_closure1.doCall(VerifyElementPresentKeyword.groovy:85)
	at com.kms.katalon.core.webui.keyword.builtin.VerifyElementPresentKeyword$_verifyElementPresent_closure1.call(VerifyElementPresentKeyword.groovy)
	at com.kms.katalon.core.webui.keyword.internal.WebUIKeywordMain.runKeyword(WebUIKeywordMain.groovy:20)
	... 23 more
"/>
         <system-out><![CDATA[2021-01-12 07:07:39 - [TEST_CASE][FAILED] - Test Cases/Admin/Asset/functionalityOfCancelButtonInAddAssetPopup: Test Cases/Admin/Asset/functionalityOfCancelButtonInAddAssetPopup FAILED.
Reason:
com.kms.katalon.core.exception.StepFailedException: Unable to verify object 'Object Repository/Asset/Asset/assetname(assetName)' is present
	at com.kms.katalon.core.webui.keyword.internal.WebUIKeywordMain.stepFailed(WebUIKeywordMain.groovy:64)
	at com.kms.katalon.core.webui.keyword.internal.WebUIKeywordMain.runKeyword(WebUIKeywordMain.groovy:26)
	at com.kms.katalon.core.webui.keyword.builtin.VerifyElementPresentKeyword.verifyElementPresent(VerifyElementPresentKeyword.groovy:92)
	at com.kms.katalon.core.webui.keyword.builtin.VerifyElementPresentKeyword.execute(VerifyElementPresentKeyword.groovy:68)
	at com.kms.katalon.core.keyword.internal.KeywordExecutor.executeKeywordForPlatform(KeywordExecutor.groovy:73)
	at com.kms.katalon.core.webui.keyword.WebUiBuiltInKeywords.verifyElementPresent(WebUiBuiltInKeywords.groovy:1461)
	at com.kms.katalon.core.webui.keyword.WebUiBuiltInKeywords$verifyElementPresent$9.call(Unknown Source)
	at pages.Asset.searchForAsset(Asset.groovy:37)
	at pages.Asset.VerifyAssetNotPresent(Asset.groovy:128)
	at pages.Asset.invokeMethod(Asset.groovy)
	at com.kms.katalon.core.main.CustomKeywordDelegatingMetaClass.invokeStaticMethod(CustomKeywordDelegatingMetaClass.java:50)
	at functionalityOfCancelButtonInAddAssetPopup.run(functionalityOfCancelButtonInAddAssetPopup:22)
	at com.kms.katalon.core.main.ScriptEngine.run(ScriptEngine.java:194)
	at com.kms.katalon.core.main.ScriptEngine.runScriptAsRawText(ScriptEngine.java:119)
	at com.kms.katalon.core.main.TestCaseExecutor.runScript(TestCaseExecutor.java:339)
	at com.kms.katalon.core.main.TestCaseExecutor.doExecute(TestCaseExecutor.java:330)
	at com.kms.katalon.core.main.TestCaseExecutor.processExecutionPhase(TestCaseExecutor.java:309)
	at com.kms.katalon.core.main.TestCaseExecutor.accessMainPhase(TestCaseExecutor.java:301)
	at com.kms.katalon.core.main.TestCaseExecutor.execute(TestCaseExecutor.java:235)
	at com.kms.katalon.core.main.TestSuiteExecutor.accessTestCaseMainPhase(TestSuiteExecutor.java:191)
	at com.kms.katalon.core.main.TestSuiteExecutor.accessTestSuiteMainPhase(TestSuiteExecutor.java:141)
	at com.kms.katalon.core.main.TestSuiteExecutor.execute(TestSuiteExecutor.java:90)
	at com.kms.katalon.core.main.TestCaseMain.startTestSuite(TestCaseMain.java:157)
	at com.kms.katalon.core.main.TestCaseMain$startTestSuite$0.call(Unknown Source)
	at TempTestSuite1610453178186.run(TempTestSuite1610453178186.groovy:39)
Caused by: com.kms.katalon.core.exception.StepFailedException: com.kms.katalon.core.webui.exception.WebElementNotFoundException: Web element with id: 'Object Repository/Asset/Asset/assetname(assetName)' located by '//div[text()='Author451']' not found
	at com.kms.katalon.core.webui.keyword.internal.WebUIKeywordMain.stepFailed(WebUIKeywordMain.groovy:64)
	at com.kms.katalon.core.webui.keyword.builtin.VerifyElementPresentKeyword$_verifyElementPresent_closure1.doCall(VerifyElementPresentKeyword.groovy:85)
	at com.kms.katalon.core.webui.keyword.builtin.VerifyElementPresentKeyword$_verifyElementPresent_closure1.call(VerifyElementPresentKeyword.groovy)
	at com.kms.katalon.core.webui.keyword.internal.WebUIKeywordMain.runKeyword(WebUIKeywordMain.groovy:20)
	... 23 more


2021-01-12 07:07:39 - [TEST_STEP][PASSED] - pages.Asset.clickAssetTab(): pages.Asset.clickAssetTab is PASSED

2021-01-12 07:07:40 - [MESSAGE][PASSED] - Object 'Object Repository/Asset/Asset/AssetPageElements/assetTab' is present

2021-01-12 07:07:40 - [MESSAGE][PASSED] - Object 'Object Repository/Asset/Asset/AssetPageElements/assetTab' is visible

2021-01-12 07:07:40 - [MESSAGE][PASSED] - Object 'Object Repository/Asset/Asset/AssetPageElements/assetTab' is clickable

2021-01-12 07:07:41 - [MESSAGE][PASSED] - Object: 'Object Repository/Asset/Asset/AssetPageElements/assetTab' is clicked on

2021-01-12 07:07:41 - [MESSAGE][PASSED] - pages.Asset.clickAssetTab is PASSED

2021-01-12 07:07:41 - [TEST_STEP][PASSED] - assetName = pages.Asset.cancelButtonInAddAssetPopup(): pages.Asset.cancelButtonInAddAssetPopup is PASSED

2021-01-12 07:07:41 - [MESSAGE][PASSED] - Object 'Object Repository/Asset/Asset/AssetPageElements/AddAssetButton' is present

2021-01-12 07:07:41 - [MESSAGE][PASSED] - Object 'Object Repository/Asset/Asset/AssetPageElements/AddAssetButton' is visible

2021-01-12 07:07:42 - [MESSAGE][PASSED] - Object 'Object Repository/Asset/Asset/AssetPageElements/AddAssetButton' is clickable

2021-01-12 07:07:42 - [MESSAGE][PASSED] - Object: 'Object Repository/Asset/Asset/AssetPageElements/AddAssetButton' is clicked on

2021-01-12 07:07:43 - [MESSAGE][PASSED] - Object 'Object Repository/Asset/Asset/addAsset/Author' is present

2021-01-12 07:07:43 - [MESSAGE][PASSED] - Object 'Object Repository/Asset/Asset/addAsset/Author' is visible

2021-01-12 07:07:43 - [MESSAGE][PASSED] - Object 'Object Repository/Asset/Asset/addAsset/Author' is clickable

2021-01-12 07:07:43 - [MESSAGE][PASSED] - Text of object 'Object Repository/Asset/Asset/addAsset/Author' is cleared

2021-01-12 07:07:44 - [MESSAGE][PASSED] - Keys 'Author451' sent to object: 'Object Repository/Asset/Asset/addAsset/Author'

2021-01-12 07:07:44 - [MESSAGE][PASSED] - Object 'Object Repository/Asset/Asset/addAsset/cancelButton' is present

2021-01-12 07:07:44 - [MESSAGE][PASSED] - Object 'Object Repository/Asset/Asset/addAsset/cancelButton' is visible

2021-01-12 07:07:45 - [MESSAGE][PASSED] - Object 'Object Repository/Asset/Asset/addAsset/cancelButton' is clickable

2021-01-12 07:07:45 - [MESSAGE][PASSED] - Object: 'Object Repository/Asset/Asset/addAsset/cancelButton' is clicked on

2021-01-12 07:07:45 - [MESSAGE][PASSED] - pages.Asset.cancelButtonInAddAssetPopup is PASSED

2021-01-12 07:07:45 - [TEST_STEP][FAILED] - pages.Asset.VerifyAssetNotPresent(assetName): Unable to verify object 'Object Repository/Asset/Asset/assetname(assetName)' is present

2021-01-12 07:07:46 - [MESSAGE][PASSED] - Object 'Object Repository/Asset/Asset/AssetPageElements/search' is present

2021-01-12 07:07:46 - [MESSAGE][PASSED] - Object 'Object Repository/Asset/Asset/AssetPageElements/search' is visible

2021-01-12 07:07:46 - [MESSAGE][PASSED] - Object 'Object Repository/Asset/Asset/AssetPageElements/search' is clickable

2021-01-12 07:07:46 - [MESSAGE][PASSED] - Text of object 'Object Repository/Asset/Asset/AssetPageElements/search' is cleared

2021-01-12 07:07:47 - [MESSAGE][PASSED] - Keys 'Author451' sent to object: 'Object Repository/Asset/Asset/AssetPageElements/search'

2021-01-12 07:08:18 - [MESSAGE][INFO] - Unable to find the element located by 'By.xpath: //div[text()='Author451']'. Please recheck the objects properties to make sure the desired element is located. 

2021-01-12 07:08:18 - [MESSAGE][WARNING] - Object 'Object Repository/Asset/Asset/assetname(assetName)' is not present after 30 second(s)

2021-01-12 07:08:49 - [MESSAGE][INFO] - Unable to find the element located by 'By.xpath: //div[text()='Author451']'. Please recheck the objects properties to make sure the desired element is located. 

2021-01-12 07:08:49 - [MESSAGE][FAILED] - com.kms.katalon.core.webui.exception.WebElementNotFoundException: Web element with id: 'Object Repository/Asset/Asset/assetname(assetName)' located by '//div[text()='Author451']' not found (Root cause: com.kms.katalon.core.exception.StepFailedException: com.kms.katalon.core.webui.exception.WebElementNotFoundException: Web element with id: 'Object Repository/Asset/Asset/assetname(assetName)' located by '//div[text()='Author451']' not found
	at com.kms.katalon.core.webui.keyword.internal.WebUIKeywordMain.stepFailed(WebUIKeywordMain.groovy:64)
	at com.kms.katalon.core.webui.keyword.builtin.VerifyElementPresentKeyword$_verifyElementPresent_closure1.doCall(VerifyElementPresentKeyword.groovy:85)
	at com.kms.katalon.core.webui.keyword.builtin.VerifyElementPresentKeyword$_verifyElementPresent_closure1.call(VerifyElementPresentKeyword.groovy)
	at com.kms.katalon.core.webui.keyword.internal.WebUIKeywordMain.runKeyword(WebUIKeywordMain.groovy:20)
	at com.kms.katalon.core.webui.keyword.builtin.VerifyElementPresentKeyword.verifyElementPresent(VerifyElementPresentKeyword.groovy:92)
	at com.kms.katalon.core.webui.keyword.builtin.VerifyElementPresentKeyword.execute(VerifyElementPresentKeyword.groovy:68)
	at com.kms.katalon.core.keyword.internal.KeywordExecutor.executeKeywordForPlatform(KeywordExecutor.groovy:73)
	at com.kms.katalon.core.webui.keyword.WebUiBuiltInKeywords.verifyElementPresent(WebUiBuiltInKeywords.groovy:1461)
	at com.kms.katalon.core.webui.keyword.WebUiBuiltInKeywords$verifyElementPresent$9.call(Unknown Source)
	at pages.Asset.searchForAsset(Asset.groovy:37)
	at pages.Asset.VerifyAssetNotPresent(Asset.groovy:128)
	at pages.Asset.invokeMethod(Asset.groovy)
	at com.kms.katalon.core.main.CustomKeywordDelegatingMetaClass.invokeStaticMethod(CustomKeywordDelegatingMetaClass.java:50)
	at functionalityOfCancelButtonInAddAssetPopup.run(functionalityOfCancelButtonInAddAssetPopup:22)
	at com.kms.katalon.core.main.ScriptEngine.run(ScriptEngine.java:194)
	at com.kms.katalon.core.main.ScriptEngine.runScriptAsRawText(ScriptEngine.java:119)
	at com.kms.katalon.core.main.TestCaseExecutor.runScript(TestCaseExecutor.java:339)
	at com.kms.katalon.core.main.TestCaseExecutor.doExecute(TestCaseExecutor.java:330)
	at com.kms.katalon.core.main.TestCaseExecutor.processExecutionPhase(TestCaseExecutor.java:309)
	at com.kms.katalon.core.main.TestCaseExecutor.accessMainPhase(TestCaseExecutor.java:301)
	at com.kms.katalon.core.main.TestCaseExecutor.execute(TestCaseExecutor.java:235)
	at com.kms.katalon.core.main.TestSuiteExecutor.accessTestCaseMainPhase(TestSuiteExecutor.java:191)
	at com.kms.katalon.core.main.TestSuiteExecutor.accessTestSuiteMainPhase(TestSuiteExecutor.java:141)
	at com.kms.katalon.core.main.TestSuiteExecutor.execute(TestSuiteExecutor.java:90)
	at com.kms.katalon.core.main.TestCaseMain.startTestSuite(TestCaseMain.java:157)
	at com.kms.katalon.core.main.TestCaseMain$startTestSuite$0.call(Unknown Source)
	at TempTestSuite1610453178186.run(TempTestSuite1610453178186.groovy:39)
)
[[ATTACHMENT|E:\\Modist Project\\ModistProject\\Reports\\20210112_070617\\Asset\\20210112_070618\\1610453329504.png]]

2021-01-12 07:08:50 - [MESSAGE][FAILED] - Unable to verify object 'Object Repository/Asset/Asset/assetname(assetName)' is present (Root cause: com.kms.katalon.core.exception.StepFailedException: Unable to verify object 'Object Repository/Asset/Asset/assetname(assetName)' is present
	at com.kms.katalon.core.webui.keyword.internal.WebUIKeywordMain.stepFailed(WebUIKeywordMain.groovy:64)
	at com.kms.katalon.core.webui.keyword.internal.WebUIKeywordMain.runKeyword(WebUIKeywordMain.groovy:26)
	at com.kms.katalon.core.webui.keyword.builtin.VerifyElementPresentKeyword.verifyElementPresent(VerifyElementPresentKeyword.groovy:92)
	at com.kms.katalon.core.webui.keyword.builtin.VerifyElementPresentKeyword.execute(VerifyElementPresentKeyword.groovy:68)
	at com.kms.katalon.core.keyword.internal.KeywordExecutor.executeKeywordForPlatform(KeywordExecutor.groovy:73)
	at com.kms.katalon.core.webui.keyword.WebUiBuiltInKeywords.verifyElementPresent(WebUiBuiltInKeywords.groovy:1461)
	at com.kms.katalon.core.webui.keyword.WebUiBuiltInKeywords$verifyElementPresent$9.call(Unknown Source)
	at pages.Asset.searchForAsset(Asset.groovy:37)
	at pages.Asset.VerifyAssetNotPresent(Asset.groovy:128)
	at pages.Asset.invokeMethod(Asset.groovy)
	at com.kms.katalon.core.main.CustomKeywordDelegatingMetaClass.invokeStaticMethod(CustomKeywordDelegatingMetaClass.java:50)
	at functionalityOfCancelButtonInAddAssetPopup.run(functionalityOfCancelButtonInAddAssetPopup:22)
	at com.kms.katalon.core.main.ScriptEngine.run(ScriptEngine.java:194)
	at com.kms.katalon.core.main.ScriptEngine.runScriptAsRawText(ScriptEngine.java:119)
	at com.kms.katalon.core.main.TestCaseExecutor.runScript(TestCaseExecutor.java:339)
	at com.kms.katalon.core.main.TestCaseExecutor.doExecute(TestCaseExecutor.java:330)
	at com.kms.katalon.core.main.TestCaseExecutor.processExecutionPhase(TestCaseExecutor.java:309)
	at com.kms.katalon.core.main.TestCaseExecutor.accessMainPhase(TestCaseExecutor.java:301)
	at com.kms.katalon.core.main.TestCaseExecutor.execute(TestCaseExecutor.java:235)
	at com.kms.katalon.core.main.TestSuiteExecutor.accessTestCaseMainPhase(TestSuiteExecutor.java:191)
	at com.kms.katalon.core.main.TestSuiteExecutor.accessTestSuiteMainPhase(TestSuiteExecutor.java:141)
	at com.kms.katalon.core.main.TestSuiteExecutor.execute(TestSuiteExecutor.java:90)
	at com.kms.katalon.core.main.TestCaseMain.startTestSuite(TestCaseMain.java:157)
	at com.kms.katalon.core.main.TestCaseMain$startTestSuite$0.call(Unknown Source)
	at TempTestSuite1610453178186.run(TempTestSuite1610453178186.groovy:39)
Caused by: com.kms.katalon.core.exception.StepFailedException: com.kms.katalon.core.webui.exception.WebElementNotFoundException: Web element with id: 'Object Repository/Asset/Asset/assetname(assetName)' located by '//div[text()='Author451']' not found
	at com.kms.katalon.core.webui.keyword.internal.WebUIKeywordMain.stepFailed(WebUIKeywordMain.groovy:64)
	at com.kms.katalon.core.webui.keyword.builtin.VerifyElementPresentKeyword$_verifyElementPresent_closure1.doCall(VerifyElementPresentKeyword.groovy:85)
	at com.kms.katalon.core.webui.keyword.builtin.VerifyElementPresentKeyword$_verifyElementPresent_closure1.call(VerifyElementPresentKeyword.groovy)
	at com.kms.katalon.core.webui.keyword.internal.WebUIKeywordMain.runKeyword(WebUIKeywordMain.groovy:20)
	... 23 more
)
[[ATTACHMENT|E:\\Modist Project\\ModistProject\\Reports\\20210112_070617\\Asset\\20210112_070618\\1610453329841.png]]

2021-01-12 07:08:50 - [MESSAGE][FAILED] - Unable to verify object 'Object Repository/Asset/Asset/assetname(assetName)' is present]]></system-out>
         <system-err><![CDATA[2021-01-12 07:07:39 - [TEST_CASE][FAILED] - Test Cases/Admin/Asset/functionalityOfCancelButtonInAddAssetPopup: Test Cases/Admin/Asset/functionalityOfCancelButtonInAddAssetPopup FAILED.
Reason:
com.kms.katalon.core.exception.StepFailedException: Unable to verify object 'Object Repository/Asset/Asset/assetname(assetName)' is present
	at com.kms.katalon.core.webui.keyword.internal.WebUIKeywordMain.stepFailed(WebUIKeywordMain.groovy:64)
	at com.kms.katalon.core.webui.keyword.internal.WebUIKeywordMain.runKeyword(WebUIKeywordMain.groovy:26)
	at com.kms.katalon.core.webui.keyword.builtin.VerifyElementPresentKeyword.verifyElementPresent(VerifyElementPresentKeyword.groovy:92)
	at com.kms.katalon.core.webui.keyword.builtin.VerifyElementPresentKeyword.execute(VerifyElementPresentKeyword.groovy:68)
	at com.kms.katalon.core.keyword.internal.KeywordExecutor.executeKeywordForPlatform(KeywordExecutor.groovy:73)
	at com.kms.katalon.core.webui.keyword.WebUiBuiltInKeywords.verifyElementPresent(WebUiBuiltInKeywords.groovy:1461)
	at com.kms.katalon.core.webui.keyword.WebUiBuiltInKeywords$verifyElementPresent$9.call(Unknown Source)
	at pages.Asset.searchForAsset(Asset.groovy:37)
	at pages.Asset.VerifyAssetNotPresent(Asset.groovy:128)
	at pages.Asset.invokeMethod(Asset.groovy)
	at com.kms.katalon.core.main.CustomKeywordDelegatingMetaClass.invokeStaticMethod(CustomKeywordDelegatingMetaClass.java:50)
	at functionalityOfCancelButtonInAddAssetPopup.run(functionalityOfCancelButtonInAddAssetPopup:22)
	at com.kms.katalon.core.main.ScriptEngine.run(ScriptEngine.java:194)
	at com.kms.katalon.core.main.ScriptEngine.runScriptAsRawText(ScriptEngine.java:119)
	at com.kms.katalon.core.main.TestCaseExecutor.runScript(TestCaseExecutor.java:339)
	at com.kms.katalon.core.main.TestCaseExecutor.doExecute(TestCaseExecutor.java:330)
	at com.kms.katalon.core.main.TestCaseExecutor.processExecutionPhase(TestCaseExecutor.java:309)
	at com.kms.katalon.core.main.TestCaseExecutor.accessMainPhase(TestCaseExecutor.java:301)
	at com.kms.katalon.core.main.TestCaseExecutor.execute(TestCaseExecutor.java:235)
	at com.kms.katalon.core.main.TestSuiteExecutor.accessTestCaseMainPhase(TestSuiteExecutor.java:191)
	at com.kms.katalon.core.main.TestSuiteExecutor.accessTestSuiteMainPhase(TestSuiteExecutor.java:141)
	at com.kms.katalon.core.main.TestSuiteExecutor.execute(TestSuiteExecutor.java:90)
	at com.kms.katalon.core.main.TestCaseMain.startTestSuite(TestCaseMain.java:157)
	at com.kms.katalon.core.main.TestCaseMain$startTestSuite$0.call(Unknown Source)
	at TempTestSuite1610453178186.run(TempTestSuite1610453178186.groovy:39)
Caused by: com.kms.katalon.core.exception.StepFailedException: com.kms.katalon.core.webui.exception.WebElementNotFoundException: Web element with id: 'Object Repository/Asset/Asset/assetname(assetName)' located by '//div[text()='Author451']' not found
	at com.kms.katalon.core.webui.keyword.internal.WebUIKeywordMain.stepFailed(WebUIKeywordMain.groovy:64)
	at com.kms.katalon.core.webui.keyword.builtin.VerifyElementPresentKeyword$_verifyElementPresent_closure1.doCall(VerifyElementPresentKeyword.groovy:85)
	at com.kms.katalon.core.webui.keyword.builtin.VerifyElementPresentKeyword$_verifyElementPresent_closure1.call(VerifyElementPresentKeyword.groovy)
	at com.kms.katalon.core.webui.keyword.internal.WebUIKeywordMain.runKeyword(WebUIKeywordMain.groovy:20)
	... 23 more]]></system-err>
      </testcase>
      <testcase name="Test Cases/Admin/Asset/functionalityOfCloseButtonandVerify" time="20.219" classname="Test Cases/Admin/Asset/functionalityOfCloseButtonandVerify" status="PASSED">
         <system-out><![CDATA[2021-01-12 07:08:50 - [TEST_CASE][PASSED] - Test Cases/Admin/Asset/functionalityOfCloseButtonandVerify: Test Cases/Admin/Asset/functionalityOfCloseButtonandVerify

2021-01-12 07:08:50 - [TEST_STEP][PASSED] - pages.Asset.clickAssetTab(): pages.Asset.clickAssetTab is PASSED

2021-01-12 07:08:50 - [MESSAGE][PASSED] - Object 'Object Repository/Asset/Asset/AssetPageElements/assetTab' is present

2021-01-12 07:08:50 - [MESSAGE][PASSED] - Object 'Object Repository/Asset/Asset/AssetPageElements/assetTab' is visible

2021-01-12 07:08:51 - [MESSAGE][PASSED] - Object 'Object Repository/Asset/Asset/AssetPageElements/assetTab' is clickable

2021-01-12 07:08:51 - [MESSAGE][PASSED] - Object: 'Object Repository/Asset/Asset/AssetPageElements/assetTab' is clicked on

2021-01-12 07:08:51 - [MESSAGE][PASSED] - pages.Asset.clickAssetTab is PASSED

2021-01-12 07:08:51 - [TEST_STEP][PASSED] - pages.Asset.closeButtonInAssetEditPage(): pages.Asset.closeButtonInAssetEditPage is PASSED

2021-01-12 07:08:51 - [MESSAGE][PASSED] - Wait for page load successfully

2021-01-12 07:08:51 - [MESSAGE][PASSED] - Object 'Object Repository/Asset/Asset/AssetCount' is present

2021-01-12 07:08:52 - [MESSAGE][PASSED] - Text of object 'Object Repository/Asset/Asset/randomAsset(index)' is: 'Author142'

2021-01-12 07:08:52 - [MESSAGE][PASSED] - Object 'Object Repository/Asset/Asset/AssetPageElements/search' is present

2021-01-12 07:08:53 - [MESSAGE][PASSED] - Object 'Object Repository/Asset/Asset/AssetPageElements/search' is visible

2021-01-12 07:08:53 - [MESSAGE][PASSED] - Object 'Object Repository/Asset/Asset/AssetPageElements/search' is clickable

2021-01-12 07:08:53 - [MESSAGE][PASSED] - Text of object 'Object Repository/Asset/Asset/AssetPageElements/search' is cleared

2021-01-12 07:08:53 - [MESSAGE][PASSED] - Keys 'Author142' sent to object: 'Object Repository/Asset/Asset/AssetPageElements/search'

2021-01-12 07:08:54 - [MESSAGE][PASSED] - Object 'Object Repository/Asset/Asset/assetname(assetName)' is present

2021-01-12 07:08:54 - [MESSAGE][PASSED] - Object 'Object Repository/Asset/Asset/assetname(assetName)' is present

2021-01-12 07:08:55 - [MESSAGE][PASSED] - Object 'Object Repository/Asset/Asset/assetname(assetName)' is present

2021-01-12 07:08:55 - [MESSAGE][PASSED] - Object 'Object Repository/Asset/Asset/assetname(assetName)' is visible

2021-01-12 07:08:58 - [MESSAGE][PASSED] - Object 'Object Repository/Asset/Asset/assetname(assetName)' is clickable

2021-01-12 07:08:58 - [MESSAGE][PASSED] - Object: 'Object Repository/Asset/Asset/assetname(assetName)' is clicked on

2021-01-12 07:08:59 - [MESSAGE][PASSED] - Object 'Object Repository/Asset/Asset/assetEditpage/close' is present

2021-01-12 07:08:59 - [MESSAGE][PASSED] - Object 'Object Repository/Asset/Asset/assetEditpage/close' is visible

2021-01-12 07:09:00 - [MESSAGE][PASSED] - Object 'Object Repository/Asset/Asset/assetEditpage/close' is clickable

2021-01-12 07:09:00 - [MESSAGE][PASSED] - Object: 'Object Repository/Asset/Asset/assetEditpage/close' is clicked on

2021-01-12 07:09:00 - [MESSAGE][PASSED] - pages.Asset.closeButtonInAssetEditPage is PASSED

2021-01-12 07:09:00 - [TEST_STEP][PASSED] - verification.Verification.getUrlAndVerify("dashboard", "cancel button is not working"): verification.Verification.getUrlAndVerify is PASSED

2021-01-12 07:09:10 - [MESSAGE][PASSED] - Delayed 10 second(s)

2021-01-12 07:09:10 - [MESSAGE][PASSED] - Current window's url is: 'https://dev-admin.modist.co/dashboard'

2021-01-12 07:09:10 - [MESSAGE][PASSED] - verification.Verification.getUrlAndVerify is PASSED]]></system-out>
         <system-err><![CDATA[]]></system-err>
      </testcase>
      <testcase name="Test Cases/Admin/Asset/functionalityOfSearcBoxWithInvalidDetails" time="80.843" classname="Test Cases/Admin/Asset/functionalityOfSearcBoxWithInvalidDetails" status="FAILED">
         <failure type="FAILED" message="Test Cases/Admin/Asset/functionalityOfSearcBoxWithInvalidDetails FAILED.
Reason:
com.kms.katalon.core.exception.StepFailedException: Unable to verify object 'Object Repository/Asset/Asset/assetname(assetName)' is present
	at com.kms.katalon.core.webui.keyword.internal.WebUIKeywordMain.stepFailed(WebUIKeywordMain.groovy:64)
	at com.kms.katalon.core.webui.keyword.internal.WebUIKeywordMain.runKeyword(WebUIKeywordMain.groovy:26)
	at com.kms.katalon.core.webui.keyword.builtin.VerifyElementPresentKeyword.verifyElementPresent(VerifyElementPresentKeyword.groovy:92)
	at com.kms.katalon.core.webui.keyword.builtin.VerifyElementPresentKeyword.execute(VerifyElementPresentKeyword.groovy:68)
	at com.kms.katalon.core.keyword.internal.KeywordExecutor.executeKeywordForPlatform(KeywordExecutor.groovy:73)
	at com.kms.katalon.core.webui.keyword.WebUiBuiltInKeywords.verifyElementPresent(WebUiBuiltInKeywords.groovy:1461)
	at com.kms.katalon.core.webui.keyword.WebUiBuiltInKeywords$verifyElementPresent$9.call(Unknown Source)
	at pages.Asset.searchForAsset(Asset.groovy:37)
	at pages.Asset.VerifyAssetNotPresent(Asset.groovy:128)
	at pages.Asset.invokeMethod(Asset.groovy)
	at com.kms.katalon.core.main.CustomKeywordDelegatingMetaClass.invokeStaticMethod(CustomKeywordDelegatingMetaClass.java:50)
	at functionalityOfSearcBoxWithInvalidDetails.run(functionalityOfSearcBoxWithInvalidDetails:24)
	at com.kms.katalon.core.main.ScriptEngine.run(ScriptEngine.java:194)
	at com.kms.katalon.core.main.ScriptEngine.runScriptAsRawText(ScriptEngine.java:119)
	at com.kms.katalon.core.main.TestCaseExecutor.runScript(TestCaseExecutor.java:339)
	at com.kms.katalon.core.main.TestCaseExecutor.doExecute(TestCaseExecutor.java:330)
	at com.kms.katalon.core.main.TestCaseExecutor.processExecutionPhase(TestCaseExecutor.java:309)
	at com.kms.katalon.core.main.TestCaseExecutor.accessMainPhase(TestCaseExecutor.java:301)
	at com.kms.katalon.core.main.TestCaseExecutor.execute(TestCaseExecutor.java:235)
	at com.kms.katalon.core.main.TestSuiteExecutor.accessTestCaseMainPhase(TestSuiteExecutor.java:191)
	at com.kms.katalon.core.main.TestSuiteExecutor.accessTestSuiteMainPhase(TestSuiteExecutor.java:141)
	at com.kms.katalon.core.main.TestSuiteExecutor.execute(TestSuiteExecutor.java:90)
	at com.kms.katalon.core.main.TestCaseMain.startTestSuite(TestCaseMain.java:157)
	at com.kms.katalon.core.main.TestCaseMain$startTestSuite$0.call(Unknown Source)
	at TempTestSuite1610453178186.run(TempTestSuite1610453178186.groovy:39)
Caused by: com.kms.katalon.core.exception.StepFailedException: com.kms.katalon.core.webui.exception.WebElementNotFoundException: Web element with id: 'Object Repository/Asset/Asset/assetname(assetName)' located by '//div[text()='Author9851']' not found
	at com.kms.katalon.core.webui.keyword.internal.WebUIKeywordMain.stepFailed(WebUIKeywordMain.groovy:64)
	at com.kms.katalon.core.webui.keyword.builtin.VerifyElementPresentKeyword$_verifyElementPresent_closure1.doCall(VerifyElementPresentKeyword.groovy:85)
	at com.kms.katalon.core.webui.keyword.builtin.VerifyElementPresentKeyword$_verifyElementPresent_closure1.call(VerifyElementPresentKeyword.groovy)
	at com.kms.katalon.core.webui.keyword.internal.WebUIKeywordMain.runKeyword(WebUIKeywordMain.groovy:20)
	... 23 more
"/>
         <system-out><![CDATA[2021-01-12 07:09:10 - [TEST_CASE][FAILED] - Test Cases/Admin/Asset/functionalityOfSearcBoxWithInvalidDetails: Test Cases/Admin/Asset/functionalityOfSearcBoxWithInvalidDetails FAILED.
Reason:
com.kms.katalon.core.exception.StepFailedException: Unable to verify object 'Object Repository/Asset/Asset/assetname(assetName)' is present
	at com.kms.katalon.core.webui.keyword.internal.WebUIKeywordMain.stepFailed(WebUIKeywordMain.groovy:64)
	at com.kms.katalon.core.webui.keyword.internal.WebUIKeywordMain.runKeyword(WebUIKeywordMain.groovy:26)
	at com.kms.katalon.core.webui.keyword.builtin.VerifyElementPresentKeyword.verifyElementPresent(VerifyElementPresentKeyword.groovy:92)
	at com.kms.katalon.core.webui.keyword.builtin.VerifyElementPresentKeyword.execute(VerifyElementPresentKeyword.groovy:68)
	at com.kms.katalon.core.keyword.internal.KeywordExecutor.executeKeywordForPlatform(KeywordExecutor.groovy:73)
	at com.kms.katalon.core.webui.keyword.WebUiBuiltInKeywords.verifyElementPresent(WebUiBuiltInKeywords.groovy:1461)
	at com.kms.katalon.core.webui.keyword.WebUiBuiltInKeywords$verifyElementPresent$9.call(Unknown Source)
	at pages.Asset.searchForAsset(Asset.groovy:37)
	at pages.Asset.VerifyAssetNotPresent(Asset.groovy:128)
	at pages.Asset.invokeMethod(Asset.groovy)
	at com.kms.katalon.core.main.CustomKeywordDelegatingMetaClass.invokeStaticMethod(CustomKeywordDelegatingMetaClass.java:50)
	at functionalityOfSearcBoxWithInvalidDetails.run(functionalityOfSearcBoxWithInvalidDetails:24)
	at com.kms.katalon.core.main.ScriptEngine.run(ScriptEngine.java:194)
	at com.kms.katalon.core.main.ScriptEngine.runScriptAsRawText(ScriptEngine.java:119)
	at com.kms.katalon.core.main.TestCaseExecutor.runScript(TestCaseExecutor.java:339)
	at com.kms.katalon.core.main.TestCaseExecutor.doExecute(TestCaseExecutor.java:330)
	at com.kms.katalon.core.main.TestCaseExecutor.processExecutionPhase(TestCaseExecutor.java:309)
	at com.kms.katalon.core.main.TestCaseExecutor.accessMainPhase(TestCaseExecutor.java:301)
	at com.kms.katalon.core.main.TestCaseExecutor.execute(TestCaseExecutor.java:235)
	at com.kms.katalon.core.main.TestSuiteExecutor.accessTestCaseMainPhase(TestSuiteExecutor.java:191)
	at com.kms.katalon.core.main.TestSuiteExecutor.accessTestSuiteMainPhase(TestSuiteExecutor.java:141)
	at com.kms.katalon.core.main.TestSuiteExecutor.execute(TestSuiteExecutor.java:90)
	at com.kms.katalon.core.main.TestCaseMain.startTestSuite(TestCaseMain.java:157)
	at com.kms.katalon.core.main.TestCaseMain$startTestSuite$0.call(Unknown Source)
	at TempTestSuite1610453178186.run(TempTestSuite1610453178186.groovy:39)
Caused by: com.kms.katalon.core.exception.StepFailedException: com.kms.katalon.core.webui.exception.WebElementNotFoundException: Web element with id: 'Object Repository/Asset/Asset/assetname(assetName)' located by '//div[text()='Author9851']' not found
	at com.kms.katalon.core.webui.keyword.internal.WebUIKeywordMain.stepFailed(WebUIKeywordMain.groovy:64)
	at com.kms.katalon.core.webui.keyword.builtin.VerifyElementPresentKeyword$_verifyElementPresent_closure1.doCall(VerifyElementPresentKeyword.groovy:85)
	at com.kms.katalon.core.webui.keyword.builtin.VerifyElementPresentKeyword$_verifyElementPresent_closure1.call(VerifyElementPresentKeyword.groovy)
	at com.kms.katalon.core.webui.keyword.internal.WebUIKeywordMain.runKeyword(WebUIKeywordMain.groovy:20)
	... 23 more


2021-01-12 07:09:10 - [TEST_STEP][PASSED] - pages.Asset.clickAssetTab(): pages.Asset.clickAssetTab is PASSED

2021-01-12 07:09:10 - [MESSAGE][PASSED] - Object 'Object Repository/Asset/Asset/AssetPageElements/assetTab' is present

2021-01-12 07:09:11 - [MESSAGE][PASSED] - Object 'Object Repository/Asset/Asset/AssetPageElements/assetTab' is visible

2021-01-12 07:09:11 - [MESSAGE][PASSED] - Object 'Object Repository/Asset/Asset/AssetPageElements/assetTab' is clickable

2021-01-12 07:09:11 - [MESSAGE][PASSED] - Object: 'Object Repository/Asset/Asset/AssetPageElements/assetTab' is clicked on

2021-01-12 07:09:11 - [MESSAGE][PASSED] - pages.Asset.clickAssetTab is PASSED

2021-01-12 07:09:11 - [TEST_STEP][PASSED] - assetName = pages.Asset.getRandomAssetName(): pages.Asset.getRandomAssetName is PASSED

2021-01-12 07:09:11 - [MESSAGE][PASSED] - Wait for page load successfully

2021-01-12 07:09:18 - [MESSAGE][INFO] - Unable to find the element located by 'By.xpath: //div[@class='sc-jrsJCI ivRwdr rdt_TableRow']'. Please recheck the objects properties to make sure the desired element is located. 

2021-01-12 07:09:18 - [MESSAGE][WARNING] - com.kms.katalon.core.webui.exception.WebElementNotFoundException: Web element with id: 'Object Repository/Asset/Asset/AssetCount' located by '//div[@class='sc-jrsJCI ivRwdr rdt_TableRow']' not found (Root cause: com.kms.katalon.core.exception.StepFailedException: com.kms.katalon.core.webui.exception.WebElementNotFoundException: Web element with id: 'Object Repository/Asset/Asset/AssetCount' located by '//div[@class='sc-jrsJCI ivRwdr rdt_TableRow']' not found
	at com.kms.katalon.core.webui.keyword.internal.WebUIKeywordMain.stepFailed(WebUIKeywordMain.groovy:64)
	at com.kms.katalon.core.webui.keyword.builtin.VerifyElementPresentKeyword$_verifyElementPresent_closure1.doCall(VerifyElementPresentKeyword.groovy:85)
	at com.kms.katalon.core.webui.keyword.builtin.VerifyElementPresentKeyword$_verifyElementPresent_closure1.call(VerifyElementPresentKeyword.groovy)
	at com.kms.katalon.core.webui.keyword.internal.WebUIKeywordMain.runKeyword(WebUIKeywordMain.groovy:20)
	at com.kms.katalon.core.webui.keyword.builtin.VerifyElementPresentKeyword.verifyElementPresent(VerifyElementPresentKeyword.groovy:92)
	at com.kms.katalon.core.webui.keyword.builtin.VerifyElementPresentKeyword.execute(VerifyElementPresentKeyword.groovy:68)
	at com.kms.katalon.core.keyword.internal.KeywordExecutor.executeKeywordForPlatform(KeywordExecutor.groovy:73)
	at com.kms.katalon.core.webui.keyword.WebUiBuiltInKeywords.verifyElementPresent(WebUiBuiltInKeywords.groovy:1445)
	at com.kms.katalon.core.webui.keyword.WebUiBuiltInKeywords$verifyElementPresent$10.call(Unknown Source)
	at webAction.WebAction.getElementCount(WebAction.groovy:47)
	at webAction.WebAction.getElementCount(WebAction.groovy)
	at webAction.WebAction$getElementCount$3.call(Unknown Source)
	at pages.Asset.getRandomAssetName(Asset.groovy:49)
	at pages.Asset.invokeMethod(Asset.groovy)
	at com.kms.katalon.core.main.CustomKeywordDelegatingMetaClass.invokeStaticMethod(CustomKeywordDelegatingMetaClass.java:50)
	at functionalityOfSearcBoxWithInvalidDetails.run(functionalityOfSearcBoxWithInvalidDetails:20)
	at com.kms.katalon.core.main.ScriptEngine.run(ScriptEngine.java:194)
	at com.kms.katalon.core.main.ScriptEngine.runScriptAsRawText(ScriptEngine.java:119)
	at com.kms.katalon.core.main.TestCaseExecutor.runScript(TestCaseExecutor.java:339)
	at com.kms.katalon.core.main.TestCaseExecutor.doExecute(TestCaseExecutor.java:330)
	at com.kms.katalon.core.main.TestCaseExecutor.processExecutionPhase(TestCaseExecutor.java:309)
	at com.kms.katalon.core.main.TestCaseExecutor.accessMainPhase(TestCaseExecutor.java:301)
	at com.kms.katalon.core.main.TestCaseExecutor.execute(TestCaseExecutor.java:235)
	at com.kms.katalon.core.main.TestSuiteExecutor.accessTestCaseMainPhase(TestSuiteExecutor.java:191)
	at com.kms.katalon.core.main.TestSuiteExecutor.accessTestSuiteMainPhase(TestSuiteExecutor.java:141)
	at com.kms.katalon.core.main.TestSuiteExecutor.execute(TestSuiteExecutor.java:90)
	at com.kms.katalon.core.main.TestCaseMain.startTestSuite(TestCaseMain.java:157)
	at com.kms.katalon.core.main.TestCaseMain$startTestSuite$0.call(Unknown Source)
	at TempTestSuite1610453178186.run(TempTestSuite1610453178186.groovy:39)
)
[[ATTACHMENT|E:\\Modist Project\\ModistProject\\Reports\\20210112_070617\\Asset\\20210112_070618\\1610453358009.png]]

2021-01-12 07:09:18 - [MESSAGE][PASSED] - Object 'Object Repository/Asset/Asset/AssetPageElements/AddAssetButton' is present

2021-01-12 07:09:18 - [MESSAGE][PASSED] - Object 'Object Repository/Asset/Asset/AssetPageElements/AddAssetButton' is visible

2021-01-12 07:09:19 - [MESSAGE][PASSED] - Object 'Object Repository/Asset/Asset/AssetPageElements/AddAssetButton' is clickable

2021-01-12 07:09:19 - [MESSAGE][PASSED] - Object: 'Object Repository/Asset/Asset/AssetPageElements/AddAssetButton' is clicked on

2021-01-12 07:09:20 - [MESSAGE][PASSED] - Object 'Object Repository/Asset/Asset/addAsset/Author' is present

2021-01-12 07:09:20 - [MESSAGE][PASSED] - Object 'Object Repository/Asset/Asset/addAsset/Author' is visible

2021-01-12 07:09:20 - [MESSAGE][PASSED] - Object 'Object Repository/Asset/Asset/addAsset/Author' is clickable

2021-01-12 07:09:21 - [MESSAGE][PASSED] - Text of object 'Object Repository/Asset/Asset/addAsset/Author' is cleared

2021-01-12 07:09:21 - [MESSAGE][PASSED] - Keys 'Author985' sent to object: 'Object Repository/Asset/Asset/addAsset/Author'

2021-01-12 07:09:21 - [MESSAGE][PASSED] - File 'E:\Modist Project\ModistProject\bike4.jpg' sent to object: 'Object Repository/Asset/Asset/addAsset/chooseFile'

2021-01-12 07:09:22 - [MESSAGE][PASSED] - Object 'Object Repository/Asset/Asset/addAsset/clickTenant' is present

2021-01-12 07:09:22 - [MESSAGE][PASSED] - Object 'Object Repository/Asset/Asset/addAsset/clickTenant' is visible

2021-01-12 07:09:22 - [MESSAGE][PASSED] - Object 'Object Repository/Asset/Asset/addAsset/clickTenant' is clickable

2021-01-12 07:09:23 - [MESSAGE][PASSED] - Object: 'Object Repository/Asset/Asset/addAsset/clickTenant' is clicked on

2021-01-12 07:09:23 - [MESSAGE][PASSED] - Object 'Object Repository/Asset/Asset/addAsset/selectTenent' is present

2021-01-12 07:09:23 - [MESSAGE][PASSED] - Object 'Object Repository/Asset/Asset/addAsset/selectTenent' is visible

2021-01-12 07:09:23 - [MESSAGE][PASSED] - Object 'Object Repository/Asset/Asset/addAsset/selectTenent' is clickable

2021-01-12 07:09:24 - [MESSAGE][PASSED] - Object: 'Object Repository/Asset/Asset/addAsset/selectTenent' is clicked on

2021-01-12 07:09:24 - [MESSAGE][PASSED] - Object 'Object Repository/Asset/Asset/addAsset/addAssetButtonInAddAssetPopup' is present

2021-01-12 07:09:24 - [MESSAGE][PASSED] - Object 'Object Repository/Asset/Asset/addAsset/addAssetButtonInAddAssetPopup' is visible

2021-01-12 07:09:25 - [MESSAGE][PASSED] - Object 'Object Repository/Asset/Asset/addAsset/addAssetButtonInAddAssetPopup' is clickable

2021-01-12 07:09:25 - [MESSAGE][PASSED] - Object: 'Object Repository/Asset/Asset/addAsset/addAssetButtonInAddAssetPopup' is clicked on

2021-01-12 07:09:25 - [MESSAGE][PASSED] - pages.Asset.getRandomAssetName is PASSED

2021-01-12 07:09:25 - [TEST_STEP][PASSED] - assetName = assetName + "1": null

2021-01-12 07:09:25 - [TEST_STEP][FAILED] - pages.Asset.VerifyAssetNotPresent(assetName): Unable to verify object 'Object Repository/Asset/Asset/assetname(assetName)' is present

2021-01-12 07:09:26 - [MESSAGE][PASSED] - Object 'Object Repository/Asset/Asset/AssetPageElements/search' is present

2021-01-12 07:09:27 - [MESSAGE][PASSED] - Object 'Object Repository/Asset/Asset/AssetPageElements/search' is visible

2021-01-12 07:09:27 - [MESSAGE][PASSED] - Object 'Object Repository/Asset/Asset/AssetPageElements/search' is clickable

2021-01-12 07:09:27 - [MESSAGE][PASSED] - Text of object 'Object Repository/Asset/Asset/AssetPageElements/search' is cleared

2021-01-12 07:09:28 - [MESSAGE][PASSED] - Keys 'Author9851' sent to object: 'Object Repository/Asset/Asset/AssetPageElements/search'

2021-01-12 07:09:59 - [MESSAGE][INFO] - Unable to find the element located by 'By.xpath: //div[text()='Author9851']'. Please recheck the objects properties to make sure the desired element is located. 

2021-01-12 07:09:59 - [MESSAGE][WARNING] - Object 'Object Repository/Asset/Asset/assetname(assetName)' is not present after 30 second(s)

2021-01-12 07:10:30 - [MESSAGE][INFO] - Unable to find the element located by 'By.xpath: //div[text()='Author9851']'. Please recheck the objects properties to make sure the desired element is located. 

2021-01-12 07:10:30 - [MESSAGE][FAILED] - com.kms.katalon.core.webui.exception.WebElementNotFoundException: Web element with id: 'Object Repository/Asset/Asset/assetname(assetName)' located by '//div[text()='Author9851']' not found (Root cause: com.kms.katalon.core.exception.StepFailedException: com.kms.katalon.core.webui.exception.WebElementNotFoundException: Web element with id: 'Object Repository/Asset/Asset/assetname(assetName)' located by '//div[text()='Author9851']' not found
	at com.kms.katalon.core.webui.keyword.internal.WebUIKeywordMain.stepFailed(WebUIKeywordMain.groovy:64)
	at com.kms.katalon.core.webui.keyword.builtin.VerifyElementPresentKeyword$_verifyElementPresent_closure1.doCall(VerifyElementPresentKeyword.groovy:85)
	at com.kms.katalon.core.webui.keyword.builtin.VerifyElementPresentKeyword$_verifyElementPresent_closure1.call(VerifyElementPresentKeyword.groovy)
	at com.kms.katalon.core.webui.keyword.internal.WebUIKeywordMain.runKeyword(WebUIKeywordMain.groovy:20)
	at com.kms.katalon.core.webui.keyword.builtin.VerifyElementPresentKeyword.verifyElementPresent(VerifyElementPresentKeyword.groovy:92)
	at com.kms.katalon.core.webui.keyword.builtin.VerifyElementPresentKeyword.execute(VerifyElementPresentKeyword.groovy:68)
	at com.kms.katalon.core.keyword.internal.KeywordExecutor.executeKeywordForPlatform(KeywordExecutor.groovy:73)
	at com.kms.katalon.core.webui.keyword.WebUiBuiltInKeywords.verifyElementPresent(WebUiBuiltInKeywords.groovy:1461)
	at com.kms.katalon.core.webui.keyword.WebUiBuiltInKeywords$verifyElementPresent$9.call(Unknown Source)
	at pages.Asset.searchForAsset(Asset.groovy:37)
	at pages.Asset.VerifyAssetNotPresent(Asset.groovy:128)
	at pages.Asset.invokeMethod(Asset.groovy)
	at com.kms.katalon.core.main.CustomKeywordDelegatingMetaClass.invokeStaticMethod(CustomKeywordDelegatingMetaClass.java:50)
	at functionalityOfSearcBoxWithInvalidDetails.run(functionalityOfSearcBoxWithInvalidDetails:24)
	at com.kms.katalon.core.main.ScriptEngine.run(ScriptEngine.java:194)
	at com.kms.katalon.core.main.ScriptEngine.runScriptAsRawText(ScriptEngine.java:119)
	at com.kms.katalon.core.main.TestCaseExecutor.runScript(TestCaseExecutor.java:339)
	at com.kms.katalon.core.main.TestCaseExecutor.doExecute(TestCaseExecutor.java:330)
	at com.kms.katalon.core.main.TestCaseExecutor.processExecutionPhase(TestCaseExecutor.java:309)
	at com.kms.katalon.core.main.TestCaseExecutor.accessMainPhase(TestCaseExecutor.java:301)
	at com.kms.katalon.core.main.TestCaseExecutor.execute(TestCaseExecutor.java:235)
	at com.kms.katalon.core.main.TestSuiteExecutor.accessTestCaseMainPhase(TestSuiteExecutor.java:191)
	at com.kms.katalon.core.main.TestSuiteExecutor.accessTestSuiteMainPhase(TestSuiteExecutor.java:141)
	at com.kms.katalon.core.main.TestSuiteExecutor.execute(TestSuiteExecutor.java:90)
	at com.kms.katalon.core.main.TestCaseMain.startTestSuite(TestCaseMain.java:157)
	at com.kms.katalon.core.main.TestCaseMain$startTestSuite$0.call(Unknown Source)
	at TempTestSuite1610453178186.run(TempTestSuite1610453178186.groovy:39)
)
[[ATTACHMENT|E:\\Modist Project\\ModistProject\\Reports\\20210112_070617\\Asset\\20210112_070618\\1610453430630.png]]

2021-01-12 07:10:31 - [MESSAGE][FAILED] - Unable to verify object 'Object Repository/Asset/Asset/assetname(assetName)' is present (Root cause: com.kms.katalon.core.exception.StepFailedException: Unable to verify object 'Object Repository/Asset/Asset/assetname(assetName)' is present
	at com.kms.katalon.core.webui.keyword.internal.WebUIKeywordMain.stepFailed(WebUIKeywordMain.groovy:64)
	at com.kms.katalon.core.webui.keyword.internal.WebUIKeywordMain.runKeyword(WebUIKeywordMain.groovy:26)
	at com.kms.katalon.core.webui.keyword.builtin.VerifyElementPresentKeyword.verifyElementPresent(VerifyElementPresentKeyword.groovy:92)
	at com.kms.katalon.core.webui.keyword.builtin.VerifyElementPresentKeyword.execute(VerifyElementPresentKeyword.groovy:68)
	at com.kms.katalon.core.keyword.internal.KeywordExecutor.executeKeywordForPlatform(KeywordExecutor.groovy:73)
	at com.kms.katalon.core.webui.keyword.WebUiBuiltInKeywords.verifyElementPresent(WebUiBuiltInKeywords.groovy:1461)
	at com.kms.katalon.core.webui.keyword.WebUiBuiltInKeywords$verifyElementPresent$9.call(Unknown Source)
	at pages.Asset.searchForAsset(Asset.groovy:37)
	at pages.Asset.VerifyAssetNotPresent(Asset.groovy:128)
	at pages.Asset.invokeMethod(Asset.groovy)
	at com.kms.katalon.core.main.CustomKeywordDelegatingMetaClass.invokeStaticMethod(CustomKeywordDelegatingMetaClass.java:50)
	at functionalityOfSearcBoxWithInvalidDetails.run(functionalityOfSearcBoxWithInvalidDetails:24)
	at com.kms.katalon.core.main.ScriptEngine.run(ScriptEngine.java:194)
	at com.kms.katalon.core.main.ScriptEngine.runScriptAsRawText(ScriptEngine.java:119)
	at com.kms.katalon.core.main.TestCaseExecutor.runScript(TestCaseExecutor.java:339)
	at com.kms.katalon.core.main.TestCaseExecutor.doExecute(TestCaseExecutor.java:330)
	at com.kms.katalon.core.main.TestCaseExecutor.processExecutionPhase(TestCaseExecutor.java:309)
	at com.kms.katalon.core.main.TestCaseExecutor.accessMainPhase(TestCaseExecutor.java:301)
	at com.kms.katalon.core.main.TestCaseExecutor.execute(TestCaseExecutor.java:235)
	at com.kms.katalon.core.main.TestSuiteExecutor.accessTestCaseMainPhase(TestSuiteExecutor.java:191)
	at com.kms.katalon.core.main.TestSuiteExecutor.accessTestSuiteMainPhase(TestSuiteExecutor.java:141)
	at com.kms.katalon.core.main.TestSuiteExecutor.execute(TestSuiteExecutor.java:90)
	at com.kms.katalon.core.main.TestCaseMain.startTestSuite(TestCaseMain.java:157)
	at com.kms.katalon.core.main.TestCaseMain$startTestSuite$0.call(Unknown Source)
	at TempTestSuite1610453178186.run(TempTestSuite1610453178186.groovy:39)
Caused by: com.kms.katalon.core.exception.StepFailedException: com.kms.katalon.core.webui.exception.WebElementNotFoundException: Web element with id: 'Object Repository/Asset/Asset/assetname(assetName)' located by '//div[text()='Author9851']' not found
	at com.kms.katalon.core.webui.keyword.internal.WebUIKeywordMain.stepFailed(WebUIKeywordMain.groovy:64)
	at com.kms.katalon.core.webui.keyword.builtin.VerifyElementPresentKeyword$_verifyElementPresent_closure1.doCall(VerifyElementPresentKeyword.groovy:85)
	at com.kms.katalon.core.webui.keyword.builtin.VerifyElementPresentKeyword$_verifyElementPresent_closure1.call(VerifyElementPresentKeyword.groovy)
	at com.kms.katalon.core.webui.keyword.internal.WebUIKeywordMain.runKeyword(WebUIKeywordMain.groovy:20)
	... 23 more
)
[[ATTACHMENT|E:\\Modist Project\\ModistProject\\Reports\\20210112_070617\\Asset\\20210112_070618\\1610453430970.png]]

2021-01-12 07:10:31 - [MESSAGE][FAILED] - Unable to verify object 'Object Repository/Asset/Asset/assetname(assetName)' is present]]></system-out>
         <system-err><![CDATA[2021-01-12 07:09:10 - [TEST_CASE][FAILED] - Test Cases/Admin/Asset/functionalityOfSearcBoxWithInvalidDetails: Test Cases/Admin/Asset/functionalityOfSearcBoxWithInvalidDetails FAILED.
Reason:
com.kms.katalon.core.exception.StepFailedException: Unable to verify object 'Object Repository/Asset/Asset/assetname(assetName)' is present
	at com.kms.katalon.core.webui.keyword.internal.WebUIKeywordMain.stepFailed(WebUIKeywordMain.groovy:64)
	at com.kms.katalon.core.webui.keyword.internal.WebUIKeywordMain.runKeyword(WebUIKeywordMain.groovy:26)
	at com.kms.katalon.core.webui.keyword.builtin.VerifyElementPresentKeyword.verifyElementPresent(VerifyElementPresentKeyword.groovy:92)
	at com.kms.katalon.core.webui.keyword.builtin.VerifyElementPresentKeyword.execute(VerifyElementPresentKeyword.groovy:68)
	at com.kms.katalon.core.keyword.internal.KeywordExecutor.executeKeywordForPlatform(KeywordExecutor.groovy:73)
	at com.kms.katalon.core.webui.keyword.WebUiBuiltInKeywords.verifyElementPresent(WebUiBuiltInKeywords.groovy:1461)
	at com.kms.katalon.core.webui.keyword.WebUiBuiltInKeywords$verifyElementPresent$9.call(Unknown Source)
	at pages.Asset.searchForAsset(Asset.groovy:37)
	at pages.Asset.VerifyAssetNotPresent(Asset.groovy:128)
	at pages.Asset.invokeMethod(Asset.groovy)
	at com.kms.katalon.core.main.CustomKeywordDelegatingMetaClass.invokeStaticMethod(CustomKeywordDelegatingMetaClass.java:50)
	at functionalityOfSearcBoxWithInvalidDetails.run(functionalityOfSearcBoxWithInvalidDetails:24)
	at com.kms.katalon.core.main.ScriptEngine.run(ScriptEngine.java:194)
	at com.kms.katalon.core.main.ScriptEngine.runScriptAsRawText(ScriptEngine.java:119)
	at com.kms.katalon.core.main.TestCaseExecutor.runScript(TestCaseExecutor.java:339)
	at com.kms.katalon.core.main.TestCaseExecutor.doExecute(TestCaseExecutor.java:330)
	at com.kms.katalon.core.main.TestCaseExecutor.processExecutionPhase(TestCaseExecutor.java:309)
	at com.kms.katalon.core.main.TestCaseExecutor.accessMainPhase(TestCaseExecutor.java:301)
	at com.kms.katalon.core.main.TestCaseExecutor.execute(TestCaseExecutor.java:235)
	at com.kms.katalon.core.main.TestSuiteExecutor.accessTestCaseMainPhase(TestSuiteExecutor.java:191)
	at com.kms.katalon.core.main.TestSuiteExecutor.accessTestSuiteMainPhase(TestSuiteExecutor.java:141)
	at com.kms.katalon.core.main.TestSuiteExecutor.execute(TestSuiteExecutor.java:90)
	at com.kms.katalon.core.main.TestCaseMain.startTestSuite(TestCaseMain.java:157)
	at com.kms.katalon.core.main.TestCaseMain$startTestSuite$0.call(Unknown Source)
	at TempTestSuite1610453178186.run(TempTestSuite1610453178186.groovy:39)
Caused by: com.kms.katalon.core.exception.StepFailedException: com.kms.katalon.core.webui.exception.WebElementNotFoundException: Web element with id: 'Object Repository/Asset/Asset/assetname(assetName)' located by '//div[text()='Author9851']' not found
	at com.kms.katalon.core.webui.keyword.internal.WebUIKeywordMain.stepFailed(WebUIKeywordMain.groovy:64)
	at com.kms.katalon.core.webui.keyword.builtin.VerifyElementPresentKeyword$_verifyElementPresent_closure1.doCall(VerifyElementPresentKeyword.groovy:85)
	at com.kms.katalon.core.webui.keyword.builtin.VerifyElementPresentKeyword$_verifyElementPresent_closure1.call(VerifyElementPresentKeyword.groovy)
	at com.kms.katalon.core.webui.keyword.internal.WebUIKeywordMain.runKeyword(WebUIKeywordMain.groovy:20)
	... 23 more]]></system-err>
      </testcase>
      <testcase name="Test Cases/Admin/Asset/functionalityOfSearchBoxwithValidDetails" time="7.887" classname="Test Cases/Admin/Asset/functionalityOfSearchBoxwithValidDetails" status="PASSED">
         <system-out><![CDATA[2021-01-12 07:10:31 - [TEST_CASE][PASSED] - Test Cases/Admin/Asset/functionalityOfSearchBoxwithValidDetails: Test Cases/Admin/Asset/functionalityOfSearchBoxwithValidDetails

2021-01-12 07:10:31 - [TEST_STEP][PASSED] - pages.Asset.clickAssetTab(): pages.Asset.clickAssetTab is PASSED

2021-01-12 07:10:31 - [MESSAGE][PASSED] - Object 'Object Repository/Asset/Asset/AssetPageElements/assetTab' is present

2021-01-12 07:10:32 - [MESSAGE][PASSED] - Object 'Object Repository/Asset/Asset/AssetPageElements/assetTab' is visible

2021-01-12 07:10:32 - [MESSAGE][PASSED] - Object 'Object Repository/Asset/Asset/AssetPageElements/assetTab' is clickable

2021-01-12 07:10:32 - [MESSAGE][PASSED] - Object: 'Object Repository/Asset/Asset/AssetPageElements/assetTab' is clicked on

2021-01-12 07:10:32 - [MESSAGE][PASSED] - pages.Asset.clickAssetTab is PASSED

2021-01-12 07:10:32 - [TEST_STEP][PASSED] - assetName = pages.Asset.getRandomAssetName(): pages.Asset.getRandomAssetName is PASSED

2021-01-12 07:10:32 - [MESSAGE][PASSED] - Wait for page load successfully

2021-01-12 07:10:32 - [MESSAGE][PASSED] - Object 'Object Repository/Asset/Asset/AssetCount' is present

2021-01-12 07:10:33 - [MESSAGE][PASSED] - Text of object 'Object Repository/Asset/Asset/randomAsset(index)' is: 'Author875'

2021-01-12 07:10:33 - [MESSAGE][PASSED] - pages.Asset.getRandomAssetName is PASSED

2021-01-12 07:10:33 - [TEST_STEP][PASSED] - pages.Asset.VerifyAssetIsPresent(assetName): pages.Asset.VerifyAssetIsPresent is PASSED

2021-01-12 07:10:33 - [MESSAGE][PASSED] - Object 'Object Repository/Asset/Asset/AssetPageElements/search' is present

2021-01-12 07:10:34 - [MESSAGE][PASSED] - Object 'Object Repository/Asset/Asset/AssetPageElements/search' is visible

2021-01-12 07:10:34 - [MESSAGE][PASSED] - Object 'Object Repository/Asset/Asset/AssetPageElements/search' is clickable

2021-01-12 07:10:34 - [MESSAGE][PASSED] - Text of object 'Object Repository/Asset/Asset/AssetPageElements/search' is cleared

2021-01-12 07:10:35 - [MESSAGE][PASSED] - Keys 'Author875' sent to object: 'Object Repository/Asset/Asset/AssetPageElements/search'

2021-01-12 07:10:35 - [MESSAGE][PASSED] - Object 'Object Repository/Asset/Asset/assetname(assetName)' is present

2021-01-12 07:10:37 - [MESSAGE][PASSED] - Object 'Object Repository/Asset/Asset/assetname(assetName)' is present

2021-01-12 07:10:39 - [MESSAGE][PASSED] - Object 'Object Repository/Asset/Asset/assetname(assetName)' is present

2021-01-12 07:10:39 - [MESSAGE][PASSED] - pages.Asset.VerifyAssetIsPresent is PASSED]]></system-out>
         <system-err><![CDATA[]]></system-err>
      </testcase>
      <testcase name="Test Cases/Admin/Asset/VerifyAssetPage" time="3.401" classname="Test Cases/Admin/Asset/VerifyAssetPage" status="PASSED">
         <system-out><![CDATA[2021-01-12 07:10:39 - [TEST_CASE][PASSED] - Test Cases/Admin/Asset/VerifyAssetPage: Test Cases/Admin/Asset/VerifyAssetPage

2021-01-12 07:10:39 - [TEST_STEP][PASSED] - pages.Asset.clickAssetTab(): pages.Asset.clickAssetTab is PASSED

2021-01-12 07:10:39 - [MESSAGE][PASSED] - Object 'Object Repository/Asset/Asset/AssetPageElements/assetTab' is present

2021-01-12 07:10:40 - [MESSAGE][PASSED] - Object 'Object Repository/Asset/Asset/AssetPageElements/assetTab' is visible

2021-01-12 07:10:40 - [MESSAGE][PASSED] - Object 'Object Repository/Asset/Asset/AssetPageElements/assetTab' is clickable

2021-01-12 07:10:40 - [MESSAGE][PASSED] - Object: 'Object Repository/Asset/Asset/AssetPageElements/assetTab' is clicked on

2021-01-12 07:10:40 - [MESSAGE][PASSED] - pages.Asset.clickAssetTab is PASSED

2021-01-12 07:10:40 - [TEST_STEP][PASSED] - pages.Asset.verifyAssetPage(): pages.Asset.verifyAssetPage is PASSED

2021-01-12 07:10:40 - [MESSAGE][PASSED] - Object 'Object Repository/Asset/Asset/AssetPageElements/AddAssetButton' is present

2021-01-12 07:10:41 - [MESSAGE][PASSED] - Object 'Object Repository/Asset/Asset/AssetPageElements/filterByName' is present

2021-01-12 07:10:41 - [MESSAGE][PASSED] - Object 'Object Repository/Asset/Asset/AssetPageElements/sourceTab' is present

2021-01-12 07:10:41 - [MESSAGE][PASSED] - Object 'Object Repository/Asset/Asset/AssetPageElements/created' is present

2021-01-12 07:10:42 - [MESSAGE][PASSED] - Object 'Object Repository/Asset/Asset/AssetPageElements/updated' is present

2021-01-12 07:10:42 - [MESSAGE][PASSED] - Object 'Object Repository/Asset/Asset/AssetPageElements/Autor' is present

2021-01-12 07:10:42 - [MESSAGE][PASSED] - Object 'Object Repository/Asset/Asset/AssetPageElements/content' is present

2021-01-12 07:10:42 - [MESSAGE][PASSED] - pages.Asset.verifyAssetPage is PASSED]]></system-out>
         <system-err><![CDATA[]]></system-err>
      </testcase>
      <testcase name="Test Cases/Admin/Asset/verifyElementsInAddAssetPopUp" time="6.16" classname="Test Cases/Admin/Asset/verifyElementsInAddAssetPopUp" status="PASSED">
         <system-out><![CDATA[2021-01-12 07:10:42 - [TEST_CASE][PASSED] - Test Cases/Admin/Asset/verifyElementsInAddAssetPopUp: Test Cases/Admin/Asset/verifyElementsInAddAssetPopUp

2021-01-12 07:10:42 - [TEST_STEP][PASSED] - pages.Asset.clickAssetTab(): pages.Asset.clickAssetTab is PASSED

2021-01-12 07:10:43 - [MESSAGE][PASSED] - Object 'Object Repository/Asset/Asset/AssetPageElements/assetTab' is present

2021-01-12 07:10:43 - [MESSAGE][PASSED] - Object 'Object Repository/Asset/Asset/AssetPageElements/assetTab' is visible

2021-01-12 07:10:43 - [MESSAGE][PASSED] - Object 'Object Repository/Asset/Asset/AssetPageElements/assetTab' is clickable

2021-01-12 07:10:43 - [MESSAGE][PASSED] - Object: 'Object Repository/Asset/Asset/AssetPageElements/assetTab' is clicked on

2021-01-12 07:10:43 - [MESSAGE][PASSED] - pages.Asset.clickAssetTab is PASSED

2021-01-12 07:10:43 - [TEST_STEP][PASSED] - pages.Asset.verifyAddAssetPopUp(): pages.Asset.verifyAddAssetPopUp is PASSED

2021-01-12 07:10:44 - [MESSAGE][PASSED] - Object 'Object Repository/Asset/Asset/AssetPageElements/assetTab' is present

2021-01-12 07:10:44 - [MESSAGE][PASSED] - Object 'Object Repository/Asset/Asset/AssetPageElements/assetTab' is visible

2021-01-12 07:10:44 - [MESSAGE][PASSED] - Object 'Object Repository/Asset/Asset/AssetPageElements/assetTab' is clickable

2021-01-12 07:10:45 - [MESSAGE][PASSED] - Object: 'Object Repository/Asset/Asset/AssetPageElements/assetTab' is clicked on

2021-01-12 07:10:45 - [MESSAGE][PASSED] - Object 'Object Repository/Asset/Asset/AssetPageElements/AddAssetButton' is present

2021-01-12 07:10:45 - [MESSAGE][PASSED] - Object 'Object Repository/Asset/Asset/AssetPageElements/AddAssetButton' is visible

2021-01-12 07:10:45 - [MESSAGE][PASSED] - Object 'Object Repository/Asset/Asset/AssetPageElements/AddAssetButton' is clickable

2021-01-12 07:10:46 - [MESSAGE][PASSED] - Object: 'Object Repository/Asset/Asset/AssetPageElements/AddAssetButton' is clicked on

2021-01-12 07:10:47 - [MESSAGE][PASSED] - Object 'Object Repository/Asset/Asset/AddAssetPopEle/Author' is present

2021-01-12 07:10:47 - [MESSAGE][PASSED] - Object 'Object Repository/Asset/Asset/AddAssetPopEle/Quote' is present

2021-01-12 07:10:47 - [MESSAGE][PASSED] - Object 'Object Repository/Asset/Asset/AddAssetPopEle/AssetUrl' is present

2021-01-12 07:10:47 - [MESSAGE][PASSED] - Object 'Object Repository/Asset/Asset/AddAssetPopEle/UploadPhoto' is present

2021-01-12 07:10:48 - [MESSAGE][PASSED] - Object 'Object Repository/Asset/Asset/AddAssetPopEle/Tenant' is present

2021-01-12 07:10:48 - [MESSAGE][PASSED] - Object 'Object Repository/Asset/Asset/AddAssetPopEle/Cancel' is present

2021-01-12 07:10:48 - [MESSAGE][PASSED] - Object 'Object Repository/Asset/Asset/AddAssetPopEle/AddAsset' is present

2021-01-12 07:10:48 - [MESSAGE][PASSED] - pages.Asset.verifyAddAssetPopUp is PASSED]]></system-out>
         <system-err><![CDATA[]]></system-err>
      </testcase>
      <testcase name="Test Cases/Admin/Asset/VerifyElementsInAssetEditPage" time="2.564" classname="Test Cases/Admin/Asset/VerifyElementsInAssetEditPage" status="FAILED">
         <failure type="FAILED" message="Test Cases/Admin/Asset/VerifyElementsInAssetEditPage FAILED.
Reason:
com.kms.katalon.core.exception.StepFailedException: Unable to click on object 'Object Repository/Asset/Asset/AssetPageElements/assetTab'
	at com.kms.katalon.core.webui.keyword.internal.WebUIKeywordMain.stepFailed(WebUIKeywordMain.groovy:64)
	at com.kms.katalon.core.webui.keyword.internal.WebUIKeywordMain.runKeyword(WebUIKeywordMain.groovy:26)
	at com.kms.katalon.core.webui.keyword.builtin.ClickKeyword.click(ClickKeyword.groovy:76)
	at com.kms.katalon.core.webui.keyword.builtin.ClickKeyword.execute(ClickKeyword.groovy:43)
	at com.kms.katalon.core.keyword.internal.KeywordExecutor.executeKeywordForPlatform(KeywordExecutor.groovy:73)
	at com.kms.katalon.core.webui.keyword.WebUiBuiltInKeywords.click(WebUiBuiltInKeywords.groovy:617)
	at com.kms.katalon.core.webui.keyword.WebUiBuiltInKeywords$click$7.call(Unknown Source)
	at webAction.WebAction.click(WebAction.groovy:25)
	at webAction.WebAction$click$1.call(Unknown Source)
	at pages.Asset.clickAssetTab(Asset.groovy:25)
	at pages.Asset.invokeMethod(Asset.groovy)
	at com.kms.katalon.core.main.CustomKeywordDelegatingMetaClass.invokeStaticMethod(CustomKeywordDelegatingMetaClass.java:50)
	at VerifyElementsInAssetEditPage.run(VerifyElementsInAssetEditPage:18)
	at com.kms.katalon.core.main.ScriptEngine.run(ScriptEngine.java:194)
	at com.kms.katalon.core.main.ScriptEngine.runScriptAsRawText(ScriptEngine.java:119)
	at com.kms.katalon.core.main.TestCaseExecutor.runScript(TestCaseExecutor.java:339)
	at com.kms.katalon.core.main.TestCaseExecutor.doExecute(TestCaseExecutor.java:330)
	at com.kms.katalon.core.main.TestCaseExecutor.processExecutionPhase(TestCaseExecutor.java:309)
	at com.kms.katalon.core.main.TestCaseExecutor.accessMainPhase(TestCaseExecutor.java:301)
	at com.kms.katalon.core.main.TestCaseExecutor.execute(TestCaseExecutor.java:235)
	at com.kms.katalon.core.main.TestSuiteExecutor.accessTestCaseMainPhase(TestSuiteExecutor.java:191)
	at com.kms.katalon.core.main.TestSuiteExecutor.accessTestSuiteMainPhase(TestSuiteExecutor.java:141)
	at com.kms.katalon.core.main.TestSuiteExecutor.execute(TestSuiteExecutor.java:90)
	at com.kms.katalon.core.main.TestCaseMain.startTestSuite(TestCaseMain.java:157)
	at com.kms.katalon.core.main.TestCaseMain$startTestSuite$0.call(Unknown Source)
	at TempTestSuite1610453178186.run(TempTestSuite1610453178186.groovy:39)
Caused by: org.openqa.selenium.ElementClickInterceptedException: element click intercepted: Element &lt;a>...&lt;/a> is not clickable at point (1046, 29). Other element would receive the click: &lt;div role=&quot;dialog&quot; aria-modal=&quot;true&quot; class=&quot;fade modal show&quot; tabindex=&quot;-1&quot; style=&quot;display: block;&quot;>...&lt;/div>
  (Session info: chrome=87.0.4280.141)
Build info: version: '3.141.59', revision: 'e82be7d358', time: '2018-11-14T08:25:53'
System info: host: 'DESKTOP-H3LAPEO', ip: '192.168.43.128', os.name: 'Windows 10', os.arch: 'amd64', os.version: '10.0', java.version: '1.8.0_181'
Driver info: com.kms.katalon.selenium.driver.CChromeDriver
Capabilities {acceptInsecureCerts: false, browserName: chrome, browserVersion: 87.0.4280.141, chrome: {chromedriverVersion: 87.0.4280.88 (89e2380a3e36c..., userDataDir: C:\Users\Lenovo\AppData\Loc...}, goog:chromeOptions: {debuggerAddress: localhost:61067}, javascriptEnabled: true, networkConnectionEnabled: false, pageLoadStrategy: normal, platform: WINDOWS, platformName: WINDOWS, proxy: Proxy(), setWindowRect: true, strictFileInteractability: false, timeouts: {implicit: 0, pageLoad: 300000, script: 30000}, unhandledPromptBehavior: dismiss and notify, webauthn:virtualAuthenticators: true}
Session ID: 13c27a01e5ffdcb4a346544b7add04f2
	at org.openqa.selenium.remote.http.W3CHttpResponseCodec.createException(W3CHttpResponseCodec.java:187)
	at org.openqa.selenium.remote.http.W3CHttpResponseCodec.decode(W3CHttpResponseCodec.java:122)
	at org.openqa.selenium.remote.http.W3CHttpResponseCodec.decode(W3CHttpResponseCodec.java:49)
	at org.openqa.selenium.remote.HttpCommandExecutor.execute(HttpCommandExecutor.java:158)
	at org.openqa.selenium.remote.service.DriverCommandExecutor.execute(DriverCommandExecutor.java:83)
	at org.openqa.selenium.remote.RemoteWebDriver.execute(RemoteWebDriver.java:552)
	at com.kms.katalon.selenium.driver.CChromeDriver.execute(CChromeDriver.java:19)
	at org.openqa.selenium.remote.RemoteWebElement.execute(RemoteWebElement.java:285)
	at org.openqa.selenium.remote.RemoteWebElement.click(RemoteWebElement.java:84)
	at org.openqa.selenium.support.events.EventFiringWebDriver$EventFiringWebElement.lambda$new$0(EventFiringWebDriver.java:404)
	at com.sun.proxy.$Proxy11.click(Unknown Source)
	at org.openqa.selenium.support.events.EventFiringWebDriver$EventFiringWebElement.click(EventFiringWebDriver.java:417)
	at com.kms.katalon.core.webui.keyword.builtin.ClickKeyword$_click_closure1.doCall(ClickKeyword.groovy:69)
	at com.kms.katalon.core.webui.keyword.builtin.ClickKeyword$_click_closure1.call(ClickKeyword.groovy)
	at com.kms.katalon.core.webui.keyword.internal.WebUIKeywordMain.runKeyword(WebUIKeywordMain.groovy:20)
	... 24 more
"/>
         <system-out><![CDATA[2021-01-12 07:10:48 - [TEST_CASE][FAILED] - Test Cases/Admin/Asset/VerifyElementsInAssetEditPage: Test Cases/Admin/Asset/VerifyElementsInAssetEditPage FAILED.
Reason:
com.kms.katalon.core.exception.StepFailedException: Unable to click on object 'Object Repository/Asset/Asset/AssetPageElements/assetTab'
	at com.kms.katalon.core.webui.keyword.internal.WebUIKeywordMain.stepFailed(WebUIKeywordMain.groovy:64)
	at com.kms.katalon.core.webui.keyword.internal.WebUIKeywordMain.runKeyword(WebUIKeywordMain.groovy:26)
	at com.kms.katalon.core.webui.keyword.builtin.ClickKeyword.click(ClickKeyword.groovy:76)
	at com.kms.katalon.core.webui.keyword.builtin.ClickKeyword.execute(ClickKeyword.groovy:43)
	at com.kms.katalon.core.keyword.internal.KeywordExecutor.executeKeywordForPlatform(KeywordExecutor.groovy:73)
	at com.kms.katalon.core.webui.keyword.WebUiBuiltInKeywords.click(WebUiBuiltInKeywords.groovy:617)
	at com.kms.katalon.core.webui.keyword.WebUiBuiltInKeywords$click$7.call(Unknown Source)
	at webAction.WebAction.click(WebAction.groovy:25)
	at webAction.WebAction$click$1.call(Unknown Source)
	at pages.Asset.clickAssetTab(Asset.groovy:25)
	at pages.Asset.invokeMethod(Asset.groovy)
	at com.kms.katalon.core.main.CustomKeywordDelegatingMetaClass.invokeStaticMethod(CustomKeywordDelegatingMetaClass.java:50)
	at VerifyElementsInAssetEditPage.run(VerifyElementsInAssetEditPage:18)
	at com.kms.katalon.core.main.ScriptEngine.run(ScriptEngine.java:194)
	at com.kms.katalon.core.main.ScriptEngine.runScriptAsRawText(ScriptEngine.java:119)
	at com.kms.katalon.core.main.TestCaseExecutor.runScript(TestCaseExecutor.java:339)
	at com.kms.katalon.core.main.TestCaseExecutor.doExecute(TestCaseExecutor.java:330)
	at com.kms.katalon.core.main.TestCaseExecutor.processExecutionPhase(TestCaseExecutor.java:309)
	at com.kms.katalon.core.main.TestCaseExecutor.accessMainPhase(TestCaseExecutor.java:301)
	at com.kms.katalon.core.main.TestCaseExecutor.execute(TestCaseExecutor.java:235)
	at com.kms.katalon.core.main.TestSuiteExecutor.accessTestCaseMainPhase(TestSuiteExecutor.java:191)
	at com.kms.katalon.core.main.TestSuiteExecutor.accessTestSuiteMainPhase(TestSuiteExecutor.java:141)
	at com.kms.katalon.core.main.TestSuiteExecutor.execute(TestSuiteExecutor.java:90)
	at com.kms.katalon.core.main.TestCaseMain.startTestSuite(TestCaseMain.java:157)
	at com.kms.katalon.core.main.TestCaseMain$startTestSuite$0.call(Unknown Source)
	at TempTestSuite1610453178186.run(TempTestSuite1610453178186.groovy:39)
Caused by: org.openqa.selenium.ElementClickInterceptedException: element click intercepted: Element <a>...</a> is not clickable at point (1046, 29). Other element would receive the click: <div role="dialog" aria-modal="true" class="fade modal show" tabindex="-1" style="display: block;">...</div>
  (Session info: chrome=87.0.4280.141)
Build info: version: '3.141.59', revision: 'e82be7d358', time: '2018-11-14T08:25:53'
System info: host: 'DESKTOP-H3LAPEO', ip: '192.168.43.128', os.name: 'Windows 10', os.arch: 'amd64', os.version: '10.0', java.version: '1.8.0_181'
Driver info: com.kms.katalon.selenium.driver.CChromeDriver
Capabilities {acceptInsecureCerts: false, browserName: chrome, browserVersion: 87.0.4280.141, chrome: {chromedriverVersion: 87.0.4280.88 (89e2380a3e36c..., userDataDir: C:\Users\Lenovo\AppData\Loc...}, goog:chromeOptions: {debuggerAddress: localhost:61067}, javascriptEnabled: true, networkConnectionEnabled: false, pageLoadStrategy: normal, platform: WINDOWS, platformName: WINDOWS, proxy: Proxy(), setWindowRect: true, strictFileInteractability: false, timeouts: {implicit: 0, pageLoad: 300000, script: 30000}, unhandledPromptBehavior: dismiss and notify, webauthn:virtualAuthenticators: true}
Session ID: 13c27a01e5ffdcb4a346544b7add04f2
	at org.openqa.selenium.remote.http.W3CHttpResponseCodec.createException(W3CHttpResponseCodec.java:187)
	at org.openqa.selenium.remote.http.W3CHttpResponseCodec.decode(W3CHttpResponseCodec.java:122)
	at org.openqa.selenium.remote.http.W3CHttpResponseCodec.decode(W3CHttpResponseCodec.java:49)
	at org.openqa.selenium.remote.HttpCommandExecutor.execute(HttpCommandExecutor.java:158)
	at org.openqa.selenium.remote.service.DriverCommandExecutor.execute(DriverCommandExecutor.java:83)
	at org.openqa.selenium.remote.RemoteWebDriver.execute(RemoteWebDriver.java:552)
	at com.kms.katalon.selenium.driver.CChromeDriver.execute(CChromeDriver.java:19)
	at org.openqa.selenium.remote.RemoteWebElement.execute(RemoteWebElement.java:285)
	at org.openqa.selenium.remote.RemoteWebElement.click(RemoteWebElement.java:84)
	at org.openqa.selenium.support.events.EventFiringWebDriver$EventFiringWebElement.lambda$new$0(EventFiringWebDriver.java:404)
	at com.sun.proxy.$Proxy11.click(Unknown Source)
	at org.openqa.selenium.support.events.EventFiringWebDriver$EventFiringWebElement.click(EventFiringWebDriver.java:417)
	at com.kms.katalon.core.webui.keyword.builtin.ClickKeyword$_click_closure1.doCall(ClickKeyword.groovy:69)
	at com.kms.katalon.core.webui.keyword.builtin.ClickKeyword$_click_closure1.call(ClickKeyword.groovy)
	at com.kms.katalon.core.webui.keyword.internal.WebUIKeywordMain.runKeyword(WebUIKeywordMain.groovy:20)
	... 24 more


2021-01-12 07:10:48 - [TEST_STEP][FAILED] - pages.Asset.clickAssetTab(): Unable to click on object 'Object Repository/Asset/Asset/AssetPageElements/assetTab'

2021-01-12 07:10:49 - [MESSAGE][PASSED] - Object 'Object Repository/Asset/Asset/AssetPageElements/assetTab' is present

2021-01-12 07:10:49 - [MESSAGE][PASSED] - Object 'Object Repository/Asset/Asset/AssetPageElements/assetTab' is visible

2021-01-12 07:10:49 - [MESSAGE][PASSED] - Object 'Object Repository/Asset/Asset/AssetPageElements/assetTab' is clickable

2021-01-12 07:10:51 - [MESSAGE][FAILED] - Unable to click on object 'Object Repository/Asset/Asset/AssetPageElements/assetTab' (Root cause: com.kms.katalon.core.exception.StepFailedException: Unable to click on object 'Object Repository/Asset/Asset/AssetPageElements/assetTab'
	at com.kms.katalon.core.webui.keyword.internal.WebUIKeywordMain.stepFailed(WebUIKeywordMain.groovy:64)
	at com.kms.katalon.core.webui.keyword.internal.WebUIKeywordMain.runKeyword(WebUIKeywordMain.groovy:26)
	at com.kms.katalon.core.webui.keyword.builtin.ClickKeyword.click(ClickKeyword.groovy:76)
	at com.kms.katalon.core.webui.keyword.builtin.ClickKeyword.execute(ClickKeyword.groovy:43)
	at com.kms.katalon.core.keyword.internal.KeywordExecutor.executeKeywordForPlatform(KeywordExecutor.groovy:73)
	at com.kms.katalon.core.webui.keyword.WebUiBuiltInKeywords.click(WebUiBuiltInKeywords.groovy:617)
	at com.kms.katalon.core.webui.keyword.WebUiBuiltInKeywords$click$7.call(Unknown Source)
	at webAction.WebAction.click(WebAction.groovy:25)
	at webAction.WebAction$click$1.call(Unknown Source)
	at pages.Asset.clickAssetTab(Asset.groovy:25)
	at pages.Asset.invokeMethod(Asset.groovy)
	at com.kms.katalon.core.main.CustomKeywordDelegatingMetaClass.invokeStaticMethod(CustomKeywordDelegatingMetaClass.java:50)
	at VerifyElementsInAssetEditPage.run(VerifyElementsInAssetEditPage:18)
	at com.kms.katalon.core.main.ScriptEngine.run(ScriptEngine.java:194)
	at com.kms.katalon.core.main.ScriptEngine.runScriptAsRawText(ScriptEngine.java:119)
	at com.kms.katalon.core.main.TestCaseExecutor.runScript(TestCaseExecutor.java:339)
	at com.kms.katalon.core.main.TestCaseExecutor.doExecute(TestCaseExecutor.java:330)
	at com.kms.katalon.core.main.TestCaseExecutor.processExecutionPhase(TestCaseExecutor.java:309)
	at com.kms.katalon.core.main.TestCaseExecutor.accessMainPhase(TestCaseExecutor.java:301)
	at com.kms.katalon.core.main.TestCaseExecutor.execute(TestCaseExecutor.java:235)
	at com.kms.katalon.core.main.TestSuiteExecutor.accessTestCaseMainPhase(TestSuiteExecutor.java:191)
	at com.kms.katalon.core.main.TestSuiteExecutor.accessTestSuiteMainPhase(TestSuiteExecutor.java:141)
	at com.kms.katalon.core.main.TestSuiteExecutor.execute(TestSuiteExecutor.java:90)
	at com.kms.katalon.core.main.TestCaseMain.startTestSuite(TestCaseMain.java:157)
	at com.kms.katalon.core.main.TestCaseMain$startTestSuite$0.call(Unknown Source)
	at TempTestSuite1610453178186.run(TempTestSuite1610453178186.groovy:39)
Caused by: org.openqa.selenium.ElementClickInterceptedException: element click intercepted: Element <a>...</a> is not clickable at point (1046, 29). Other element would receive the click: <div role="dialog" aria-modal="true" class="fade modal show" tabindex="-1" style="display: block;">...</div>
  (Session info: chrome=87.0.4280.141)
Build info: version: '3.141.59', revision: 'e82be7d358', time: '2018-11-14T08:25:53'
System info: host: 'DESKTOP-H3LAPEO', ip: '192.168.43.128', os.name: 'Windows 10', os.arch: 'amd64', os.version: '10.0', java.version: '1.8.0_181'
Driver info: com.kms.katalon.selenium.driver.CChromeDriver
Capabilities {acceptInsecureCerts: false, browserName: chrome, browserVersion: 87.0.4280.141, chrome: {chromedriverVersion: 87.0.4280.88 (89e2380a3e36c..., userDataDir: C:\Users\Lenovo\AppData\Loc...}, goog:chromeOptions: {debuggerAddress: localhost:61067}, javascriptEnabled: true, networkConnectionEnabled: false, pageLoadStrategy: normal, platform: WINDOWS, platformName: WINDOWS, proxy: Proxy(), setWindowRect: true, strictFileInteractability: false, timeouts: {implicit: 0, pageLoad: 300000, script: 30000}, unhandledPromptBehavior: dismiss and notify, webauthn:virtualAuthenticators: true}
Session ID: 13c27a01e5ffdcb4a346544b7add04f2
	at org.openqa.selenium.remote.http.W3CHttpResponseCodec.createException(W3CHttpResponseCodec.java:187)
	at org.openqa.selenium.remote.http.W3CHttpResponseCodec.decode(W3CHttpResponseCodec.java:122)
	at org.openqa.selenium.remote.http.W3CHttpResponseCodec.decode(W3CHttpResponseCodec.java:49)
	at org.openqa.selenium.remote.HttpCommandExecutor.execute(HttpCommandExecutor.java:158)
	at org.openqa.selenium.remote.service.DriverCommandExecutor.execute(DriverCommandExecutor.java:83)
	at org.openqa.selenium.remote.RemoteWebDriver.execute(RemoteWebDriver.java:552)
	at com.kms.katalon.selenium.driver.CChromeDriver.execute(CChromeDriver.java:19)
	at org.openqa.selenium.remote.RemoteWebElement.execute(RemoteWebElement.java:285)
	at org.openqa.selenium.remote.RemoteWebElement.click(RemoteWebElement.java:84)
	at org.openqa.selenium.support.events.EventFiringWebDriver$EventFiringWebElement.lambda$new$0(EventFiringWebDriver.java:404)
	at com.sun.proxy.$Proxy11.click(Unknown Source)
	at org.openqa.selenium.support.events.EventFiringWebDriver$EventFiringWebElement.click(EventFiringWebDriver.java:417)
	at com.kms.katalon.core.webui.keyword.builtin.ClickKeyword$_click_closure1.doCall(ClickKeyword.groovy:69)
	at com.kms.katalon.core.webui.keyword.builtin.ClickKeyword$_click_closure1.call(ClickKeyword.groovy)
	at com.kms.katalon.core.webui.keyword.internal.WebUIKeywordMain.runKeyword(WebUIKeywordMain.groovy:20)
	at com.kms.katalon.core.webui.keyword.builtin.ClickKeyword.click(ClickKeyword.groovy:76)
	at com.kms.katalon.core.webui.keyword.builtin.ClickKeyword.execute(ClickKeyword.groovy:43)
	at com.kms.katalon.core.keyword.internal.KeywordExecutor.executeKeywordForPlatform(KeywordExecutor.groovy:73)
	at com.kms.katalon.core.webui.keyword.WebUiBuiltInKeywords.click(WebUiBuiltInKeywords.groovy:617)
	at com.kms.katalon.core.webui.keyword.WebUiBuiltInKeywords$click$7.call(Unknown Source)
	at webAction.WebAction.click(WebAction.groovy:25)
	at webAction.WebAction$click$1.call(Unknown Source)
	at pages.Asset.clickAssetTab(Asset.groovy:25)
	at pages.Asset.invokeMethod(Asset.groovy)
	at com.kms.katalon.core.main.CustomKeywordDelegatingMetaClass.invokeStaticMethod(CustomKeywordDelegatingMetaClass.java:50)
	at Script1609999674410.run(Script1609999674410.groovy:18)
	... 13 more
)
[[ATTACHMENT|E:\\Modist Project\\ModistProject\\Reports\\20210112_070617\\Asset\\20210112_070618\\1610453451012.png]]

2021-01-12 07:10:51 - [MESSAGE][FAILED] - Unable to click on object 'Object Repository/Asset/Asset/AssetPageElements/assetTab']]></system-out>
         <system-err><![CDATA[2021-01-12 07:10:48 - [TEST_CASE][FAILED] - Test Cases/Admin/Asset/VerifyElementsInAssetEditPage: Test Cases/Admin/Asset/VerifyElementsInAssetEditPage FAILED.
Reason:
com.kms.katalon.core.exception.StepFailedException: Unable to click on object 'Object Repository/Asset/Asset/AssetPageElements/assetTab'
	at com.kms.katalon.core.webui.keyword.internal.WebUIKeywordMain.stepFailed(WebUIKeywordMain.groovy:64)
	at com.kms.katalon.core.webui.keyword.internal.WebUIKeywordMain.runKeyword(WebUIKeywordMain.groovy:26)
	at com.kms.katalon.core.webui.keyword.builtin.ClickKeyword.click(ClickKeyword.groovy:76)
	at com.kms.katalon.core.webui.keyword.builtin.ClickKeyword.execute(ClickKeyword.groovy:43)
	at com.kms.katalon.core.keyword.internal.KeywordExecutor.executeKeywordForPlatform(KeywordExecutor.groovy:73)
	at com.kms.katalon.core.webui.keyword.WebUiBuiltInKeywords.click(WebUiBuiltInKeywords.groovy:617)
	at com.kms.katalon.core.webui.keyword.WebUiBuiltInKeywords$click$7.call(Unknown Source)
	at webAction.WebAction.click(WebAction.groovy:25)
	at webAction.WebAction$click$1.call(Unknown Source)
	at pages.Asset.clickAssetTab(Asset.groovy:25)
	at pages.Asset.invokeMethod(Asset.groovy)
	at com.kms.katalon.core.main.CustomKeywordDelegatingMetaClass.invokeStaticMethod(CustomKeywordDelegatingMetaClass.java:50)
	at VerifyElementsInAssetEditPage.run(VerifyElementsInAssetEditPage:18)
	at com.kms.katalon.core.main.ScriptEngine.run(ScriptEngine.java:194)
	at com.kms.katalon.core.main.ScriptEngine.runScriptAsRawText(ScriptEngine.java:119)
	at com.kms.katalon.core.main.TestCaseExecutor.runScript(TestCaseExecutor.java:339)
	at com.kms.katalon.core.main.TestCaseExecutor.doExecute(TestCaseExecutor.java:330)
	at com.kms.katalon.core.main.TestCaseExecutor.processExecutionPhase(TestCaseExecutor.java:309)
	at com.kms.katalon.core.main.TestCaseExecutor.accessMainPhase(TestCaseExecutor.java:301)
	at com.kms.katalon.core.main.TestCaseExecutor.execute(TestCaseExecutor.java:235)
	at com.kms.katalon.core.main.TestSuiteExecutor.accessTestCaseMainPhase(TestSuiteExecutor.java:191)
	at com.kms.katalon.core.main.TestSuiteExecutor.accessTestSuiteMainPhase(TestSuiteExecutor.java:141)
	at com.kms.katalon.core.main.TestSuiteExecutor.execute(TestSuiteExecutor.java:90)
	at com.kms.katalon.core.main.TestCaseMain.startTestSuite(TestCaseMain.java:157)
	at com.kms.katalon.core.main.TestCaseMain$startTestSuite$0.call(Unknown Source)
	at TempTestSuite1610453178186.run(TempTestSuite1610453178186.groovy:39)
Caused by: org.openqa.selenium.ElementClickInterceptedException: element click intercepted: Element <a>...</a> is not clickable at point (1046, 29). Other element would receive the click: <div role="dialog" aria-modal="true" class="fade modal show" tabindex="-1" style="display: block;">...</div>
  (Session info: chrome=87.0.4280.141)
Build info: version: '3.141.59', revision: 'e82be7d358', time: '2018-11-14T08:25:53'
System info: host: 'DESKTOP-H3LAPEO', ip: '192.168.43.128', os.name: 'Windows 10', os.arch: 'amd64', os.version: '10.0', java.version: '1.8.0_181'
Driver info: com.kms.katalon.selenium.driver.CChromeDriver
Capabilities {acceptInsecureCerts: false, browserName: chrome, browserVersion: 87.0.4280.141, chrome: {chromedriverVersion: 87.0.4280.88 (89e2380a3e36c..., userDataDir: C:\Users\Lenovo\AppData\Loc...}, goog:chromeOptions: {debuggerAddress: localhost:61067}, javascriptEnabled: true, networkConnectionEnabled: false, pageLoadStrategy: normal, platform: WINDOWS, platformName: WINDOWS, proxy: Proxy(), setWindowRect: true, strictFileInteractability: false, timeouts: {implicit: 0, pageLoad: 300000, script: 30000}, unhandledPromptBehavior: dismiss and notify, webauthn:virtualAuthenticators: true}
Session ID: 13c27a01e5ffdcb4a346544b7add04f2
	at org.openqa.selenium.remote.http.W3CHttpResponseCodec.createException(W3CHttpResponseCodec.java:187)
	at org.openqa.selenium.remote.http.W3CHttpResponseCodec.decode(W3CHttpResponseCodec.java:122)
	at org.openqa.selenium.remote.http.W3CHttpResponseCodec.decode(W3CHttpResponseCodec.java:49)
	at org.openqa.selenium.remote.HttpCommandExecutor.execute(HttpCommandExecutor.java:158)
	at org.openqa.selenium.remote.service.DriverCommandExecutor.execute(DriverCommandExecutor.java:83)
	at org.openqa.selenium.remote.RemoteWebDriver.execute(RemoteWebDriver.java:552)
	at com.kms.katalon.selenium.driver.CChromeDriver.execute(CChromeDriver.java:19)
	at org.openqa.selenium.remote.RemoteWebElement.execute(RemoteWebElement.java:285)
	at org.openqa.selenium.remote.RemoteWebElement.click(RemoteWebElement.java:84)
	at org.openqa.selenium.support.events.EventFiringWebDriver$EventFiringWebElement.lambda$new$0(EventFiringWebDriver.java:404)
	at com.sun.proxy.$Proxy11.click(Unknown Source)
	at org.openqa.selenium.support.events.EventFiringWebDriver$EventFiringWebElement.click(EventFiringWebDriver.java:417)
	at com.kms.katalon.core.webui.keyword.builtin.ClickKeyword$_click_closure1.doCall(ClickKeyword.groovy:69)
	at com.kms.katalon.core.webui.keyword.builtin.ClickKeyword$_click_closure1.call(ClickKeyword.groovy)
	at com.kms.katalon.core.webui.keyword.internal.WebUIKeywordMain.runKeyword(WebUIKeywordMain.groovy:20)
	... 24 more]]></system-err>
      </testcase>
      <system-out><![CDATA[2021-01-12 07:06:42 - [TEST_SUITE][FAILED] - Asset: Test Cases/Admin/Asset/functionalityOfCancelButtonInAddAssetPopup FAILED.
Reason:
com.kms.katalon.core.exception.StepFailedException: Unable to verify object 'Object Repository/Asset/Asset/assetname(assetName)' is present
	at com.kms.katalon.core.webui.keyword.internal.WebUIKeywordMain.stepFailed(WebUIKeywordMain.groovy:64)
	at com.kms.katalon.core.webui.keyword.internal.WebUIKeywordMain.runKeyword(WebUIKeywordMain.groovy:26)
	at com.kms.katalon.core.webui.keyword.builtin.VerifyElementPresentKeyword.verifyElementPresent(VerifyElementPresentKeyword.groovy:92)
	at com.kms.katalon.core.webui.keyword.builtin.VerifyElementPresentKeyword.execute(VerifyElementPresentKeyword.groovy:68)
	at com.kms.katalon.core.keyword.internal.KeywordExecutor.executeKeywordForPlatform(KeywordExecutor.groovy:73)
	at com.kms.katalon.core.webui.keyword.WebUiBuiltInKeywords.verifyElementPresent(WebUiBuiltInKeywords.groovy:1461)
	at com.kms.katalon.core.webui.keyword.WebUiBuiltInKeywords$verifyElementPresent$9.call(Unknown Source)
	at pages.Asset.searchForAsset(Asset.groovy:37)
	at pages.Asset.VerifyAssetNotPresent(Asset.groovy:128)
	at pages.Asset.invokeMethod(Asset.groovy)
	at com.kms.katalon.core.main.CustomKeywordDelegatingMetaClass.invokeStaticMethod(CustomKeywordDelegatingMetaClass.java:50)
	at functionalityOfCancelButtonInAddAssetPopup.run(functionalityOfCancelButtonInAddAssetPopup:22)
	at com.kms.katalon.core.main.ScriptEngine.run(ScriptEngine.java:194)
	at com.kms.katalon.core.main.ScriptEngine.runScriptAsRawText(ScriptEngine.java:119)
	at com.kms.katalon.core.main.TestCaseExecutor.runScript(TestCaseExecutor.java:339)
	at com.kms.katalon.core.main.TestCaseExecutor.doExecute(TestCaseExecutor.java:330)
	at com.kms.katalon.core.main.TestCaseExecutor.processExecutionPhase(TestCaseExecutor.java:309)
	at com.kms.katalon.core.main.TestCaseExecutor.accessMainPhase(TestCaseExecutor.java:301)
	at com.kms.katalon.core.main.TestCaseExecutor.execute(TestCaseExecutor.java:235)
	at com.kms.katalon.core.main.TestSuiteExecutor.accessTestCaseMainPhase(TestSuiteExecutor.java:191)
	at com.kms.katalon.core.main.TestSuiteExecutor.accessTestSuiteMainPhase(TestSuiteExecutor.java:141)
	at com.kms.katalon.core.main.TestSuiteExecutor.execute(TestSuiteExecutor.java:90)
	at com.kms.katalon.core.main.TestCaseMain.startTestSuite(TestCaseMain.java:157)
	at com.kms.katalon.core.main.TestCaseMain$startTestSuite$0.call(Unknown Source)
	at TempTestSuite1610453178186.run(TempTestSuite1610453178186.groovy:39)
Caused by: com.kms.katalon.core.exception.StepFailedException: com.kms.katalon.core.webui.exception.WebElementNotFoundException: Web element with id: 'Object Repository/Asset/Asset/assetname(assetName)' located by '//div[text()='Author451']' not found
	at com.kms.katalon.core.webui.keyword.internal.WebUIKeywordMain.stepFailed(WebUIKeywordMain.groovy:64)
	at com.kms.katalon.core.webui.keyword.builtin.VerifyElementPresentKeyword$_verifyElementPresent_closure1.doCall(VerifyElementPresentKeyword.groovy:85)
	at com.kms.katalon.core.webui.keyword.builtin.VerifyElementPresentKeyword$_verifyElementPresent_closure1.call(VerifyElementPresentKeyword.groovy)
	at com.kms.katalon.core.webui.keyword.internal.WebUIKeywordMain.runKeyword(WebUIKeywordMain.groovy:20)
	... 23 more]]></system-out>
      <system-err><![CDATA[2021-01-12 07:06:42 - [TEST_SUITE][FAILED] - Asset: Test Cases/Admin/Asset/functionalityOfCancelButtonInAddAssetPopup FAILED.
Reason:
com.kms.katalon.core.exception.StepFailedException: Unable to verify object 'Object Repository/Asset/Asset/assetname(assetName)' is present
	at com.kms.katalon.core.webui.keyword.internal.WebUIKeywordMain.stepFailed(WebUIKeywordMain.groovy:64)
	at com.kms.katalon.core.webui.keyword.internal.WebUIKeywordMain.runKeyword(WebUIKeywordMain.groovy:26)
	at com.kms.katalon.core.webui.keyword.builtin.VerifyElementPresentKeyword.verifyElementPresent(VerifyElementPresentKeyword.groovy:92)
	at com.kms.katalon.core.webui.keyword.builtin.VerifyElementPresentKeyword.execute(VerifyElementPresentKeyword.groovy:68)
	at com.kms.katalon.core.keyword.internal.KeywordExecutor.executeKeywordForPlatform(KeywordExecutor.groovy:73)
	at com.kms.katalon.core.webui.keyword.WebUiBuiltInKeywords.verifyElementPresent(WebUiBuiltInKeywords.groovy:1461)
	at com.kms.katalon.core.webui.keyword.WebUiBuiltInKeywords$verifyElementPresent$9.call(Unknown Source)
	at pages.Asset.searchForAsset(Asset.groovy:37)
	at pages.Asset.VerifyAssetNotPresent(Asset.groovy:128)
	at pages.Asset.invokeMethod(Asset.groovy)
	at com.kms.katalon.core.main.CustomKeywordDelegatingMetaClass.invokeStaticMethod(CustomKeywordDelegatingMetaClass.java:50)
	at functionalityOfCancelButtonInAddAssetPopup.run(functionalityOfCancelButtonInAddAssetPopup:22)
	at com.kms.katalon.core.main.ScriptEngine.run(ScriptEngine.java:194)
	at com.kms.katalon.core.main.ScriptEngine.runScriptAsRawText(ScriptEngine.java:119)
	at com.kms.katalon.core.main.TestCaseExecutor.runScript(TestCaseExecutor.java:339)
	at com.kms.katalon.core.main.TestCaseExecutor.doExecute(TestCaseExecutor.java:330)
	at com.kms.katalon.core.main.TestCaseExecutor.processExecutionPhase(TestCaseExecutor.java:309)
	at com.kms.katalon.core.main.TestCaseExecutor.accessMainPhase(TestCaseExecutor.java:301)
	at com.kms.katalon.core.main.TestCaseExecutor.execute(TestCaseExecutor.java:235)
	at com.kms.katalon.core.main.TestSuiteExecutor.accessTestCaseMainPhase(TestSuiteExecutor.java:191)
	at com.kms.katalon.core.main.TestSuiteExecutor.accessTestSuiteMainPhase(TestSuiteExecutor.java:141)
	at com.kms.katalon.core.main.TestSuiteExecutor.execute(TestSuiteExecutor.java:90)
	at com.kms.katalon.core.main.TestCaseMain.startTestSuite(TestCaseMain.java:157)
	at com.kms.katalon.core.main.TestCaseMain$startTestSuite$0.call(Unknown Source)
	at TempTestSuite1610453178186.run(TempTestSuite1610453178186.groovy:39)
Caused by: com.kms.katalon.core.exception.StepFailedException: com.kms.katalon.core.webui.exception.WebElementNotFoundException: Web element with id: 'Object Repository/Asset/Asset/assetname(assetName)' located by '//div[text()='Author451']' not found
	at com.kms.katalon.core.webui.keyword.internal.WebUIKeywordMain.stepFailed(WebUIKeywordMain.groovy:64)
	at com.kms.katalon.core.webui.keyword.builtin.VerifyElementPresentKeyword$_verifyElementPresent_closure1.doCall(VerifyElementPresentKeyword.groovy:85)
	at com.kms.katalon.core.webui.keyword.builtin.VerifyElementPresentKeyword$_verifyElementPresent_closure1.call(VerifyElementPresentKeyword.groovy)
	at com.kms.katalon.core.webui.keyword.internal.WebUIKeywordMain.runKeyword(WebUIKeywordMain.groovy:20)
	... 23 more]]></system-err>
   </testsuite>
</testsuites>
