<?xml version="1.0" encoding="UTF-8"?>
<testsuites name="Product" time="63.521" tests="1" failures="1" errors="0">
   <testsuite name="Product" tests="1" failures="1" errors="0" time="63.521" timestamp="2021-01-08 00:54:13" hostname="Lenovo - DESKTOP-H3LAPEO" id="Test Suites/Product">
      <properties>
         <property name="deviceName" value=""/>
         <property name="devicePlatform" value=""/>
         <property name="logFolder" value="E:\\Modist Project\\ModistProject\\Reports\\20210108_005409\\Product\\20210108_005410"/>
         <property name="logFiles" value="E:\\Modist Project\\ModistProject\\Reports\\20210108_005409\\Product\\20210108_005410\\execution0.log"/>
         <property name="attachments" value="E:\\Modist Project\\ModistProject\\Reports\\20210108_005409\\Product\\20210108_005410\\1610085315288.png"/>
         <property name="hostName" value="Lenovo - DESKTOP-H3LAPEO"/>
         <property name="os" value="Windows 10 64bit"/>
         <property name="katalonVersion" value="7.7.0.205"/>
         <property name="browser" value="Chrome 87.0.4280.141"/>
         <property name="hostAddress" value="192.168.43.128"/>
         <property name="sessionId" value="eca8af7cd453e6477156be35ae3c7fc3"/>
         <property name="seleniumVersion" value="3.141.59"/>
         <property name="proxyInformation" value="ProxyInformation { proxyOption=NO_PROXY, proxyServerType=HTTP, username=, password=********, proxyServerAddress=, proxyServerPort=0, executionList=&quot;&quot;, isApplyToDesiredCapabilities=true }"/>
         <property name="platform" value="Windows 10"/>
      </properties>
      <testcase name="Test Cases/Admin/Product/verifySaveChangesDeleteAndCloseButtonInProductDetailspage" time="61.84" classname="Test Cases/Admin/Product/verifySaveChangesDeleteAndCloseButtonInProductDetailspage" status="FAILED">
         <failure type="FAILED" message="Test Cases/Admin/Product/verifySaveChangesDeleteAndCloseButtonInProductDetailspage FAILED.
Reason:
com.kms.katalon.core.exception.StepFailedException: Unable to scroll to object 'Object Repository/Product/productName(Name)'
	at com.kms.katalon.core.webui.keyword.internal.WebUIKeywordMain.stepFailed(WebUIKeywordMain.groovy:64)
	at com.kms.katalon.core.webui.keyword.internal.WebUIKeywordMain.runKeyword(WebUIKeywordMain.groovy:26)
	at com.kms.katalon.core.webui.keyword.builtin.ScrollToElementKeyword.scrollToElement(ScrollToElementKeyword.groovy:88)
	at com.kms.katalon.core.webui.keyword.builtin.ScrollToElementKeyword.execute(ScrollToElementKeyword.groovy:68)
	at com.kms.katalon.core.keyword.internal.KeywordExecutor.executeKeywordForPlatform(KeywordExecutor.groovy:73)
	at com.kms.katalon.core.webui.keyword.WebUiBuiltInKeywords.scrollToElement(WebUiBuiltInKeywords.groovy:3432)
	at com.kms.katalon.core.webui.keyword.WebUiBuiltInKeywords$scrollToElement$9.call(Unknown Source)
	at pages.Product.openAnyExistingProduct(Product.groovy:107)
	at pages.Product.invokeMethod(Product.groovy)
	at com.kms.katalon.core.main.CustomKeywordDelegatingMetaClass.invokeStaticMethod(CustomKeywordDelegatingMetaClass.java:50)
	at verifySaveChangesDeleteAndCloseButtonInProductDetailspage.run(verifySaveChangesDeleteAndCloseButtonInProductDetailspage:23)
	at com.kms.katalon.core.main.ScriptEngine.run(ScriptEngine.java:194)
	at com.kms.katalon.core.main.ScriptEngine.runScriptAsRawText(ScriptEngine.java:119)
	at com.kms.katalon.core.main.TestCaseExecutor.runScript(TestCaseExecutor.java:339)
	at com.kms.katalon.core.main.TestCaseExecutor.doExecute(TestCaseExecutor.java:330)
	at com.kms.katalon.core.main.TestCaseExecutor.processExecutionPhase(TestCaseExecutor.java:309)
	at com.kms.katalon.core.main.TestCaseExecutor.accessMainPhase(TestCaseExecutor.java:301)
	at com.kms.katalon.core.main.TestCaseExecutor.execute(TestCaseExecutor.java:235)
	at com.kms.katalon.core.main.TestSuiteExecutor.accessTestCaseMainPhase(TestSuiteExecutor.java:191)
	at com.kms.katalon.core.main.TestSuiteExecutor.accessTestSuiteMainPhase(TestSuiteExecutor.java:141)
	at com.kms.katalon.core.main.TestSuiteExecutor.execute(TestSuiteExecutor.java:90)
	at com.kms.katalon.core.main.TestCaseMain.startTestSuite(TestCaseMain.java:157)
	at com.kms.katalon.core.main.TestCaseMain$startTestSuite$0.call(Unknown Source)
	at TempTestSuite1610085250832.run(TempTestSuite1610085250832.groovy:39)
Caused by: com.kms.katalon.core.webui.exception.WebElementNotFoundException: Web element with id: 'Object Repository/Product/productName(Name)' located by '//div[text()='RandomProduct945']' not found
	at com.kms.katalon.core.webui.common.WebUiCommonHelper.findWebElement(WebUiCommonHelper.java:1368)
	at com.kms.katalon.core.webui.keyword.internal.WebUIAbstractKeyword.findWebElement(WebUIAbstractKeyword.groovy:27)
	at com.kms.katalon.core.webui.keyword.internal.WebUIAbstractKeyword.findWebElement(WebUIAbstractKeyword.groovy:26)
	at com.kms.katalon.core.webui.keyword.builtin.ScrollToElementKeyword$_scrollToElement_closure1.doCall(ScrollToElementKeyword.groovy:79)
	at com.kms.katalon.core.webui.keyword.builtin.ScrollToElementKeyword$_scrollToElement_closure1.call(ScrollToElementKeyword.groovy)
	at com.kms.katalon.core.webui.keyword.internal.WebUIKeywordMain.runKeyword(WebUIKeywordMain.groovy:20)
	... 22 more
"/>
         <system-out><![CDATA[2021-01-08 00:54:13 - [TEST_CASE][FAILED] - Test Cases/Admin/Product/verifySaveChangesDeleteAndCloseButtonInProductDetailspage: Test Cases/Admin/Product/verifySaveChangesDeleteAndCloseButtonInProductDetailspage FAILED.
Reason:
com.kms.katalon.core.exception.StepFailedException: Unable to scroll to object 'Object Repository/Product/productName(Name)'
	at com.kms.katalon.core.webui.keyword.internal.WebUIKeywordMain.stepFailed(WebUIKeywordMain.groovy:64)
	at com.kms.katalon.core.webui.keyword.internal.WebUIKeywordMain.runKeyword(WebUIKeywordMain.groovy:26)
	at com.kms.katalon.core.webui.keyword.builtin.ScrollToElementKeyword.scrollToElement(ScrollToElementKeyword.groovy:88)
	at com.kms.katalon.core.webui.keyword.builtin.ScrollToElementKeyword.execute(ScrollToElementKeyword.groovy:68)
	at com.kms.katalon.core.keyword.internal.KeywordExecutor.executeKeywordForPlatform(KeywordExecutor.groovy:73)
	at com.kms.katalon.core.webui.keyword.WebUiBuiltInKeywords.scrollToElement(WebUiBuiltInKeywords.groovy:3432)
	at com.kms.katalon.core.webui.keyword.WebUiBuiltInKeywords$scrollToElement$9.call(Unknown Source)
	at pages.Product.openAnyExistingProduct(Product.groovy:107)
	at pages.Product.invokeMethod(Product.groovy)
	at com.kms.katalon.core.main.CustomKeywordDelegatingMetaClass.invokeStaticMethod(CustomKeywordDelegatingMetaClass.java:50)
	at verifySaveChangesDeleteAndCloseButtonInProductDetailspage.run(verifySaveChangesDeleteAndCloseButtonInProductDetailspage:23)
	at com.kms.katalon.core.main.ScriptEngine.run(ScriptEngine.java:194)
	at com.kms.katalon.core.main.ScriptEngine.runScriptAsRawText(ScriptEngine.java:119)
	at com.kms.katalon.core.main.TestCaseExecutor.runScript(TestCaseExecutor.java:339)
	at com.kms.katalon.core.main.TestCaseExecutor.doExecute(TestCaseExecutor.java:330)
	at com.kms.katalon.core.main.TestCaseExecutor.processExecutionPhase(TestCaseExecutor.java:309)
	at com.kms.katalon.core.main.TestCaseExecutor.accessMainPhase(TestCaseExecutor.java:301)
	at com.kms.katalon.core.main.TestCaseExecutor.execute(TestCaseExecutor.java:235)
	at com.kms.katalon.core.main.TestSuiteExecutor.accessTestCaseMainPhase(TestSuiteExecutor.java:191)
	at com.kms.katalon.core.main.TestSuiteExecutor.accessTestSuiteMainPhase(TestSuiteExecutor.java:141)
	at com.kms.katalon.core.main.TestSuiteExecutor.execute(TestSuiteExecutor.java:90)
	at com.kms.katalon.core.main.TestCaseMain.startTestSuite(TestCaseMain.java:157)
	at com.kms.katalon.core.main.TestCaseMain$startTestSuite$0.call(Unknown Source)
	at TempTestSuite1610085250832.run(TempTestSuite1610085250832.groovy:39)
Caused by: com.kms.katalon.core.webui.exception.WebElementNotFoundException: Web element with id: 'Object Repository/Product/productName(Name)' located by '//div[text()='RandomProduct945']' not found
	at com.kms.katalon.core.webui.common.WebUiCommonHelper.findWebElement(WebUiCommonHelper.java:1368)
	at com.kms.katalon.core.webui.keyword.internal.WebUIAbstractKeyword.findWebElement(WebUIAbstractKeyword.groovy:27)
	at com.kms.katalon.core.webui.keyword.internal.WebUIAbstractKeyword.findWebElement(WebUIAbstractKeyword.groovy:26)
	at com.kms.katalon.core.webui.keyword.builtin.ScrollToElementKeyword$_scrollToElement_closure1.doCall(ScrollToElementKeyword.groovy:79)
	at com.kms.katalon.core.webui.keyword.builtin.ScrollToElementKeyword$_scrollToElement_closure1.call(ScrollToElementKeyword.groovy)
	at com.kms.katalon.core.webui.keyword.internal.WebUIKeywordMain.runKeyword(WebUIKeywordMain.groovy:20)
	... 22 more


2021-01-08 00:54:13 - [TEST_STEP][PASSED] - Start listener action : OpenWebSite: Object: 'Object Repository/Login Credentials/EnterButton' is clicked on

2021-01-08 00:54:13 - [TEST_STEP][PASSED] - openBrowser(""): Browser is opened with url: ''

2021-01-08 00:54:14 - [MESSAGE][INFO] - Starting 'Chrome' driver

2021-01-08 00:54:14 - [MESSAGE][INFO] - Action delay is set to 0 milliseconds

2021-01-08 00:54:18 - [MESSAGE][PASSED] - Browser is opened with url: ''

2021-01-08 00:54:18 - [TEST_STEP][PASSED] - maximizeWindow(): Current window maximized

2021-01-08 00:54:20 - [MESSAGE][PASSED] - Current window maximized

2021-01-08 00:54:20 - [TEST_STEP][PASSED] - navigateToUrl(Url): Navigate to 'https://dev-admin.modist.co/' successfully

2021-01-08 00:54:28 - [MESSAGE][PASSED] - Navigate to 'https://dev-admin.modist.co/' successfully

2021-01-08 00:54:28 - [TEST_STEP][PASSED] - loginPage.login(Email, Password): Object: 'Object Repository/Login Credentials/EnterButton' is clicked on

2021-01-08 00:54:28 - [MESSAGE][PASSED] - Object 'Object Repository/Login Credentials/Email' is present

2021-01-08 00:54:29 - [MESSAGE][PASSED] - Object 'Object Repository/Login Credentials/Email' is visible

2021-01-08 00:54:29 - [MESSAGE][PASSED] - Object 'Object Repository/Login Credentials/Email' is clickable

2021-01-08 00:54:29 - [MESSAGE][PASSED] - Text of object 'Object Repository/Login Credentials/Email' is cleared

2021-01-08 00:54:30 - [MESSAGE][PASSED] - Keys 'naresh.k@qualitlabs.com' sent to object: 'Object Repository/Login Credentials/Email'

2021-01-08 00:54:30 - [MESSAGE][PASSED] - Object 'Object Repository/Login Credentials/Password' is present

2021-01-08 00:54:30 - [MESSAGE][PASSED] - Object 'Object Repository/Login Credentials/Password' is visible

2021-01-08 00:54:31 - [MESSAGE][PASSED] - Object 'Object Repository/Login Credentials/Password' is clickable

2021-01-08 00:54:31 - [MESSAGE][PASSED] - Text of object 'Object Repository/Login Credentials/Password' is cleared

2021-01-08 00:54:31 - [MESSAGE][PASSED] - Keys 'Qualitlabs1?' sent to object: 'Object Repository/Login Credentials/Password'

2021-01-08 00:54:32 - [MESSAGE][PASSED] - Object 'Object Repository/Login Credentials/EnterButton' is present

2021-01-08 00:54:32 - [MESSAGE][PASSED] - Object 'Object Repository/Login Credentials/EnterButton' is visible

2021-01-08 00:54:32 - [MESSAGE][PASSED] - Object 'Object Repository/Login Credentials/EnterButton' is clickable

2021-01-08 00:54:33 - [MESSAGE][PASSED] - Object: 'Object Repository/Login Credentials/EnterButton' is clicked on

2021-01-08 00:54:33 - [TEST_STEP][PASSED] - productname = pages.Product.addProduct(): pages.Product.addProduct is PASSED

2021-01-08 00:54:34 - [MESSAGE][PASSED] - Object 'Object Repository/Product/productTab' is present

2021-01-08 00:54:35 - [MESSAGE][PASSED] - Object 'Object Repository/Product/productTab' is visible

2021-01-08 00:54:35 - [MESSAGE][PASSED] - Object 'Object Repository/Product/productTab' is clickable

2021-01-08 00:54:36 - [MESSAGE][PASSED] - Object: 'Object Repository/Product/productTab' is clicked on

2021-01-08 00:54:36 - [MESSAGE][PASSED] - Object 'Object Repository/Product/addProductButton' is present

2021-01-08 00:54:37 - [MESSAGE][PASSED] - Object 'Object Repository/Product/addProductButton' is visible

2021-01-08 00:54:37 - [MESSAGE][PASSED] - Object 'Object Repository/Product/addProductButton' is clickable

2021-01-08 00:54:37 - [MESSAGE][PASSED] - Object: 'Object Repository/Product/addProductButton' is clicked on

2021-01-08 00:54:38 - [MESSAGE][PASSED] - Object 'Object Repository/Product/productNameInput' is present

2021-01-08 00:54:38 - [MESSAGE][PASSED] - Object 'Object Repository/Product/productNameInput' is visible

2021-01-08 00:54:38 - [MESSAGE][PASSED] - Object 'Object Repository/Product/productNameInput' is clickable

2021-01-08 00:54:39 - [MESSAGE][PASSED] - Text of object 'Object Repository/Product/productNameInput' is cleared

2021-01-08 00:54:39 - [MESSAGE][PASSED] - Keys 'RandomProduct945' sent to object: 'Object Repository/Product/productNameInput'

2021-01-08 00:54:39 - [MESSAGE][PASSED] - Object 'Object Repository/Product/descriptionFieldInput' is present

2021-01-08 00:54:40 - [MESSAGE][PASSED] - Object 'Object Repository/Product/descriptionFieldInput' is visible

2021-01-08 00:54:40 - [MESSAGE][PASSED] - Object 'Object Repository/Product/descriptionFieldInput' is clickable

2021-01-08 00:54:40 - [MESSAGE][PASSED] - Text of object 'Object Repository/Product/descriptionFieldInput' is cleared

2021-01-08 00:54:41 - [MESSAGE][PASSED] - Keys 'Sample text' sent to object: 'Object Repository/Product/descriptionFieldInput'

2021-01-08 00:54:41 - [MESSAGE][PASSED] - Object 'Object Repository/Product/addproductButtonInAddProductPopUp' is present

2021-01-08 00:54:41 - [MESSAGE][PASSED] - Object 'Object Repository/Product/addproductButtonInAddProductPopUp' is visible

2021-01-08 00:54:41 - [MESSAGE][PASSED] - Object 'Object Repository/Product/addproductButtonInAddProductPopUp' is clickable

2021-01-08 00:54:42 - [MESSAGE][PASSED] - Object: 'Object Repository/Product/addproductButtonInAddProductPopUp' is clicked on

2021-01-08 00:54:42 - [MESSAGE][PASSED] - pages.Product.addProduct is PASSED

2021-01-08 00:54:42 - [TEST_STEP][FAILED] - pages.Product.openAnyExistingProduct(productname): Unable to scroll to object 'Object Repository/Product/productName(Name)'

2021-01-08 00:54:42 - [MESSAGE][PASSED] - Object 'Object Repository/Product/Filter by name' is present

2021-01-08 00:54:43 - [MESSAGE][PASSED] - Object 'Object Repository/Product/Filter by name' is visible

2021-01-08 00:54:43 - [MESSAGE][PASSED] - Object 'Object Repository/Product/Filter by name' is clickable

2021-01-08 00:54:43 - [MESSAGE][PASSED] - Text of object 'Object Repository/Product/Filter by name' is cleared

2021-01-08 00:54:44 - [MESSAGE][PASSED] - Keys 'RandomProduct945' sent to object: 'Object Repository/Product/Filter by name'

2021-01-08 00:54:44 - [MESSAGE][PASSED] - Wait for page load successfully

2021-01-08 00:55:15 - [MESSAGE][INFO] - Unable to find the element located by 'By.xpath: //div[text()='RandomProduct945']'. Please recheck the objects properties to make sure the desired element is located. 

2021-01-08 00:55:15 - [MESSAGE][FAILED] - Unable to scroll to object 'Object Repository/Product/productName(Name)' (Root cause: com.kms.katalon.core.exception.StepFailedException: Unable to scroll to object 'Object Repository/Product/productName(Name)'
	at com.kms.katalon.core.webui.keyword.internal.WebUIKeywordMain.stepFailed(WebUIKeywordMain.groovy:64)
	at com.kms.katalon.core.webui.keyword.internal.WebUIKeywordMain.runKeyword(WebUIKeywordMain.groovy:26)
	at com.kms.katalon.core.webui.keyword.builtin.ScrollToElementKeyword.scrollToElement(ScrollToElementKeyword.groovy:88)
	at com.kms.katalon.core.webui.keyword.builtin.ScrollToElementKeyword.execute(ScrollToElementKeyword.groovy:68)
	at com.kms.katalon.core.keyword.internal.KeywordExecutor.executeKeywordForPlatform(KeywordExecutor.groovy:73)
	at com.kms.katalon.core.webui.keyword.WebUiBuiltInKeywords.scrollToElement(WebUiBuiltInKeywords.groovy:3432)
	at com.kms.katalon.core.webui.keyword.WebUiBuiltInKeywords$scrollToElement$9.call(Unknown Source)
	at pages.Product.openAnyExistingProduct(Product.groovy:107)
	at pages.Product.invokeMethod(Product.groovy)
	at com.kms.katalon.core.main.CustomKeywordDelegatingMetaClass.invokeStaticMethod(CustomKeywordDelegatingMetaClass.java:50)
	at verifySaveChangesDeleteAndCloseButtonInProductDetailspage.run(verifySaveChangesDeleteAndCloseButtonInProductDetailspage:23)
	at com.kms.katalon.core.main.ScriptEngine.run(ScriptEngine.java:194)
	at com.kms.katalon.core.main.ScriptEngine.runScriptAsRawText(ScriptEngine.java:119)
	at com.kms.katalon.core.main.TestCaseExecutor.runScript(TestCaseExecutor.java:339)
	at com.kms.katalon.core.main.TestCaseExecutor.doExecute(TestCaseExecutor.java:330)
	at com.kms.katalon.core.main.TestCaseExecutor.processExecutionPhase(TestCaseExecutor.java:309)
	at com.kms.katalon.core.main.TestCaseExecutor.accessMainPhase(TestCaseExecutor.java:301)
	at com.kms.katalon.core.main.TestCaseExecutor.execute(TestCaseExecutor.java:235)
	at com.kms.katalon.core.main.TestSuiteExecutor.accessTestCaseMainPhase(TestSuiteExecutor.java:191)
	at com.kms.katalon.core.main.TestSuiteExecutor.accessTestSuiteMainPhase(TestSuiteExecutor.java:141)
	at com.kms.katalon.core.main.TestSuiteExecutor.execute(TestSuiteExecutor.java:90)
	at com.kms.katalon.core.main.TestCaseMain.startTestSuite(TestCaseMain.java:157)
	at com.kms.katalon.core.main.TestCaseMain$startTestSuite$0.call(Unknown Source)
	at TempTestSuite1610085250832.run(TempTestSuite1610085250832.groovy:39)
Caused by: com.kms.katalon.core.webui.exception.WebElementNotFoundException: Web element with id: 'Object Repository/Product/productName(Name)' located by '//div[text()='RandomProduct945']' not found
	at com.kms.katalon.core.webui.common.WebUiCommonHelper.findWebElement(WebUiCommonHelper.java:1368)
	at com.kms.katalon.core.webui.keyword.internal.WebUIAbstractKeyword.findWebElement(WebUIAbstractKeyword.groovy:27)
	at com.kms.katalon.core.webui.keyword.internal.WebUIAbstractKeyword.findWebElement(WebUIAbstractKeyword.groovy:26)
	at com.kms.katalon.core.webui.keyword.builtin.ScrollToElementKeyword$_scrollToElement_closure1.doCall(ScrollToElementKeyword.groovy:79)
	at com.kms.katalon.core.webui.keyword.builtin.ScrollToElementKeyword$_scrollToElement_closure1.call(ScrollToElementKeyword.groovy)
	at com.kms.katalon.core.webui.keyword.internal.WebUIKeywordMain.runKeyword(WebUIKeywordMain.groovy:20)
	at com.kms.katalon.core.webui.keyword.builtin.ScrollToElementKeyword.scrollToElement(ScrollToElementKeyword.groovy:88)
	at com.kms.katalon.core.webui.keyword.builtin.ScrollToElementKeyword.execute(ScrollToElementKeyword.groovy:68)
	at com.kms.katalon.core.keyword.internal.KeywordExecutor.executeKeywordForPlatform(KeywordExecutor.groovy:73)
	at com.kms.katalon.core.webui.keyword.WebUiBuiltInKeywords.scrollToElement(WebUiBuiltInKeywords.groovy:3432)
	at com.kms.katalon.core.webui.keyword.WebUiBuiltInKeywords$scrollToElement$9.call(Unknown Source)
	at pages.Product.openAnyExistingProduct(Product.groovy:107)
	at pages.Product.invokeMethod(Product.groovy)
	at com.kms.katalon.core.main.CustomKeywordDelegatingMetaClass.invokeStaticMethod(CustomKeywordDelegatingMetaClass.java:50)
	at Script1609752409374.run(Script1609752409374.groovy:23)
	... 13 more
)
[[ATTACHMENT|E:\\Modist Project\\ModistProject\\Reports\\20210108_005409\\Product\\20210108_005410\\1610085315288.png]]

2021-01-08 00:55:15 - [MESSAGE][FAILED] - Unable to scroll to object 'Object Repository/Product/productName(Name)']]></system-out>
         <system-err><![CDATA[2021-01-08 00:54:13 - [TEST_CASE][FAILED] - Test Cases/Admin/Product/verifySaveChangesDeleteAndCloseButtonInProductDetailspage: Test Cases/Admin/Product/verifySaveChangesDeleteAndCloseButtonInProductDetailspage FAILED.
Reason:
com.kms.katalon.core.exception.StepFailedException: Unable to scroll to object 'Object Repository/Product/productName(Name)'
	at com.kms.katalon.core.webui.keyword.internal.WebUIKeywordMain.stepFailed(WebUIKeywordMain.groovy:64)
	at com.kms.katalon.core.webui.keyword.internal.WebUIKeywordMain.runKeyword(WebUIKeywordMain.groovy:26)
	at com.kms.katalon.core.webui.keyword.builtin.ScrollToElementKeyword.scrollToElement(ScrollToElementKeyword.groovy:88)
	at com.kms.katalon.core.webui.keyword.builtin.ScrollToElementKeyword.execute(ScrollToElementKeyword.groovy:68)
	at com.kms.katalon.core.keyword.internal.KeywordExecutor.executeKeywordForPlatform(KeywordExecutor.groovy:73)
	at com.kms.katalon.core.webui.keyword.WebUiBuiltInKeywords.scrollToElement(WebUiBuiltInKeywords.groovy:3432)
	at com.kms.katalon.core.webui.keyword.WebUiBuiltInKeywords$scrollToElement$9.call(Unknown Source)
	at pages.Product.openAnyExistingProduct(Product.groovy:107)
	at pages.Product.invokeMethod(Product.groovy)
	at com.kms.katalon.core.main.CustomKeywordDelegatingMetaClass.invokeStaticMethod(CustomKeywordDelegatingMetaClass.java:50)
	at verifySaveChangesDeleteAndCloseButtonInProductDetailspage.run(verifySaveChangesDeleteAndCloseButtonInProductDetailspage:23)
	at com.kms.katalon.core.main.ScriptEngine.run(ScriptEngine.java:194)
	at com.kms.katalon.core.main.ScriptEngine.runScriptAsRawText(ScriptEngine.java:119)
	at com.kms.katalon.core.main.TestCaseExecutor.runScript(TestCaseExecutor.java:339)
	at com.kms.katalon.core.main.TestCaseExecutor.doExecute(TestCaseExecutor.java:330)
	at com.kms.katalon.core.main.TestCaseExecutor.processExecutionPhase(TestCaseExecutor.java:309)
	at com.kms.katalon.core.main.TestCaseExecutor.accessMainPhase(TestCaseExecutor.java:301)
	at com.kms.katalon.core.main.TestCaseExecutor.execute(TestCaseExecutor.java:235)
	at com.kms.katalon.core.main.TestSuiteExecutor.accessTestCaseMainPhase(TestSuiteExecutor.java:191)
	at com.kms.katalon.core.main.TestSuiteExecutor.accessTestSuiteMainPhase(TestSuiteExecutor.java:141)
	at com.kms.katalon.core.main.TestSuiteExecutor.execute(TestSuiteExecutor.java:90)
	at com.kms.katalon.core.main.TestCaseMain.startTestSuite(TestCaseMain.java:157)
	at com.kms.katalon.core.main.TestCaseMain$startTestSuite$0.call(Unknown Source)
	at TempTestSuite1610085250832.run(TempTestSuite1610085250832.groovy:39)
Caused by: com.kms.katalon.core.webui.exception.WebElementNotFoundException: Web element with id: 'Object Repository/Product/productName(Name)' located by '//div[text()='RandomProduct945']' not found
	at com.kms.katalon.core.webui.common.WebUiCommonHelper.findWebElement(WebUiCommonHelper.java:1368)
	at com.kms.katalon.core.webui.keyword.internal.WebUIAbstractKeyword.findWebElement(WebUIAbstractKeyword.groovy:27)
	at com.kms.katalon.core.webui.keyword.internal.WebUIAbstractKeyword.findWebElement(WebUIAbstractKeyword.groovy:26)
	at com.kms.katalon.core.webui.keyword.builtin.ScrollToElementKeyword$_scrollToElement_closure1.doCall(ScrollToElementKeyword.groovy:79)
	at com.kms.katalon.core.webui.keyword.builtin.ScrollToElementKeyword$_scrollToElement_closure1.call(ScrollToElementKeyword.groovy)
	at com.kms.katalon.core.webui.keyword.internal.WebUIKeywordMain.runKeyword(WebUIKeywordMain.groovy:20)
	... 22 more]]></system-err>
      </testcase>
      <system-out><![CDATA[2021-01-08 00:54:13 - [TEST_SUITE][FAILED] - Product: Test Cases/Admin/Product/verifySaveChangesDeleteAndCloseButtonInProductDetailspage FAILED.
Reason:
com.kms.katalon.core.exception.StepFailedException: Unable to scroll to object 'Object Repository/Product/productName(Name)'
	at com.kms.katalon.core.webui.keyword.internal.WebUIKeywordMain.stepFailed(WebUIKeywordMain.groovy:64)
	at com.kms.katalon.core.webui.keyword.internal.WebUIKeywordMain.runKeyword(WebUIKeywordMain.groovy:26)
	at com.kms.katalon.core.webui.keyword.builtin.ScrollToElementKeyword.scrollToElement(ScrollToElementKeyword.groovy:88)
	at com.kms.katalon.core.webui.keyword.builtin.ScrollToElementKeyword.execute(ScrollToElementKeyword.groovy:68)
	at com.kms.katalon.core.keyword.internal.KeywordExecutor.executeKeywordForPlatform(KeywordExecutor.groovy:73)
	at com.kms.katalon.core.webui.keyword.WebUiBuiltInKeywords.scrollToElement(WebUiBuiltInKeywords.groovy:3432)
	at com.kms.katalon.core.webui.keyword.WebUiBuiltInKeywords$scrollToElement$9.call(Unknown Source)
	at pages.Product.openAnyExistingProduct(Product.groovy:107)
	at pages.Product.invokeMethod(Product.groovy)
	at com.kms.katalon.core.main.CustomKeywordDelegatingMetaClass.invokeStaticMethod(CustomKeywordDelegatingMetaClass.java:50)
	at verifySaveChangesDeleteAndCloseButtonInProductDetailspage.run(verifySaveChangesDeleteAndCloseButtonInProductDetailspage:23)
	at com.kms.katalon.core.main.ScriptEngine.run(ScriptEngine.java:194)
	at com.kms.katalon.core.main.ScriptEngine.runScriptAsRawText(ScriptEngine.java:119)
	at com.kms.katalon.core.main.TestCaseExecutor.runScript(TestCaseExecutor.java:339)
	at com.kms.katalon.core.main.TestCaseExecutor.doExecute(TestCaseExecutor.java:330)
	at com.kms.katalon.core.main.TestCaseExecutor.processExecutionPhase(TestCaseExecutor.java:309)
	at com.kms.katalon.core.main.TestCaseExecutor.accessMainPhase(TestCaseExecutor.java:301)
	at com.kms.katalon.core.main.TestCaseExecutor.execute(TestCaseExecutor.java:235)
	at com.kms.katalon.core.main.TestSuiteExecutor.accessTestCaseMainPhase(TestSuiteExecutor.java:191)
	at com.kms.katalon.core.main.TestSuiteExecutor.accessTestSuiteMainPhase(TestSuiteExecutor.java:141)
	at com.kms.katalon.core.main.TestSuiteExecutor.execute(TestSuiteExecutor.java:90)
	at com.kms.katalon.core.main.TestCaseMain.startTestSuite(TestCaseMain.java:157)
	at com.kms.katalon.core.main.TestCaseMain$startTestSuite$0.call(Unknown Source)
	at TempTestSuite1610085250832.run(TempTestSuite1610085250832.groovy:39)
Caused by: com.kms.katalon.core.webui.exception.WebElementNotFoundException: Web element with id: 'Object Repository/Product/productName(Name)' located by '//div[text()='RandomProduct945']' not found
	at com.kms.katalon.core.webui.common.WebUiCommonHelper.findWebElement(WebUiCommonHelper.java:1368)
	at com.kms.katalon.core.webui.keyword.internal.WebUIAbstractKeyword.findWebElement(WebUIAbstractKeyword.groovy:27)
	at com.kms.katalon.core.webui.keyword.internal.WebUIAbstractKeyword.findWebElement(WebUIAbstractKeyword.groovy:26)
	at com.kms.katalon.core.webui.keyword.builtin.ScrollToElementKeyword$_scrollToElement_closure1.doCall(ScrollToElementKeyword.groovy:79)
	at com.kms.katalon.core.webui.keyword.builtin.ScrollToElementKeyword$_scrollToElement_closure1.call(ScrollToElementKeyword.groovy)
	at com.kms.katalon.core.webui.keyword.internal.WebUIKeywordMain.runKeyword(WebUIKeywordMain.groovy:20)
	... 22 more]]></system-out>
      <system-err><![CDATA[2021-01-08 00:54:13 - [TEST_SUITE][FAILED] - Product: Test Cases/Admin/Product/verifySaveChangesDeleteAndCloseButtonInProductDetailspage FAILED.
Reason:
com.kms.katalon.core.exception.StepFailedException: Unable to scroll to object 'Object Repository/Product/productName(Name)'
	at com.kms.katalon.core.webui.keyword.internal.WebUIKeywordMain.stepFailed(WebUIKeywordMain.groovy:64)
	at com.kms.katalon.core.webui.keyword.internal.WebUIKeywordMain.runKeyword(WebUIKeywordMain.groovy:26)
	at com.kms.katalon.core.webui.keyword.builtin.ScrollToElementKeyword.scrollToElement(ScrollToElementKeyword.groovy:88)
	at com.kms.katalon.core.webui.keyword.builtin.ScrollToElementKeyword.execute(ScrollToElementKeyword.groovy:68)
	at com.kms.katalon.core.keyword.internal.KeywordExecutor.executeKeywordForPlatform(KeywordExecutor.groovy:73)
	at com.kms.katalon.core.webui.keyword.WebUiBuiltInKeywords.scrollToElement(WebUiBuiltInKeywords.groovy:3432)
	at com.kms.katalon.core.webui.keyword.WebUiBuiltInKeywords$scrollToElement$9.call(Unknown Source)
	at pages.Product.openAnyExistingProduct(Product.groovy:107)
	at pages.Product.invokeMethod(Product.groovy)
	at com.kms.katalon.core.main.CustomKeywordDelegatingMetaClass.invokeStaticMethod(CustomKeywordDelegatingMetaClass.java:50)
	at verifySaveChangesDeleteAndCloseButtonInProductDetailspage.run(verifySaveChangesDeleteAndCloseButtonInProductDetailspage:23)
	at com.kms.katalon.core.main.ScriptEngine.run(ScriptEngine.java:194)
	at com.kms.katalon.core.main.ScriptEngine.runScriptAsRawText(ScriptEngine.java:119)
	at com.kms.katalon.core.main.TestCaseExecutor.runScript(TestCaseExecutor.java:339)
	at com.kms.katalon.core.main.TestCaseExecutor.doExecute(TestCaseExecutor.java:330)
	at com.kms.katalon.core.main.TestCaseExecutor.processExecutionPhase(TestCaseExecutor.java:309)
	at com.kms.katalon.core.main.TestCaseExecutor.accessMainPhase(TestCaseExecutor.java:301)
	at com.kms.katalon.core.main.TestCaseExecutor.execute(TestCaseExecutor.java:235)
	at com.kms.katalon.core.main.TestSuiteExecutor.accessTestCaseMainPhase(TestSuiteExecutor.java:191)
	at com.kms.katalon.core.main.TestSuiteExecutor.accessTestSuiteMainPhase(TestSuiteExecutor.java:141)
	at com.kms.katalon.core.main.TestSuiteExecutor.execute(TestSuiteExecutor.java:90)
	at com.kms.katalon.core.main.TestCaseMain.startTestSuite(TestCaseMain.java:157)
	at com.kms.katalon.core.main.TestCaseMain$startTestSuite$0.call(Unknown Source)
	at TempTestSuite1610085250832.run(TempTestSuite1610085250832.groovy:39)
Caused by: com.kms.katalon.core.webui.exception.WebElementNotFoundException: Web element with id: 'Object Repository/Product/productName(Name)' located by '//div[text()='RandomProduct945']' not found
	at com.kms.katalon.core.webui.common.WebUiCommonHelper.findWebElement(WebUiCommonHelper.java:1368)
	at com.kms.katalon.core.webui.keyword.internal.WebUIAbstractKeyword.findWebElement(WebUIAbstractKeyword.groovy:27)
	at com.kms.katalon.core.webui.keyword.internal.WebUIAbstractKeyword.findWebElement(WebUIAbstractKeyword.groovy:26)
	at com.kms.katalon.core.webui.keyword.builtin.ScrollToElementKeyword$_scrollToElement_closure1.doCall(ScrollToElementKeyword.groovy:79)
	at com.kms.katalon.core.webui.keyword.builtin.ScrollToElementKeyword$_scrollToElement_closure1.call(ScrollToElementKeyword.groovy)
	at com.kms.katalon.core.webui.keyword.internal.WebUIKeywordMain.runKeyword(WebUIKeywordMain.groovy:20)
	... 22 more]]></system-err>
   </testsuite>
</testsuites>
